256 0 0.0 -4.0 
512 0 0.0 -9.0 
768 0 0.0 -26.0 
1024 1 0.0 -38.0 
1280 1 0.0 -41.0 
1536 1 0.0 -45.0 
1792 1 0.0 -57.0 
2048 2 0.0 -63.0 
2304 2 0.0 -70.0 
2560 2 0.0 -74.0 
2816 3 0.0 -82.0 
3072 3 0.0 -90.0 
3328 3 0.0 -93.0 
3584 3 0.0 -99.0 
3840 4 0.0 -110.0 
4096 4 0.0 -123.0 
4352 4 0.0 -134.0 
4608 4 0.0 -148.0 
4864 5 0.0 -160.0 
5120 5 0.0 -167.0 
5376 5 0.0 -177.0 
5632 5 0.0 -185.0 
5888 6 0.0 -196.0 
6144 6 0.0 -200.0 
6400 6 0.0 -216.0 
6656 7 0.0 -232.0 
6912 7 0.0 -239.0 
7168 7 0.0 -253.0 
7424 7 0.0 -256.0 
7680 8 0.0 -260.0 
7936 8 0.0 -272.0 
8192 8 0.0 -281.0 
8448 9 0.0 -284.0 
8704 9 0.0 -285.0 
8960 9 0.0 -289.0 
9216 9 0.0 -291.0 
9472 9 0.0 -291.0 
9728 9 0.0 -287.0 
9984 10 0.0 -286.0 
10240 10 0.0 -289.0 
10496 10 0.0 -290.0 
10752 10 0.0 -292.0 
11008 10 0.0 -298.0 
11264 11 0.0 -296.0 
11520 11 0.0 -293.0 
11776 11 0.0 -295.0 
12032 11 0.0 -290.0 
12288 11 0.0 -289.0 
12544 12 0.0 -287.0 
12800 12 0.0 -283.0 
13056 12 0.0 -282.0 
13312 12 0.0 -280.0 
13568 12 0.0 -285.0 
13824 12 0.0 -284.0 
14080 13 0.0 -284.0 
14336 13 0.0 -287.0 
14592 13 0.0 -286.0 
14848 13 0.0 -288.0 
15104 13 0.0 -291.0 
15360 14 0.0 -294.0 
15616 14 0.0 -295.0 
15872 14 0.0 -298.0 
16128 14 0.0 -304.0 
16384 14 0.0 -308.0 
16640 14 0.0 -309.0 
16896 15 0.0 -313.0 
17152 15 0.0 -313.0 
17408 15 0.0 -306.0 
17664 15 0.0 -307.0 
17920 15 0.0 -306.0 
18176 15 0.0 -302.0 
18432 15 0.0 -301.0 
18688 16 0.0 -292.0 
18944 16 0.0 -285.0 
19200 16 0.0 -284.0 
19456 16 0.0 -279.0 
19712 16 0.0 -273.0 
19968 16 0.0 -274.0 
20224 17 0.0 -274.0 
20480 17 0.0 -273.0 
20736 17 0.0 -274.0 
20992 17 0.0 -275.0 
21248 17 0.0 -272.0 
21504 17 0.0 -269.0 
21760 17 0.0 -269.0 
22016 17 0.0 -261.0 
22272 18 0.0 -262.0 
22528 18 0.0 -259.0 
22784 18 0.0 -265.0 
23040 18 0.0 -263.0 
23296 18 0.0 -257.0 
23552 19 0.0 -256.0 
23808 19 0.0 -250.0 
24064 19 0.0 -250.0 
24320 19 0.0 -252.0 
24576 19 0.0 -250.0 
24832 19 0.0 -249.0 
25088 20 0.0 -249.0 
25344 20 0.0 -251.0 
25600 20 0.0 -243.0 
25856 20 0.0 -238.0 
26112 20 0.0 -235.0 
26368 21 0.0 -233.0 
26624 21 0.0 -231.0 
26880 21 0.0 -232.0 
27136 21 0.0 -231.0 
27392 21 0.0 -225.0 
27648 21 0.0 -226.0 
27904 21 0.0 -220.0 
28160 22 0.0 -220.0 
28416 22 0.0 -212.0 
28672 22 0.0 -213.0 
28928 22 0.0 -216.0 
29184 22 0.0 -214.0 
29440 23 0.0 -212.0 
29696 23 0.0 -216.0 
29952 23 0.0 -214.0 
30208 23 0.0 -212.0 
30464 23 0.0 -213.0 
30720 23 0.0 -213.0 
30976 24 0.0 -212.0 
31232 24 0.0 -210.0 
31488 24 0.0 -206.0 
31744 24 0.0 -209.0 
32000 24 0.0 -209.0 
32256 24 0.0 -209.0 
32512 25 0.0 -211.0 
32768 25 0.0 -206.0 
33024 25 0.0 -205.0 
33280 25 0.0 -202.0 
33536 25 0.0 -206.0 
33792 26 0.0 -206.0 
34048 26 0.0 -208.0 
34304 26 0.0 -211.0 
34560 26 0.0 -208.0 
34816 26 0.0 -202.0 
35072 27 0.0 -202.0 
35328 27 0.0 -200.0 
35584 27 0.0 -199.0 
35840 27 0.0 -201.0 
36096 27 0.0 -199.0 
36352 28 0.0 -198.0 
36608 28 0.0 -202.0 
36864 28 0.0 -200.0 
37120 28 0.0 -197.0 
37376 28 0.0 -195.0 
37632 28 0.0 -196.0 
37888 29 0.0 -194.0 
38144 29 0.0 -193.0 
38400 29 0.0 -189.0 
38656 29 0.0 -192.0 
38912 29 0.0 -195.0 
39168 30 0.0 -198.0 
39424 30 0.0 -198.0 
39680 30 0.0 -198.0 
39936 30 0.0 -193.0 
40192 30 0.0 -195.0 
40448 30 0.0 -192.0 
40704 31 0.0 -187.0 
40960 31 0.0 -187.0 
41216 31 0.0 -182.0 
41472 31 0.0 -184.0 
41728 31 0.0 -179.0 
41984 31 0.0 -180.0 
42240 31 0.0 -176.0 
42496 32 0.0 -173.0 
42752 32 0.0 -174.0 
43008 32 0.0 -172.0 
43264 32 0.0 -169.0 
43520 32 0.0 -166.0 
43776 32 0.0 -165.0 
44032 33 0.0 -164.0 
44288 33 0.0 -155.0 
44544 33 0.0 -148.0 
44800 33 0.0 -145.0 
45056 33 0.0 -137.0 
45312 33 0.0 -137.0 
45568 34 0.0 -137.0 
45824 34 0.0 -133.0 
46080 34 0.0 -131.0 
46336 34 0.0 -134.0 
46592 34 0.0 -135.0 
46848 34 0.0 -130.0 
47104 34 0.0 -133.0 
47360 35 0.0 -135.0 
47616 35 0.0 -133.0 
47872 35 0.0 -135.0 
48128 35 0.0 -134.0 
48384 35 0.0 -134.0 
48640 35 0.0 -130.0 
48896 36 0.0 -126.0 
49152 36 0.0 -123.0 
49408 36 0.0 -122.0 
49664 36 0.0 -121.0 
49920 36 0.0 -117.0 
50176 36 0.0 -109.0 
50432 37 0.0 -104.0 
50688 37 0.0 -102.0 
50944 37 0.0 -104.0 
51200 37 0.0 -104.0 
51456 37 0.0 -108.0 
51712 37 0.0 -105.0 
51968 38 0.0 -104.0 
52224 38 0.0 -102.0 
52480 38 0.0 -103.0 
52736 38 0.0 -98.0 
52992 38 0.0 -101.0 
53248 39 0.0 -100.0 
53504 39 0.0 -102.0 
53760 39 0.0 -109.0 
54016 39 0.0 -112.0 
54272 39 0.0 -120.0 
54528 40 0.0 -121.0 
54784 40 0.0 -116.0 
55040 40 0.0 -115.0 
55296 40 0.0 -116.0 
55552 40 0.0 -111.0 
55808 41 0.0 -108.0 
56064 41 0.0 -108.0 
56320 41 0.0 -104.0 
56576 41 0.0 -101.0 
56832 41 0.0 -106.0 
57088 41 0.0 -105.0 
57344 42 0.0 -101.0 
57600 42 0.0 -98.0 
57856 42 0.0 -98.0 
58112 42 0.0 -96.0 
58368 42 0.0 -94.0 
58624 43 0.0 -92.0 
58880 43 0.0 -95.0 
59136 43 0.0 -97.0 
59392 43 0.0 -99.0 
59648 43 0.0 -96.0 
59904 43 0.0 -93.0 
60160 43 0.0 -96.0 
60416 44 0.0 -95.0 
60672 44 0.0 -96.0 
60928 44 0.0 -95.0 
61184 44 0.0 -96.0 
61440 44 0.0 -89.0 
61696 44 0.0 -87.0 
61952 44 0.0 -82.0 
62208 45 0.0 -83.0 
62464 45 0.0 -82.0 
62720 45 0.0 -78.0 
62976 45 0.0 -74.0 
63232 45 0.0 -71.0 
63488 45 0.0 -72.0 
63744 45 0.0 -69.0 
64000 46 0.0 -69.0 
64256 46 0.0 -68.0 
64512 46 0.0 -71.0 
64768 46 0.0 -63.0 
65024 46 0.0 -66.0 
65280 46 0.0 -66.0 
65536 46 0.0 -66.0 
65792 47 0.0 -60.0 
66048 47 0.0 -58.0 
66304 47 0.0 -57.0 
66560 47 0.0 -63.0 
66816 47 0.0 -68.0 
67072 47 0.0 -67.0 
67328 48 0.0 -69.0 
67584 48 0.0 -68.0 
67840 48 0.0 -71.0 
68096 48 0.0 -76.0 
68352 48 0.0 -79.0 
68608 48 0.0 -74.0 
68864 49 0.0 -66.0 
69120 49 0.0 -64.0 
69376 49 0.0 -61.0 
69632 49 0.0 -60.0 
69888 49 0.0 -59.0 
70144 50 0.0 -62.0 
70400 50 0.0 -63.0 
70656 50 0.0 -67.0 
70912 50 0.0 -63.0 
71168 50 0.0 -68.0 
71424 51 0.0 -66.0 
71680 51 0.0 -65.0 
71936 51 0.0 -58.0 
72192 51 0.0 -57.0 
72448 52 0.0 -55.0 
72704 52 0.0 -56.0 
72960 52 0.0 -63.0 
73216 52 0.0 -69.0 
73472 52 0.0 -68.0 
73728 52 0.0 -66.0 
73984 53 0.0 -58.0 
74240 53 0.0 -55.0 
74496 53 0.0 -53.0 
74752 53 0.0 -49.0 
75008 53 0.0 -49.0 
75264 54 0.0 -49.0 
75520 54 0.0 -51.0 
75776 54 0.0 -44.0 
76032 54 0.0 -45.0 
76288 54 0.0 -39.0 
76544 54 0.0 -32.0 
76800 55 0.0 -32.0 
77056 55 0.0 -30.0 
77312 55 0.0 -31.0 
77568 55 0.0 -34.0 
77824 55 0.0 -32.0 
78080 55 0.0 -32.0 
78336 56 0.0 -34.0 
78592 56 0.0 -39.0 
78848 56 0.0 -43.0 
79104 56 0.0 -42.0 
79360 56 0.0 -42.0 
79616 56 0.0 -34.0 
79872 56 0.0 -31.0 
80128 57 0.0 -32.0 
80384 57 0.0 -31.0 
80640 57 0.0 -25.0 
80896 57 0.0 -22.0 
81152 57 0.0 -14.0 
81408 57 0.0 -17.0 
81664 58 0.0 -14.0 
81920 58 0.0 -15.0 
82176 58 0.0 -7.0 
82432 58 0.0 -2.0 
82688 58 0.0 -1.0 
82944 58 0.0 -5.0 
83200 59 0.0 -3.0 
83456 59 0.0 -1.0 
83712 59 0.0 5.0 
83968 59 0.0 2.0 
84224 59 0.0 5.0 
84480 59 0.0 5.0 
84736 60 0.0 9.0 
84992 60 0.0 10.0 
85248 60 0.0 4.0 
85504 60 0.0 11.0 
85760 60 0.0 17.0 
86016 61 0.0 14.0 
86272 61 0.0 22.0 
86528 61 0.0 23.0 
86784 61 0.0 29.0 
87040 61 0.0 27.0 
87296 61 0.0 36.0 
87552 62 0.0 36.0 
87808 62 0.0 33.0 
88064 62 0.0 40.0 
88320 62 0.0 46.0 
88576 62 0.0 41.0 
88832 62 0.0 41.0 
89088 63 0.0 45.0 
89344 63 0.0 40.0 
89600 63 0.0 36.0 
89856 63 0.0 36.0 
90112 63 0.0 34.0 
90368 63 0.0 34.0 
90624 64 0.0 38.0 
90880 64 0.0 41.0 
91136 64 0.0 43.0 
91392 64 0.0 46.0 
91648 64 0.0 46.0 
91904 64 0.0 49.0 
92160 65 0.0 52.0 
92416 65 0.0 55.0 
92672 65 0.0 59.0 
92928 65 0.0 63.0 
93184 65 0.0 67.0 
93440 65 0.0 62.0 
93696 65 0.0 65.0 
93952 65 0.0 61.0 
94208 66 0.0 64.0 
94464 66 0.0 60.0 
94720 66 0.0 60.0 
94976 66 0.0 61.0 
95232 66 0.0 63.0 
95488 66 0.0 62.0 
95744 67 0.0 62.0 
96000 67 0.0 67.0 
96256 67 0.0 70.0 
96512 67 0.0 77.0 
96768 67 0.0 78.0 
97024 68 0.0 82.0 
97280 68 0.0 84.0 
97536 68 0.0 83.0 
97792 68 0.0 85.0 
98048 68 0.0 86.0 
98304 68 0.0 87.0 
98560 68 0.0 86.0 
98816 69 0.0 88.0 
99072 69 0.0 93.0 
99328 69 0.0 98.0 
99584 69 0.0 96.0 
99840 69 0.0 95.0 
100096 69 0.0 91.0 
100352 70 0.0 93.0 
100608 70 0.0 99.0 
100864 70 0.0 103.0 
101120 70 0.0 101.0 
101376 70 0.0 105.0 
101632 71 0.0 104.0 
101888 71 0.0 105.0 
102144 71 0.0 105.0 
102400 71 0.0 106.0 
102656 71 0.0 107.0 
102912 72 0.0 110.0 
103168 72 0.0 113.0 
103424 72 0.0 117.0 
103680 72 0.0 125.0 
103936 72 0.0 131.0 
104192 73 0.0 132.0 
104448 73 0.0 142.0 
104704 73 0.0 144.0 
104960 73 0.0 147.0 
105216 73 0.0 145.0 
105472 73 0.0 153.0 
105728 74 0.0 157.0 
105984 74 0.0 157.0 
106240 74 0.0 155.0 
106496 74 0.0 161.0 
106752 74 0.0 166.0 
107008 74 0.0 169.0 
107264 74 0.0 170.0 
107520 75 0.0 166.0 
107776 75 0.0 166.0 
108032 75 0.0 162.0 
108288 75 0.0 161.0 
108544 75 0.0 159.0 
108800 75 0.0 164.0 
109056 76 0.0 162.0 
109312 76 0.0 166.0 
109568 76 0.0 167.0 
109824 76 0.0 165.0 
110080 76 0.0 169.0 
110336 76 0.0 174.0 
110592 76 0.0 177.0 
110848 77 0.0 176.0 
111104 77 0.0 175.0 
111360 77 0.0 175.0 
111616 77 0.0 178.0 
111872 77 0.0 187.0 
112128 77 0.0 188.0 
112384 78 0.0 191.0 
112640 78 0.0 193.0 
112896 78 0.0 190.0 
113152 78 0.0 189.0 
113408 78 0.0 190.0 
113664 78 0.0 195.0 
113920 79 0.0 200.0 
114176 79 0.0 204.0 
114432 79 0.0 206.0 
114688 79 0.0 217.0 
114944 79 0.0 220.0 
115200 79 0.0 221.0 
115456 80 0.0 229.0 
115712 80 0.0 230.0 
115968 80 0.0 231.0 
116224 80 0.0 229.0 
116480 80 0.0 230.0 
116736 81 0.0 234.0 
116992 81 0.0 237.0 
117248 81 0.0 238.0 
117504 81 0.0 239.0 
117760 81 0.0 237.0 
118016 82 0.0 241.0 
118272 82 0.0 234.0 
118528 82 0.0 242.0 
118784 82 0.0 241.0 
119040 82 0.0 245.0 
119296 83 0.0 248.0 
119552 83 0.0 247.0 
119808 83 0.0 246.0 
120064 83 0.0 240.0 
120320 83 0.0 242.0 
120576 84 0.0 243.0 
120832 84 0.0 242.0 
121088 84 0.0 245.0 
121344 84 0.0 244.0 
121600 84 0.0 244.0 
121856 85 0.0 240.0 
122112 85 0.0 243.0 
122368 85 0.0 243.0 
122624 85 0.0 249.0 
122880 85 0.0 247.0 
123136 86 0.0 247.0 
123392 86 0.0 248.0 
123648 86 0.0 252.0 
123904 86 0.0 256.0 
124160 86 0.0 257.0 
124416 86 0.0 258.0 
124672 86 0.0 259.0 
124928 87 0.0 257.0 
125184 87 0.0 261.0 
125440 87 0.0 267.0 
125696 87 0.0 267.0 
125952 87 0.0 272.0 
126208 87 0.0 274.0 
126464 87 0.0 275.0 
126720 88 0.0 276.0 
126976 88 0.0 277.0 
127232 88 0.0 277.0 
127488 88 0.0 276.0 
127744 88 0.0 279.0 
128000 88 0.0 281.0 
128256 88 0.0 278.0 
128512 89 0.0 281.0 
128768 89 0.0 283.0 
129024 89 0.0 283.0 
129280 89 0.0 292.0 
129536 89 0.0 295.0 
129792 89 0.0 299.0 
130048 89 0.0 297.0 
130304 90 0.0 293.0 
130560 90 0.0 299.0 
130816 90 0.0 301.0 
131072 90 0.0 309.0 
131328 90 0.0 309.0 
131584 91 0.0 310.0 
131840 91 0.0 314.0 
132096 91 0.0 320.0 
132352 91 0.0 319.0 
132608 91 0.0 314.0 
132864 91 0.0 315.0 
133120 92 0.0 309.0 
133376 92 0.0 310.0 
133632 92 0.0 314.0 
133888 92 0.0 311.0 
134144 92 0.0 311.0 
134400 92 0.0 311.0 
134656 93 0.0 316.0 
134912 93 0.0 318.0 
135168 93 0.0 320.0 
135424 93 0.0 323.0 
135680 93 0.0 323.0 
135936 94 0.0 323.0 
136192 94 0.0 324.0 
136448 94 0.0 328.0 
136704 94 0.0 337.0 
136960 94 0.0 337.0 
137216 94 0.0 343.0 
137472 95 0.0 346.0 
137728 95 0.0 351.0 
137984 95 0.0 352.0 
138240 95 0.0 356.0 
138496 95 0.0 359.0 
138752 95 0.0 363.0 
139008 96 0.0 363.0 
139264 96 0.0 366.0 
139520 96 0.0 368.0 
139776 96 0.0 369.0 
140032 96 0.0 371.0 
140288 96 0.0 374.0 
140544 97 0.0 377.0 
140800 97 0.0 381.0 
141056 97 0.0 383.0 
141312 97 0.0 383.0 
141568 97 0.0 388.0 
141824 97 0.0 389.0 
142080 98 0.0 389.0 
142336 98 0.0 395.0 
142592 98 0.0 392.0 
142848 98 0.0 391.0 
