256 0 0.1 -57.0 
512 0 0.1 -133.0 
768 0 0.1 -243.0 
1024 1 0.1 -316.0 
1280 1 0.1 -406.0 
1536 1 0.1 -504.0 
1792 1 0.1 -616.0 
2048 2 0.1 -723.0 
2304 2 0.1 -824.0 
2560 2 0.1 -906.0 
2816 2 0.1 -990.0 
3072 2 0.1 -1073.0 
3328 2 0.1 -1189.0 
3584 3 0.1 -1287.0 
3840 3 0.1 -1380.0 
4096 3 0.1 -1442.0 
4352 3 0.1 -1538.0 
4608 3 0.1 -1647.0 
4864 3 0.1 -1741.0 
5120 4 0.1 -1804.0 
5376 4 0.1 -1939.0 
5632 4 0.1 -2054.0 
5888 4 0.1 -2141.0 
6144 4 0.1 -2277.0 
6400 4 0.1 -2375.0 
6656 4 0.1 -2432.0 
6912 4 0.1 -2510.0 
7168 5 0.1 -2604.0 
7424 5 0.1 -2706.0 
7680 5 0.1 -2796.0 
7936 5 0.1 -2922.0 
8192 5 0.1 -3028.0 
8448 5 0.1 -3032.0 
8704 5 0.1 -3071.0 
8960 5 0.1 -3123.0 
9216 6 0.1 -3164.0 
9472 6 0.1 -3182.0 
9728 6 0.1 -3219.0 
9984 6 0.1 -3254.0 
10240 7 0.1 -3310.0 
10496 7 0.1 -3326.0 
10752 7 0.1 -3364.0 
11008 8 0.1 -3369.0 
11264 8 0.1 -3362.0 
11520 8 0.1 -3397.0 
11776 8 0.1 -3438.0 
12032 8 0.1 -3477.0 
12288 9 0.1 -3523.0 
12544 9 0.1 -3535.0 
12800 9 0.1 -3596.0 
13056 9 0.1 -3619.0 
13312 10 0.1 -3661.0 
13568 10 0.1 -3696.0 
13824 10 0.1 -3742.0 
14080 10 0.1 -3828.0 
14336 10 0.1 -3853.0 
14592 10 0.1 -3879.0 
14848 11 0.1 -3894.0 
15104 11 0.1 -3910.0 
15360 11 0.1 -3944.0 
15616 11 0.1 -3961.0 
15872 12 0.1 -3993.0 
16128 12 0.1 -4029.0 
16384 12 0.1 -4070.0 
16640 12 0.1 -4095.0 
16896 12 0.1 -4096.0 
17152 13 0.1 -4101.0 
17408 13 0.1 -4143.0 
17664 13 0.1 -4161.0 
17920 13 0.1 -4194.0 
18176 13 0.1 -4214.0 
18432 13 0.1 -4232.0 
18688 14 0.1 -4231.0 
18944 14 0.1 -4234.0 
19200 14 0.1 -4217.0 
19456 14 0.1 -4251.0 
19712 15 0.1 -4263.0 
19968 15 0.1 -4264.0 
20224 16 0.1 -4280.0 
20480 16 0.1 -4251.0 
20736 17 0.1 -4239.0 
20992 17 0.1 -4191.0 
21248 18 0.1 -4201.0 
21504 18 0.1 -4217.0 
21760 18 0.1 -4253.0 
22016 18 0.1 -4246.0 
22272 19 0.1 -4250.0 
22528 19 0.1 -4266.0 
22784 19 0.1 -4261.0 
23040 19 0.1 -4282.0 
23296 19 0.1 -4300.0 
23552 20 0.1 -4331.0 
23808 20 0.1 -4366.0 
24064 20 0.1 -4374.0 
24320 20 0.1 -4387.0 
24576 21 0.1 -4368.0 
24832 21 0.1 -4341.0 
25088 21 0.1 -4352.0 
25344 22 0.1 -4334.0 
25600 22 0.1 -4331.0 
25856 22 0.1 -4348.0 
26112 22 0.1 -4340.0 
26368 23 0.1 -4330.0 
26624 23 0.1 -4340.0 
26880 23 0.1 -4346.0 
27136 23 0.1 -4323.0 
27392 24 0.1 -4324.0 
27648 24 0.1 -4352.0 
27904 24 0.1 -4376.0 
28160 24 0.1 -4366.0 
28416 24 0.1 -4368.0 
28672 25 0.1 -4368.0 
28928 25 0.1 -4386.0 
29184 25 0.1 -4413.0 
29440 25 0.1 -4411.0 
29696 26 0.1 -4386.0 
29952 26 0.1 -4392.0 
30208 27 0.1 -4386.0 
30464 27 0.1 -4418.0 
30720 27 0.1 -4442.0 
30976 27 0.1 -4446.0 
31232 28 0.1 -4421.0 
31488 28 0.1 -4410.0 
31744 29 0.1 -4390.0 
32000 29 0.1 -4399.0 
32256 29 0.1 -4409.0 
32512 29 0.1 -4402.0 
32768 29 0.1 -4431.0 
33024 29 0.1 -4447.0 
33280 30 0.1 -4442.0 
33536 30 0.1 -4439.0 
33792 30 0.1 -4448.0 
34048 31 0.1 -4412.0 
34304 31 0.1 -4434.0 
34560 31 0.1 -4458.0 
34816 31 0.1 -4470.0 
35072 32 0.1 -4449.0 
35328 32 0.1 -4428.0 
35584 32 0.1 -4447.0 
35840 33 0.1 -4458.0 
36096 33 0.1 -4473.0 
36352 33 0.1 -4459.0 
36608 33 0.1 -4514.0 
36864 33 0.1 -4516.0 
37120 34 0.1 -4505.0 
37376 34 0.1 -4526.0 
37632 34 0.1 -4533.0 
37888 34 0.1 -4545.0 
38144 35 0.1 -4508.0 
38400 35 0.1 -4493.0 
38656 36 0.1 -4460.0 
38912 36 0.1 -4477.0 
39168 36 0.1 -4485.0 
39424 36 0.1 -4484.0 
39680 37 0.1 -4471.0 
39936 37 0.1 -4451.0 
40192 38 0.1 -4432.0 
40448 38 0.1 -4460.0 
40704 38 0.1 -4434.0 
40960 39 0.1 -4418.0 
41216 39 0.1 -4422.0 
41472 39 0.1 -4454.0 
41728 40 0.1 -4433.0 
41984 40 0.1 -4446.0 
42240 40 0.1 -4418.0 
42496 40 0.1 -4429.0 
42752 40 0.1 -4447.0 
43008 41 0.1 -4417.0 
43264 41 0.1 -4418.0 
43520 41 0.1 -4429.0 
43776 41 0.1 -4421.0 
44032 41 0.1 -4442.0 
44288 42 0.1 -4442.0 
44544 42 0.1 -4408.0 
44800 42 0.1 -4408.0 
45056 42 0.1 -4419.0 
45312 43 0.1 -4409.0 
45568 43 0.1 -4438.0 
45824 43 0.1 -4439.0 
46080 43 0.1 -4450.0 
46336 44 0.1 -4381.0 
46592 44 0.1 -4373.0 
46848 45 0.1 -4353.0 
47104 45 0.1 -4354.0 
47360 45 0.1 -4384.0 
47616 45 0.1 -4400.0 
47872 45 0.1 -4381.0 
48128 46 0.1 -4362.0 
48384 46 0.1 -4372.0 
48640 46 0.1 -4387.0 
48896 46 0.1 -4406.0 
49152 46 0.1 -4408.0 
49408 47 0.1 -4398.0 
49664 47 0.1 -4377.0 
49920 47 0.1 -4348.0 
50176 49 0.1 -4327.0 
50432 49 0.1 -4317.0 
50688 49 0.1 -4285.0 
50944 50 0.1 -4284.0 
51200 50 0.1 -4255.0 
51456 50 0.1 -4256.0 
51712 50 0.1 -4257.0 
51968 51 0.1 -4258.0 
52224 51 0.1 -4238.0 
52480 51 0.1 -4229.0 
52736 51 0.1 -4231.0 
52992 52 0.1 -4171.0 
53248 52 0.1 -4193.0 
53504 52 0.1 -4197.0 
53760 53 0.1 -4160.0 
54016 53 0.1 -4151.0 
54272 53 0.1 -4141.0 
54528 54 0.1 -4121.0 
54784 54 0.1 -4123.0 
55040 54 0.1 -4123.0 
55296 55 0.1 -4103.0 
55552 55 0.1 -4085.0 
55808 55 0.1 -4086.0 
56064 56 0.1 -4045.0 
56320 56 0.1 -4046.0 
56576 56 0.1 -4047.0 
56832 56 0.1 -4059.0 
57088 56 0.1 -4070.0 
57344 56 0.1 -4060.0 
57600 57 0.1 -4041.0 
57856 57 0.1 -4010.0 
58112 58 0.1 -4000.0 
58368 58 0.1 -4001.0 
58624 58 0.1 -4013.0 
58880 58 0.1 -3972.0 
59136 59 0.1 -3963.0 
59392 59 0.1 -3966.0 
59648 59 0.1 -3967.0 
59904 59 0.1 -3968.0 
60160 60 0.1 -3978.0 
60416 60 0.1 -3949.0 
60672 61 0.1 -3919.0 
60928 61 0.1 -3909.0 
61184 61 0.1 -3921.0 
61440 61 0.1 -3892.0 
61696 61 0.1 -3903.0 
61952 62 0.1 -3914.0 
62208 62 0.1 -3914.0 
62464 62 0.1 -3894.0 
62720 62 0.1 -3895.0 
62976 62 0.1 -3907.0 
63232 63 0.1 -3897.0 
63488 63 0.1 -3887.0 
63744 63 0.1 -3888.0 
64000 63 0.1 -3899.0 
64256 63 0.1 -3909.0 
64512 63 0.1 -3909.0 
64768 64 0.1 -3909.0 
65024 64 0.1 -3911.0 
65280 64 0.1 -3902.0 
65536 64 0.1 -3892.0 
65792 65 0.1 -3873.0 
66048 65 0.1 -3863.0 
66304 65 0.1 -3875.0 
66560 65 0.1 -3856.0 
66816 66 0.1 -3826.0 
67072 66 0.1 -3815.0 
67328 66 0.1 -3816.0 
67584 67 0.1 -3796.0 
67840 67 0.1 -3798.0 
68096 67 0.1 -3811.0 
68352 67 0.1 -3812.0 
68608 68 0.1 -3784.0 
68864 68 0.1 -3765.0 
69120 68 0.1 -3766.0 
69376 69 0.1 -3726.0 
69632 69 0.1 -3737.0 
69888 69 0.1 -3697.0 
70144 71 0.1 -3687.0 
70400 71 0.1 -3698.0 
70656 71 0.1 -3709.0 
70912 71 0.1 -3699.0 
71168 71 0.1 -3680.0 
71424 72 0.1 -3648.0 
71680 72 0.1 -3627.0 
71936 73 0.1 -3617.0 
72192 73 0.1 -3567.0 
72448 73 0.1 -3569.0 
72704 74 0.1 -3549.0 
72960 74 0.1 -3531.0 
73216 74 0.1 -3532.0 
73472 75 0.1 -3513.0 
73728 75 0.1 -3524.0 
73984 75 0.1 -3534.0 
74240 75 0.1 -3535.0 
74496 75 0.1 -3527.0 
74752 76 0.1 -3517.0 
75008 76 0.1 -3528.0 
75264 76 0.1 -3517.0 
75520 76 0.1 -3497.0 
75776 76 0.1 -3509.0 
76032 77 0.1 -3499.0 
76288 77 0.1 -3490.0 
76544 77 0.1 -3480.0 
76800 77 0.1 -3502.0 
77056 77 0.1 -3502.0 
77312 78 0.1 -3503.0 
77568 78 0.1 -3492.0 
77824 78 0.1 -3481.0 
78080 78 0.1 -3463.0 
78336 79 0.1 -3434.0 
78592 79 0.1 -3425.0 
78848 79 0.1 -3426.0 
79104 80 0.1 -3429.0 
79360 80 0.1 -3430.0 
79616 80 0.1 -3431.0 
79872 80 0.1 -3443.0 
80128 81 0.1 -3411.0 
80384 81 0.1 -3422.0 
80640 81 0.1 -3423.0 
80896 82 0.1 -3374.0 
81152 82 0.1 -3395.0 
81408 82 0.1 -3396.0 
81664 82 0.1 -3408.0 
81920 82 0.1 -3409.0 
82176 82 0.1 -3410.0 
82432 83 0.1 -3403.0 
