256 0 0.9748211359851373 -67.0 
512 0 0.9501812195386368 -156.0 
768 0 0.9261641101488141 -261.0 
1024 0 0.9027540655289342 -345.0 
1280 0 0.879935741299749 -430.0 
1536 0 0.8576941809318521 -532.0 
1792 0 0.8360148059422513 -611.0 
2048 0 0.8148834063387363 -701.0 
2304 0 0.7942861313057783 -800.0 
2560 0 0.774209480125857 -858.0 
2816 0 0.7546402933302592 -946.0 
3072 1 0.7355657440735593 -989.0 
3328 1 0.7169733297261175 -1074.0 
3584 1 0.698850863679084 -1160.0 
3840 1 0.681186467356558 -1228.0 
4096 1 0.6639685624296294 -1292.0 
4352 1 0.6471858632272408 -1373.0 
4608 1 0.6308273693388612 -1438.0 
4864 1 0.614882358404145 -1531.0 
5120 1 0.5993403790848365 -1588.0 
5376 2 0.5841912442143246 -1627.0 
5632 2 0.5694250241203463 -1670.0 
5888 2 0.555032040116474 -1749.0 
6144 2 0.5410028581581039 -1813.0 
6400 2 0.5273282826588132 -1856.0 
6656 2 0.5139993504630012 -1918.0 
6912 3 0.5010073249708941 -1990.0 
7168 3 0.488343690412035 -2066.0 
7424 3 0.4760001462635304 -2127.0 
7680 3 0.4639686018093753 -2181.0 
7936 3 0.45224117083730303 -2264.0 
8192 3 0.4408101664696786 -2298.0 
8448 3 0.4296680961250465 -2348.0 
8704 4 0.41880765660703356 -2416.0 
8960 4 0.40822172931738404 -2480.0 
9216 4 0.39790337558999866 -2490.0 
9472 4 0.3878458321429026 -2548.0 
9728 4 0.3780425066451772 -2614.0 
9984 4 0.36848697339594194 -2643.0 
10240 5 0.359172969112557 -2661.0 
10496 5 0.3500943888252807 -2698.0 
10752 5 0.34124528187570075 -2769.0 
11008 6 0.3326198480163063 -2798.0 
11264 6 0.32421243360864993 -2846.0 
11520 6 0.3160175279176066 -2888.0 
11776 6 0.3080297594993003 -2953.0 
12032 6 0.30024389268032914 -2959.0 
12288 6 0.29265482412598426 -3001.0 
12544 7 0.2852575794952118 -3049.0 
12800 7 0.27804731018012324 -3104.0 
13056 7 0.2710192901279226 -3170.0 
13312 7 0.26416891274315896 -3186.0 
13568 7 0.25749168786828364 -3213.0 
13824 7 0.2509832388405229 -3253.0 
14080 8 0.24463929962314745 -3267.0 
14336 8 0.23845571200924848 -3319.0 
14592 8 0.2324284228961939 -3368.0 
14848 8 0.22655348162897737 -3415.0 
15104 8 0.2208270374107154 -3410.0 
15360 9 0.2152453367785995 -3472.0 
15616 9 0.2098047211436465 -3504.0 
15872 9 0.20450162439263425 -3556.0 
16128 9 0.19933257055065345 -3595.0 
16384 9 0.1942941715027392 -3623.0 
16640 10 0.18938312477309321 -3637.0 
16896 10 0.18459621136043883 -3688.0 
17152 10 0.17993029362808985 -3716.0 
17408 10 0.17538231324735026 -3765.0 
17664 10 0.17094928919289995 -3814.0 
17920 10 0.16662831578884582 -3829.0 
18176 10 0.16241656080416433 -3835.0 
18432 11 0.15831126359628403 -3837.0 
18688 11 0.15430973330159029 -3860.0 
18944 11 0.1504093470716686 -3857.0 
19200 11 0.14660754835412898 -3904.0 
19456 12 0.14290184521688493 -3931.0 
19712 12 0.13928980871478727 -3972.0 
19968 12 0.1357690712975452 -3988.0 
20224 13 0.1323373252578883 -3998.0 
20480 13 0.12899232121895507 -4014.0 
20736 13 0.12573186665991146 -4018.0 
20992 13 0.12255382447883799 -4049.0 
21248 14 0.11945611159194407 -4057.0 
21504 14 0.11643669756818598 -4083.0 
21760 14 0.11349360329839761 -4121.0 
22016 14 0.110624899698061 -4150.0 
22272 14 0.10782870644286648 -4166.0 
22528 14 0.10510319073623232 -4169.0 
22784 15 0.1024465661079776 -4170.0 
23040 15 0.0999969960769904 -4210.0 
23296 15 0.0999969960769904 -4214.0 
23552 15 0.0999969960769904 -4218.0 
23808 16 0.0999969960769904 -4241.0 
24064 16 0.0999969960769904 -4267.0 
24320 16 0.0999969960769904 -4290.0 
24576 16 0.0999969960769904 -4315.0 
24832 16 0.0999969960769904 -4349.0 
25088 16 0.0999969960769904 -4381.0 
25344 16 0.0999969960769904 -4413.0 
25600 16 0.0999969960769904 -4412.0 
25856 17 0.0999969960769904 -4400.0 
26112 17 0.0999969960769904 -4428.0 
26368 17 0.0999969960769904 -4429.0 
26624 17 0.0999969960769904 -4438.0 
26880 17 0.0999969960769904 -4445.0 
27136 18 0.0999969960769904 -4435.0 
27392 18 0.0999969960769904 -4445.0 
27648 18 0.0999969960769904 -4469.0 
27904 18 0.0999969960769904 -4468.0 
28160 19 0.0999969960769904 -4471.0 
28416 19 0.0999969960769904 -4496.0 
28672 19 0.0999969960769904 -4532.0 
28928 19 0.0999969960769904 -4552.0 
29184 19 0.0999969960769904 -4545.0 
29440 19 0.0999969960769904 -4561.0 
29696 19 0.0999969960769904 -4584.0 
29952 20 0.0999969960769904 -4614.0 
30208 21 0.0999969960769904 -4636.0 
30464 21 0.0999969960769904 -4608.0 
30720 21 0.0999969960769904 -4629.0 
30976 22 0.0999969960769904 -4639.0 
31232 22 0.0999969960769904 -4631.0 
31488 22 0.0999969960769904 -4655.0 
31744 22 0.0999969960769904 -4661.0 
32000 22 0.0999969960769904 -4695.0 
32256 23 0.0999969960769904 -4709.0 
32512 23 0.0999969960769904 -4702.0 
32768 23 0.0999969960769904 -4671.0 
33024 24 0.0999969960769904 -4693.0 
33280 24 0.0999969960769904 -4733.0 
33536 24 0.0999969960769904 -4761.0 
33792 24 0.0999969960769904 -4772.0 
34048 25 0.0999969960769904 -4742.0 
34304 25 0.0999969960769904 -4765.0 
34560 25 0.0999969960769904 -4783.0 
34816 25 0.0999969960769904 -4798.0 
35072 25 0.0999969960769904 -4834.0 
35328 25 0.0999969960769904 -4881.0 
35584 25 0.0999969960769904 -4915.0 
35840 25 0.0999969960769904 -4956.0 
36096 25 0.0999969960769904 -4970.0 
36352 26 0.0999969960769904 -4999.0 
36608 26 0.0999969960769904 -5034.0 
36864 26 0.0999969960769904 -5050.0 
37120 26 0.0999969960769904 -5052.0 
37376 26 0.0999969960769904 -5048.0 
37632 26 0.0999969960769904 -5071.0 
37888 27 0.0999969960769904 -5078.0 
38144 27 0.0999969960769904 -5125.0 
38400 27 0.0999969960769904 -5136.0 
38656 27 0.0999969960769904 -5155.0 
38912 27 0.0999969960769904 -5188.0 
39168 27 0.0999969960769904 -5216.0 
39424 28 0.0999969960769904 -5235.0 
39680 28 0.0999969960769904 -5277.0 
39936 28 0.0999969960769904 -5292.0 
40192 29 0.0999969960769904 -5301.0 
40448 29 0.0999969960769904 -5304.0 
40704 30 0.0999969960769904 -5277.0 
40960 30 0.0999969960769904 -5299.0 
41216 30 0.0999969960769904 -5317.0 
41472 31 0.0999969960769904 -5303.0 
41728 31 0.0999969960769904 -5319.0 
41984 31 0.0999969960769904 -5333.0 
42240 31 0.0999969960769904 -5345.0 
42496 31 0.0999969960769904 -5364.0 
42752 32 0.0999969960769904 -5364.0 
43008 32 0.0999969960769904 -5336.0 
43264 32 0.0999969960769904 -5330.0 
43520 32 0.0999969960769904 -5368.0 
43776 33 0.0999969960769904 -5385.0 
44032 33 0.0999969960769904 -5404.0 
44288 33 0.0999969960769904 -5399.0 
44544 33 0.0999969960769904 -5416.0 
44800 34 0.0999969960769904 -5430.0 
45056 34 0.0999969960769904 -5457.0 
45312 34 0.0999969960769904 -5508.0 
45568 34 0.0999969960769904 -5519.0 
45824 34 0.0999969960769904 -5515.0 
46080 35 0.0999969960769904 -5528.0 
46336 35 0.0999969960769904 -5515.0 
46592 35 0.0999969960769904 -5517.0 
46848 36 0.0999969960769904 -5524.0 
47104 36 0.0999969960769904 -5541.0 
47360 36 0.0999969960769904 -5534.0 
47616 37 0.0999969960769904 -5551.0 
47872 37 0.0999969960769904 -5528.0 
48128 38 0.0999969960769904 -5521.0 
48384 38 0.0999969960769904 -5543.0 
48640 38 0.0999969960769904 -5577.0 
48896 38 0.0999969960769904 -5609.0 
49152 38 0.0999969960769904 -5625.0 
49408 39 0.0999969960769904 -5647.0 
49664 39 0.0999969960769904 -5670.0 
49920 39 0.0999969960769904 -5663.0 
50176 40 0.0999969960769904 -5674.0 
50432 40 0.0999969960769904 -5684.0 
50688 40 0.0999969960769904 -5677.0 
50944 40 0.0999969960769904 -5703.0 
51200 41 0.0999969960769904 -5726.0 
51456 41 0.0999969960769904 -5763.0 
51712 41 0.0999969960769904 -5777.0 
51968 41 0.0999969960769904 -5767.0 
52224 41 0.0999969960769904 -5794.0 
52480 42 0.0999969960769904 -5776.0 
52736 42 0.0999969960769904 -5749.0 
52992 43 0.0999969960769904 -5743.0 
53248 43 0.0999969960769904 -5743.0 
53504 43 0.0999969960769904 -5760.0 
53760 43 0.0999969960769904 -5781.0 
54016 44 0.0999969960769904 -5767.0 
54272 44 0.0999969960769904 -5758.0 
54528 45 0.0999969960769904 -5760.0 
54784 45 0.0999969960769904 -5765.0 
55040 45 0.0999969960769904 -5803.0 
55296 46 0.0999969960769904 -5770.0 
55552 46 0.0999969960769904 -5755.0 
55808 47 0.0999969960769904 -5750.0 
56064 47 0.0999969960769904 -5732.0 
56320 47 0.0999969960769904 -5760.0 
56576 47 0.0999969960769904 -5758.0 
56832 47 0.0999969960769904 -5798.0 
57088 47 0.0999969960769904 -5825.0 
57344 48 0.0999969960769904 -5829.0 
57600 48 0.0999969960769904 -5825.0 
57856 49 0.0999969960769904 -5806.0 
58112 49 0.0999969960769904 -5809.0 
58368 49 0.0999969960769904 -5793.0 
58624 49 0.0999969960769904 -5806.0 
58880 50 0.0999969960769904 -5775.0 
59136 50 0.0999969960769904 -5775.0 
59392 51 0.0999969960769904 -5790.0 
59648 51 0.0999969960769904 -5779.0 
59904 51 0.0999969960769904 -5784.0 
60160 52 0.0999969960769904 -5729.0 
60416 52 0.0999969960769904 -5746.0 
60672 53 0.0999969960769904 -5746.0 
60928 53 0.0999969960769904 -5763.0 
61184 53 0.0999969960769904 -5778.0 
61440 53 0.0999969960769904 -5796.0 
61696 53 0.0999969960769904 -5797.0 
61952 54 0.0999969960769904 -5786.0 
62208 54 0.0999969960769904 -5789.0 
62464 54 0.0999969960769904 -5809.0 
62720 55 0.0999969960769904 -5807.0 
62976 55 0.0999969960769904 -5827.0 
63232 55 0.0999969960769904 -5818.0 
63488 55 0.0999969960769904 -5814.0 
63744 56 0.0999969960769904 -5817.0 
64000 56 0.0999969960769904 -5818.0 
64256 56 0.0999969960769904 -5830.0 
64512 56 0.0999969960769904 -5844.0 
64768 57 0.0999969960769904 -5857.0 
65024 57 0.0999969960769904 -5844.0 
65280 57 0.0999969960769904 -5820.0 
65536 57 0.0999969960769904 -5845.0 
65792 58 0.0999969960769904 -5860.0 
66048 58 0.0999969960769904 -5857.0 
66304 59 0.0999969960769904 -5805.0 
66560 59 0.0999969960769904 -5826.0 
66816 59 0.0999969960769904 -5853.0 
67072 60 0.0999969960769904 -5815.0 
67328 60 0.0999969960769904 -5791.0 
67584 61 0.0999969960769904 -5792.0 
67840 61 0.0999969960769904 -5784.0 
68096 62 0.0999969960769904 -5763.0 
68352 63 0.0999969960769904 -5687.0 
68608 63 0.0999969960769904 -5674.0 
68864 63 0.0999969960769904 -5668.0 
69120 64 0.0999969960769904 -5627.0 
69376 64 0.0999969960769904 -5620.0 
69632 65 0.0999969960769904 -5597.0 
69888 65 0.0999969960769904 -5589.0 
70144 67 0.0999969960769904 -5559.0 
70400 67 0.0999969960769904 -5561.0 
70656 67 0.0999969960769904 -5546.0 
70912 68 0.0999969960769904 -5522.0 
71168 68 0.0999969960769904 -5543.0 
71424 69 0.0999969960769904 -5501.0 
71680 69 0.0999969960769904 -5499.0 
71936 70 0.0999969960769904 -5493.0 
72192 70 0.0999969960769904 -5472.0 
72448 71 0.0999969960769904 -5459.0 
72704 71 0.0999969960769904 -5442.0 
72960 71 0.0999969960769904 -5425.0 
73216 72 0.0999969960769904 -5408.0 
73472 72 0.0999969960769904 -5411.0 
73728 73 0.0999969960769904 -5412.0 
73984 73 0.0999969960769904 -5390.0 
74240 73 0.0999969960769904 -5406.0 
74496 74 0.0999969960769904 -5393.0 
74752 74 0.0999969960769904 -5403.0 
75008 74 0.0999969960769904 -5437.0 
75264 74 0.0999969960769904 -5439.0 
75520 75 0.0999969960769904 -5388.0 
75776 76 0.0999969960769904 -5348.0 
76032 76 0.0999969960769904 -5346.0 
76288 77 0.0999969960769904 -5355.0 
76544 77 0.0999969960769904 -5322.0 
76800 77 0.0999969960769904 -5346.0 
77056 78 0.0999969960769904 -5336.0 
77312 78 0.0999969960769904 -5309.0 
77568 79 0.0999969960769904 -5310.0 
77824 79 0.0999969960769904 -5320.0 
78080 80 0.0999969960769904 -5255.0 
78336 81 0.0999969960769904 -5210.0 
78592 81 0.0999969960769904 -5204.0 
78848 81 0.0999969960769904 -5212.0 
79104 81 0.0999969960769904 -5218.0 
79360 81 0.0999969960769904 -5247.0 
79616 82 0.0999969960769904 -5255.0 
79872 82 0.0999969960769904 -5229.0 
80128 84 0.0999969960769904 -5236.0 
80384 84 0.0999969960769904 -5262.0 
80640 84 0.0999969960769904 -5287.0 
80896 84 0.0999969960769904 -5288.0 
81152 85 0.0999969960769904 -5309.0 
81408 85 0.0999969960769904 -5265.0 
81664 86 0.0999969960769904 -5281.0 
81920 86 0.0999969960769904 -5304.0 
82176 86 0.0999969960769904 -5311.0 
82432 86 0.0999969960769904 -5317.0 
82688 87 0.0999969960769904 -5302.0 
82944 87 0.0999969960769904 -5325.0 
83200 87 0.0999969960769904 -5322.0 
83456 88 0.0999969960769904 -5333.0 
83712 88 0.0999969960769904 -5329.0 
83968 88 0.0999969960769904 -5347.0 
84224 88 0.0999969960769904 -5358.0 
84480 89 0.0999969960769904 -5329.0 
84736 89 0.0999969960769904 -5298.0 
84992 90 0.0999969960769904 -5267.0 
85248 90 0.0999969960769904 -5271.0 
85504 91 0.0999969960769904 -5244.0 
85760 91 0.0999969960769904 -5232.0 
86016 91 0.0999969960769904 -5241.0 
86272 92 0.0999969960769904 -5265.0 
86528 92 0.0999969960769904 -5259.0 
86784 93 0.0999969960769904 -5224.0 
87040 93 0.0999969960769904 -5229.0 
87296 93 0.0999969960769904 -5232.0 
87552 94 0.0999969960769904 -5195.0 
87808 94 0.0999969960769904 -5192.0 
88064 95 0.0999969960769904 -5208.0 
88320 95 0.0999969960769904 -5169.0 
88576 96 0.0999969960769904 -5186.0 
88832 96 0.0999969960769904 -5203.0 
89088 96 0.0999969960769904 -5199.0 
89344 96 0.0999969960769904 -5185.0 
89600 97 0.0999969960769904 -5152.0 
89856 97 0.0999969960769904 -5192.0 
90112 99 0.0999969960769904 -5157.0 
90368 99 0.0999969960769904 -5166.0 
90624 99 0.0999969960769904 -5165.0 
90880 100 0.0999969960769904 -5191.0 
91136 100 0.0999969960769904 -5183.0 
91392 101 0.0999969960769904 -5188.0 
91648 101 0.0999969960769904 -5194.0 
91904 102 0.0999969960769904 -5160.0 
92160 102 0.0999969960769904 -5146.0 
92416 102 0.0999969960769904 -5156.0 
92672 103 0.0999969960769904 -5183.0 
92928 103 0.0999969960769904 -5182.0 
93184 103 0.0999969960769904 -5220.0 
93440 103 0.0999969960769904 -5198.0 
93696 104 0.0999969960769904 -5206.0 
93952 104 0.0999969960769904 -5223.0 
94208 105 0.0999969960769904 -5229.0 
94464 105 0.0999969960769904 -5264.0 
94720 105 0.0999969960769904 -5238.0 
94976 106 0.0999969960769904 -5221.0 
95232 106 0.0999969960769904 -5216.0 
95488 106 0.0999969960769904 -5250.0 
95744 107 0.0999969960769904 -5263.0 
96000 107 0.0999969960769904 -5288.0 
96256 107 0.0999969960769904 -5278.0 
96512 108 0.0999969960769904 -5308.0 
96768 108 0.0999969960769904 -5320.0 
97024 109 0.0999969960769904 -5287.0 
97280 109 0.0999969960769904 -5315.0 
97536 109 0.0999969960769904 -5350.0 
97792 110 0.0999969960769904 -5358.0 
98048 110 0.0999969960769904 -5385.0 
98304 110 0.0999969960769904 -5362.0 
98560 111 0.0999969960769904 -5341.0 
98816 111 0.0999969960769904 -5326.0 
99072 112 0.0999969960769904 -5297.0 
99328 113 0.0999969960769904 -5280.0 
99584 113 0.0999969960769904 -5298.0 
99840 114 0.0999969960769904 -5273.0 
100096 115 0.0999969960769904 -5287.0 
100352 115 0.0999969960769904 -5288.0 
100608 116 0.0999969960769904 -5221.0 
100864 116 0.0999969960769904 -5244.0 
101120 117 0.0999969960769904 -5205.0 
101376 118 0.0999969960769904 -5126.0 
101632 119 0.0999969960769904 -5082.0 
101888 120 0.0999969960769904 -5067.0 
102144 120 0.0999969960769904 -5040.0 
102400 120 0.0999969960769904 -5065.0 
102656 121 0.0999969960769904 -5053.0 
102912 121 0.0999969960769904 -5062.0 
103168 121 0.0999969960769904 -5065.0 
103424 122 0.0999969960769904 -5056.0 
103680 122 0.0999969960769904 -5058.0 
103936 123 0.0999969960769904 -5028.0 
104192 124 0.0999969960769904 -4963.0 
104448 124 0.0999969960769904 -5008.0 
104704 125 0.0999969960769904 -4997.0 
104960 125 0.0999969960769904 -4971.0 
105216 126 0.0999969960769904 -4943.0 
105472 127 0.0999969960769904 -4873.0 
105728 127 0.0999969960769904 -4856.0 
105984 127 0.0999969960769904 -4887.0 
106240 128 0.0999969960769904 -4873.0 
106496 129 0.0999969960769904 -4810.0 
106752 130 0.0999969960769904 -4765.0 
107008 130 0.0999969960769904 -4755.0 
107264 131 0.0999969960769904 -4700.0 
107520 132 0.0999969960769904 -4674.0 
107776 133 0.0999969960769904 -4632.0 
108032 134 0.0999969960769904 -4571.0 
108288 134 0.0999969960769904 -4567.0 
108544 135 0.0999969960769904 -4532.0 
108800 136 0.0999969960769904 -4494.0 
109056 136 0.0999969960769904 -4476.0 
109312 136 0.0999969960769904 -4478.0 
109568 137 0.0999969960769904 -4512.0 
109824 137 0.0999969960769904 -4503.0 
110080 139 0.0999969960769904 -4493.0 
110336 139 0.0999969960769904 -4477.0 
110592 140 0.0999969960769904 -4430.0 
110848 141 0.0999969960769904 -4409.0 
111104 142 0.0999969960769904 -4369.0 
111360 142 0.0999969960769904 -4375.0 
111616 142 0.0999969960769904 -4389.0 
111872 143 0.0999969960769904 -4370.0 
112128 144 0.0999969960769904 -4353.0 
112384 144 0.0999969960769904 -4356.0 
112640 145 0.0999969960769904 -4290.0 
112896 146 0.0999969960769904 -4226.0 
113152 147 0.0999969960769904 -4217.0 
113408 147 0.0999969960769904 -4237.0 
113664 148 0.0999969960769904 -4196.0 
113920 148 0.0999969960769904 -4185.0 
114176 149 0.0999969960769904 -4129.0 
114432 149 0.0999969960769904 -4152.0 
114688 150 0.0999969960769904 -4132.0 
114944 150 0.0999969960769904 -4142.0 
115200 151 0.0999969960769904 -4094.0 
115456 151 0.0999969960769904 -4098.0 
115712 153 0.0999969960769904 -4011.0 
115968 153 0.0999969960769904 -3960.0 
116224 154 0.0999969960769904 -3923.0 
116480 155 0.0999969960769904 -3878.0 
116736 155 0.0999969960769904 -3898.0 
116992 155 0.0999969960769904 -3881.0 
117248 156 0.0999969960769904 -3818.0 
117504 157 0.0999969960769904 -3824.0 
117760 157 0.0999969960769904 -3790.0 
118016 158 0.0999969960769904 -3773.0 
118272 159 0.0999969960769904 -3740.0 
118528 159 0.0999969960769904 -3707.0 
118784 160 0.0999969960769904 -3691.0 
119040 160 0.0999969960769904 -3695.0 
119296 161 0.0999969960769904 -3668.0 
119552 162 0.0999969960769904 -3592.0 
119808 162 0.0999969960769904 -3557.0 
120064 164 0.0999969960769904 -3485.0 
120320 165 0.0999969960769904 -3462.0 
120576 165 0.0999969960769904 -3457.0 
120832 166 0.0999969960769904 -3426.0 
121088 166 0.0999969960769904 -3446.0 
121344 167 0.0999969960769904 -3394.0 
121600 167 0.0999969960769904 -3377.0 
121856 168 0.0999969960769904 -3326.0 
122112 168 0.0999969960769904 -3312.0 
122368 169 0.0999969960769904 -3271.0 
122624 170 0.0999969960769904 -3246.0 
122880 170 0.0999969960769904 -3285.0 
123136 170 0.0999969960769904 -3286.0 
123392 171 0.0999969960769904 -3254.0 
123648 171 0.0999969960769904 -3241.0 
123904 172 0.0999969960769904 -3228.0 
124160 172 0.0999969960769904 -3205.0 
124416 173 0.0999969960769904 -3115.0 
124672 174 0.0999969960769904 -3081.0 
124928 174 0.0999969960769904 -3079.0 
125184 175 0.0999969960769904 -3092.0 
125440 176 0.0999969960769904 -3045.0 
125696 176 0.0999969960769904 -3038.0 
125952 177 0.0999969960769904 -3007.0 
126208 177 0.0999969960769904 -2991.0 
126464 178 0.0999969960769904 -2962.0 
126720 178 0.0999969960769904 -2948.0 
126976 179 0.0999969960769904 -2856.0 
127232 180 0.0999969960769904 -2864.0 
127488 180 0.0999969960769904 -2829.0 
127744 181 0.0999969960769904 -2804.0 
128000 181 0.0999969960769904 -2818.0 
128256 182 0.0999969960769904 -2752.0 
128512 182 0.0999969960769904 -2733.0 
128768 183 0.0999969960769904 -2679.0 
129024 184 0.0999969960769904 -2693.0 
129280 184 0.0999969960769904 -2682.0 
129536 184 0.0999969960769904 -2675.0 
129792 185 0.0999969960769904 -2627.0 
130048 187 0.0999969960769904 -2585.0 
130304 187 0.0999969960769904 -2565.0 
130560 188 0.0999969960769904 -2550.0 
130816 188 0.0999969960769904 -2536.0 
131072 189 0.0999969960769904 -2503.0 
131328 190 0.0999969960769904 -2446.0 
131584 190 0.0999969960769904 -2442.0 
131840 191 0.0999969960769904 -2389.0 
132096 191 0.0999969960769904 -2372.0 
132352 192 0.0999969960769904 -2346.0 
