256 0 0.9974432612382381 -0.25600000000000017 
512 0 0.9948930593895741 -0.5120000000000003 
768 0 0.992349377740826 -0.7680000000000006 
1024 0 0.9898121996215459 -1.023999999999998 
1280 0 0.9872815084039087 -1.2799999999999698 
1536 0 0.984757287502602 -1.5359999999999416 
1792 0 0.9822395203747165 -1.7919999999999134 
2048 0 0.9797281905196393 -2.0479999999998855 
2304 0 0.9772232814789467 -2.3039999999998573 
2560 0 0.9747247768362947 -2.559999999999829 
2816 0 0.9722326602173077 -2.815999999999801 
3072 0 0.9697469152894795 -3.0719999999997727 
3328 0 0.9672675257620605 -3.3279999999997445 
3584 0 0.9647944753859516 -3.5839999999997163 
3840 0 0.9623277479535984 -3.839999999999688 
4096 0 0.9598673272988865 -4.0959999999997025 
4352 0 0.9574131972970321 -4.351999999999788 
4608 0 0.954965341864481 -4.6079999999998735 
4864 0 0.9525237449587973 -4.863999999999959 
5120 0 0.9500883905785635 -5.1200000000000445 
5376 0 0.9476592627632716 -5.37600000000013 
5632 0 0.9452363455932229 -5.6320000000002155 
5888 0 0.9428196231894186 -5.888000000000301 
6144 0 0.940409079713461 -6.1440000000003865 
6400 0 0.9380046993674448 -6.400000000000472 
6656 0 0.935606466393857 -6.6560000000005575 
6912 0 0.9332143650754732 -6.912000000000643 
7168 0 0.930828379735252 -7.1680000000007285 
7424 0 0.9284484947362348 -7.424000000000814 
7680 0 0.9260746944814436 -7.680000000000899 
7936 0 0.923706963413777 -7.936000000000985 
8192 0 0.9213452860159084 -8.192000000000899 
8448 0 0.9189896468101851 -8.448000000000757 
8704 0 0.9166400303585288 -8.704000000000615 
8960 0 0.9142964212623282 -8.960000000000473 
9216 0 0.9119588041623469 -9.216000000000331 
9472 0 0.9096271637386156 -9.47200000000019 
9728 0 0.9073014847103342 -9.728000000000048 
9984 0 0.9049817518357725 -9.983999999999906 
10240 1 0.9026679499121677 -9.238999999999765 
10496 1 0.9003600637756275 -9.494999999999623 
10752 1 0.8980580783010311 -9.75099999999948 
11008 1 0.8957619784019262 -10.006999999999339 
11264 1 0.8934717490304337 -10.262999999999197 
11520 1 0.8911873751771492 -10.518999999999055 
11776 1 0.8889088418710412 -10.774999999998913 
12032 1 0.8866361341793578 -11.030999999998771 
12288 2 0.8843692372075245 -10.28599999999863 
12544 2 0.8821081360990471 -10.541999999998488 
12800 2 0.8798528160354181 -10.797999999998346 
13056 2 0.8776032622360147 -11.053999999998204 
13312 2 0.8753594599580075 -11.309999999998062 
13568 2 0.8731213944962586 -11.56599999999792 
13824 2 0.8708890511832261 -11.821999999997779 
14080 2 0.8686624153888722 -12.077999999997637 
14336 3 0.8664414725205618 -11.332999999997496 
14592 3 0.8642262080229707 -11.588999999997354 
14848 3 0.8620166073779878 -11.844999999997212 
15104 3 0.8598126561046228 -12.10099999999707 
15360 3 0.8576143397589076 -12.356999999996928 
15616 3 0.8554216439338036 -12.612999999996786 
15872 3 0.8532345542591087 -12.868999999996644 
16128 3 0.8510530564013605 -13.124999999996502 
16384 3 0.8488771360637445 -13.38099999999636 
16640 3 0.8467067789859963 -13.636999999996219 
16896 3 0.8445419709443168 -13.892999999996077 
17152 3 0.8423826977512692 -14.148999999995935 
17408 3 0.8402289452556922 -14.404999999995793 
17664 3 0.8380806993426024 -14.660999999995651 
17920 3 0.835937945933109 -14.91699999999551 
18176 3 0.8338006709843148 -15.172999999995367 
18432 4 0.8316688604892263 -14.427999999995226 
18688 4 0.8295425004766631 -14.683999999995084 
18944 4 0.8274215770111664 -14.939999999994942 
19200 4 0.8253060761929046 -15.1959999999948 
19456 4 0.8231959841575859 -15.451999999994658 
19712 5 0.8210912870763644 -14.706999999994517 
19968 5 0.8189919711557522 -14.962999999994375 
20224 5 0.8168980226375268 -15.218999999994233 
20480 5 0.8148094277986428 -15.474999999994091 
20736 5 0.8127261729511415 -15.73099999999395 
20992 5 0.8106482444420594 -15.986999999993808 
21248 5 0.808575628653341 -16.242999999994097 
21504 5 0.8065083120017471 -16.49899999999441 
21760 5 0.8044462809387699 -16.754999999994723 
22016 5 0.8023895219505389 -17.010999999995036 
22272 5 0.8003380215577374 -17.26699999999535 
22528 5 0.7982917663155104 -17.522999999995662 
22784 5 0.7962507428133759 -17.778999999995975 
23040 5 0.7942149376751437 -18.034999999996288 
23296 5 0.7921843375588203 -18.2909999999966 
23552 6 0.7901589291565247 -17.545999999996912 
23808 6 0.788138699194398 -17.801999999997225 
24064 6 0.7861236344325235 -18.057999999997538 
24320 6 0.7841137216648335 -18.31399999999785 
24576 6 0.7821089477190238 -18.569999999998164 
24832 6 0.7801092994564705 -18.825999999998476 
25088 7 0.7781147637721403 -18.080999999998788 
25344 7 0.7761253275945055 -18.3369999999991 
25600 7 0.7741409778854593 -18.592999999999414 
25856 7 0.7721617016402318 -18.848999999999727 
26112 7 0.7701874858873 -19.10500000000004 
26368 7 0.7682183176883087 -19.361000000000352 
26624 7 0.7662541841379796 -19.617000000000665 
26880 7 0.764295072364032 -19.873000000000978 
27136 7 0.7623409695270958 -20.12900000000129 
27392 7 0.7603918628206271 -20.385000000001604 
27648 8 0.7584477394708254 -19.640000000001915 
27904 8 0.7565085867365502 -19.89600000000223 
28160 8 0.7545743919092357 -20.15200000000254 
28416 8 0.7526451423128095 -20.408000000002854 
28672 8 0.7507208253036065 -20.664000000003167 
28928 8 0.7488014282702914 -20.92000000000348 
29184 8 0.7468869386337705 -21.176000000003793 
29440 8 0.7449773438471129 -21.432000000004106 
29696 8 0.7430726313954654 -21.68800000000442 
29952 8 0.7411727887959726 -21.94400000000473 
30208 8 0.7392778035976948 -22.200000000005044 
30464 8 0.7373876633815256 -22.456000000005357 
30720 9 0.7355023557601142 -21.71100000000567 
30976 9 0.7336218683777755 -21.96700000000598 
31232 9 0.731746188910419 -22.223000000006294 
31488 9 0.7298753050654609 -22.479000000006607 
31744 9 0.7280092045817484 -22.73500000000692 
32000 9 0.7261478752294744 -22.991000000007233 
32256 9 0.7242913048101037 -23.247000000007546 
32512 9 0.722439481156289 -23.50300000000786 
32768 10 0.7205923921317894 -22.75800000000817 
33024 10 0.7187500256313952 -23.014000000008483 
33280 10 0.716912369580847 -23.270000000008796 
33536 10 0.715079411936754 -23.52600000000911 
33792 10 0.7132511406865172 -23.782000000009422 
34048 10 0.711427543848253 -24.038000000009735 
34304 10 0.7096086094707115 -24.294000000010048 
34560 11 0.707794325633199 -23.54900000001036 
34816 11 0.7059846804454981 -23.805000000010672 
35072 11 0.7041796620477939 -24.061000000010985 
35328 11 0.7023792586105928 -24.317000000011298 
35584 11 0.7005834583346456 -24.57300000001161 
35840 11 0.6987922494508726 -24.829000000011924 
36096 11 0.6970056202202826 -25.085000000012236 
36352 11 0.6952235589339004 -25.34100000001255 
36608 11 0.6934460539126848 -25.597000000012862 
36864 11 0.6916730935074551 -25.853000000013175 
37120 12 0.6899046660988167 -25.108000000013487 
37376 12 0.6881407600970818 -25.3640000000138 
37632 12 0.6863813639421935 -25.620000000014112 
37888 12 0.6846264661036517 -25.876000000014425 
38144 12 0.6828760550804364 -26.132000000014738 
38400 12 0.681130119400934 -26.38800000001505 
38656 12 0.6793886476228594 -26.644000000015364 
38912 12 0.6776516283331806 -26.900000000015677 
39168 13 0.6759190501480504 -26.15500000001599 
39424 13 0.6741909017127234 -26.4110000000163 
39680 13 0.6724671717014886 -26.667000000016614 
39936 13 0.6707478488175881 -26.923000000016927 
40192 13 0.6690329217931477 -27.17900000001724 
40448 13 0.6673223793891039 -27.435000000017553 
40704 13 0.665616210395129 -27.691000000017866 
40960 13 0.663914403629555 -27.94700000001818 
41216 13 0.6622169479393036 -28.20300000001849 
41472 14 0.660523832199812 -27.458000000018803 
41728 14 0.65883504531496 -27.714000000019116 
41984 15 0.6571505762169956 -26.969000000019427 
42240 15 0.655470413866468 -27.22500000001974 
42496 15 0.6537945472521468 -27.481000000020053 
42752 16 0.6521229653909594 -26.736000000020365 
43008 16 0.6504556573279101 -26.992000000020678 
43264 16 0.6487926121360125 -27.24800000002099 
43520 17 0.6471338189162199 -26.503000000021302 
43776 17 0.6454792667973508 -26.759000000021615 
44032 17 0.6438289449360176 -27.015000000021928 
44288 17 0.6421828425165556 -27.27100000002224 
44544 17 0.6405409487509548 -27.527000000022554 
44800 18 0.6389032528787875 -26.782000000022865 
45056 18 0.6372697441671363 -27.038000000023178 
45312 18 0.6356404119105256 -27.29400000002349 
45568 18 0.6340152454308521 -27.550000000023804 
45824 18 0.6323942340773112 -27.806000000024117 
46080 19 0.6307773672263315 -27.06100000002443 
46336 19 0.6291646342815024 -27.31700000002474 
46592 19 0.6275560246735059 -27.573000000025054 
46848 19 0.6259515278600456 -27.829000000025367 
47104 19 0.6243511333257824 -28.08500000002568 
47360 20 0.6227548305822587 -27.34000000002599 
47616 20 0.621162609167835 -27.596000000026304 
47872 20 0.6195744586476194 -27.852000000026617 
48128 20 0.6179903686133973 -28.10800000002693 
48384 21 0.616410328683568 -27.36300000002724 
48640 21 0.6148343285030726 -27.619000000027555 
48896 21 0.6132623577433279 -27.875000000027867 
49152 21 0.6116944061021565 -28.13100000002818 
49408 22 0.6101304633037221 -27.386000000028492 
49664 22 0.608570519098462 -27.642000000028805 
49920 22 0.6070145632630176 -27.898000000029118 
50176 22 0.6054625856001696 -28.15400000002943 
50432 23 0.6039145759387704 -27.409000000029742 
50688 23 0.6023705241336748 -27.665000000030055 
50944 23 0.6008304200656805 -27.921000000030368 
51200 23 0.599294253641453 -28.17700000003068 
51456 23 0.5977620147934676 -28.433000000030994 
51712 23 0.5962336934799368 -28.689000000031307 
51968 23 0.594709279684749 -28.94500000003162 
52224 24 0.5931887634174006 -28.20000000003193 
52480 24 0.5916721347129297 -28.456000000032244 
52736 24 0.5901593836318548 -28.712000000032557 
52992 24 0.5886505002601057 -28.96800000003287 
53248 24 0.5871454747089607 -29.224000000033183 
53504 24 0.5856442971149789 -29.480000000033495 
53760 24 0.5841469576399402 -29.73600000003381 
54016 24 0.5826534464707764 -29.99200000003412 
54272 24 0.5811637538195106 -30.248000000034434 
54528 25 0.5796778699231889 -29.503000000034746 
54784 25 0.5781957850438216 -29.75900000003506 
55040 25 0.5767174894683131 -30.01500000003537 
55296 25 0.5752429735084045 -30.271000000035684 
55552 25 0.5737722275006059 -30.527000000035997 
55808 25 0.5723052418061338 -30.78300000003631 
56064 25 0.5708420068108486 -31.039000000036623 
56320 25 0.5693825129251942 -31.295000000036936 
56576 25 0.5679267505841286 -31.55100000003725 
56832 25 0.5664747102470683 -31.80700000003756 
57088 26 0.5650263823978221 -31.062000000037873 
57344 26 0.5635817575445264 -31.318000000038186 
57600 26 0.5621408262195919 -31.5740000000385 
57856 26 0.560703578979628 -31.83000000003881 
58112 26 0.5592700064053931 -32.086000000038815 
58368 26 0.5578400991017263 -32.34200000003822 
58624 27 0.5564138476974874 -31.59700000003824 
58880 27 0.5549912428454985 -31.853000000038552 
59136 27 0.5535722752224765 -32.10900000003848 
59392 27 0.5521569355289794 -32.36500000003788 
59648 28 0.5507452144893373 -31.62000000003803 
59904 28 0.5493371028515976 -31.876000000038342 
60160 28 0.5479325913874636 -32.13200000003818 
60416 29 0.5465316708922313 -31.38700000003829 
60672 29 0.5451343321847312 -31.643000000038604 
60928 29 0.5437405661072675 -31.899000000038917 
61184 29 0.5423503635255591 -32.155000000038676 
61440 29 0.5409637153286779 -32.41100000003808 
61696 30 0.5395806124289906 -31.66600000003791 
61952 30 0.5382010457620988 -31.922000000038224 
62208 31 0.536825006286778 -31.177000000038216 
62464 31 0.5354524849849222 -31.43300000003853 
62720 31 0.5340834728614805 -31.689000000038842 
62976 31 0.5327179609443986 -31.945000000039155 
63232 31 0.5313559402845662 -32.20100000003875 
63488 31 0.5299974019557488 -32.45700000003816 
63744 31 0.5286423370545357 -32.71300000003756 
64000 31 0.52729073670028 -32.969000000036964 
64256 32 0.5259425920350401 -32.22400000003637 
64512 32 0.5245978942235228 -32.48000000003577 
64768 32 0.5232566344530228 -32.736000000035176 
65024 32 0.5219188039333679 -32.99200000003458 
65280 32 0.5205843938968593 -33.24800000003398 
65536 32 0.519253395598216 -33.504000000033386 
65792 33 0.5179258003145147 -32.75900000003279 
66048 33 0.5166015993451343 -33.015000000032195 
66304 33 0.5152807840117003 -33.2710000000316 
66560 33 0.5139633456580276 -33.527000000031 
66816 33 0.5126492756500585 -33.783000000030405 
67072 33 0.5113385653758153 -34.03900000002981 
67328 33 0.5100312062453359 -34.29500000002921 
67584 33 0.5087271896906194 -34.551000000028615 
67840 33 0.5074265071655749 -34.80700000002802 
68096 33 0.5061291501459585 -35.06300000002742 
68352 34 0.5048351101293236 -34.31800000002683 
68608 34 0.5035443786349583 -34.57400000002623 
68864 35 0.5022569472038353 -33.82900000002564 
69120 35 0.5009728073985554 -34.08500000002504 
69376 35 0.49969195080329126 -34.341000000024444 
69632 36 0.498414369023732 -33.59600000002385 
69888 36 0.49714005368703 -33.85200000002325 
70144 36 0.4958689964417445 -34.108000000022656 
70400 36 0.4946011889577864 -34.36400000002206 
70656 37 0.493336622926365 -33.619000000021465 
70912 37 0.49207529005993283 -33.87500000002087 
71168 37 0.49081718209213177 -34.13100000002027 
71424 38 0.4895622907777382 -33.38600000001968 
71680 38 0.4883106078926102 -33.64200000001908 
71936 38 0.48706212523363196 -33.898000000018484 
72192 38 0.4858168346186613 -34.15400000001789 
72448 38 0.48457472788647576 -34.41000000001729 
72704 38 0.4833357968967183 -34.666000000016695 
72960 38 0.4821000335298457 -34.9220000000161 
73216 39 0.4808674296870729 -34.177000000015504 
73472 39 0.47963797729032365 -34.43300000001491 
73728 39 0.4784116682821723 -34.68900000001431 
73984 39 0.4771884946257962 -34.945000000013714 
74240 39 0.47596844830491986 -35.20100000001312 
74496 40 0.47475152132376347 -34.45600000001252 
74752 40 0.47353770570699 -34.712000000011926 
75008 40 0.4723269934996533 -34.96800000001133 
75264 41 0.4711193767671469 -34.223000000010735 
75520 41 0.46991484759514995 -34.47900000001014 
75776 41 0.46871339808957635 -34.73500000000954 
76032 41 0.46751502037652404 -34.991000000008945 
76288 42 0.466319706602222 -34.24600000000835 
76544 42 0.4651274489329787 -34.502000000007754 
76800 42 0.4639382395551328 -34.75800000000716 
77056 43 0.462752070674999 -34.01300000000656 
77312 43 0.4615689345188185 -34.26900000000597 
77568 44 0.4603888233327089 -33.52400000000537 
77824 44 0.45921172938261284 -33.780000000004776 
78080 44 0.45803764495424504 -34.03600000000418 
78336 44 0.4568665623530443 -34.29200000000358 
78592 44 0.4556984739041235 -34.548000000002986 
78848 44 0.4545333719522172 -34.80400000000239 
79104 45 0.45337124886163316 -34.059000000001795 
79360 45 0.45221209701620074 -34.3150000000012 
79616 45 0.4510559088192222 -34.5710000000006 
79872 45 0.4499026766934224 -34.827000000000005 
80128 46 0.44875239308090015 -34.08199999999941 
80384 46 0.44760505044307713 -34.337999999998814 
80640 46 0.4464606412606495 -34.59399999999822 
80896 46 0.44531915803353717 -34.84999999999762 
81152 47 0.44418059328083814 -34.10499999999703 
81408 47 0.4430449395407745 -34.36099999999643 
81664 47 0.44191218937064825 -34.61699999999583 
81920 48 0.4407823353467894 -33.87199999999524 
82176 48 0.4396553700645087 -34.12799999999464 
82432 48 0.43853128613804815 -34.383999999994046 
82688 49 0.437410076200534 -33.63899999999345 
82944 49 0.4362917329039269 -33.894999999992855 
83200 49 0.43517624891897544 -34.15099999999226 
83456 49 0.4340636169351663 -34.40699999999166 
83712 50 0.43295382966067736 -33.66199999999107 
83968 50 0.431846879822331 -33.91799999999047 
84224 50 0.4307427601655437 -34.173999999989874 
84480 51 0.4296414634542804 -33.42899999998928 
84736 51 0.4285429824710069 -33.68499999998868 
84992 51 0.4274473100166425 -33.94099999998809 
85248 51 0.42635443891051256 -34.19699999998749 
85504 51 0.42526436199030143 -34.45299999998689 
85760 52 0.4241770721120051 -33.7079999999863 
86016 52 0.4230925621498859 -33.9639999999857 
86272 52 0.4220108249964245 -34.219999999985106 
86528 52 0.4209318535622737 -34.47599999998451 
86784 52 0.41985564077621107 -34.73199999998391 
87040 53 0.4187821795850943 -33.98699999998332 
87296 53 0.4177114629538144 -34.24299999998272 
87552 53 0.4166434838652482 -34.498999999982125 
87808 53 0.41557823532021476 -34.75499999998153 
88064 54 0.4145157103374271 -34.009999999980934 
88320 54 0.4134559019534483 -34.26599999998034 
88576 54 0.4123988032226451 -34.52199999997974 
88832 54 0.41134440721714144 -34.777999999979144 
89088 54 0.4102927070267755 -35.03399999997855 
89344 54 0.4092436957590517 -35.28999999997795 
89600 55 0.4081973665390979 -34.54499999997736 
89856 55 0.4071537125096185 -34.80099999997676 
90112 55 0.4061127268308498 -35.05699999997616 
90368 56 0.40507440268051637 -34.31199999997557 
90624 56 0.40403873325378636 -34.56799999997497 
90880 57 0.40300571176322386 -33.82299999997438 
91136 57 0.40197533143874764 -34.07899999997378 
91392 57 0.4009475855275867 -34.334999999973185 
91648 57 0.39992246729423364 -34.59099999997259 
91904 58 0.39889997002040295 -33.845999999971994 
92160 59 0.3978800870049866 -33.1009999999714 
92416 59 0.39686281156400843 -33.3569999999708 
92672 59 0.39584813703058086 -33.61299999997021 
92928 60 0.3948360567548639 -32.86799999996961 
93184 60 0.3938265641040177 -33.123999999969016 
93440 61 0.392819652462162 -32.37899999996842 
93696 61 0.3918153152303304 -32.634999999967825 
93952 62 0.3908135458264294 -31.88999999996741 
94208 62 0.38981433768519347 -32.14599999996721 
94464 63 0.3888176842581435 -31.40099999996713 
94720 63 0.38782357901354264 -31.656999999967443 
94976 63 0.38683201543635376 -31.912999999967756 
95232 64 0.38584298702819747 -31.167999999967744 
95488 64 0.38485648730730865 -31.423999999968057 
95744 65 0.3838725098084946 -30.67899999996837 
96000 65 0.38289104808309254 -30.93499999996868 
96256 65 0.3819120956989271 -31.190999999968994 
96512 66 0.3809356462402678 -30.445999999969306 
96768 66 0.37996169330778895 -30.70199999996962 
97024 66 0.37899023051852426 -30.957999999969932 
97280 67 0.3780212515058286 -30.212999999970243 
97536 67 0.3770547499193341 -30.468999999970556 
97792 68 0.376090719424909 -29.723999999970868 
98048 68 0.37512915370461647 -29.97999999997118 
98304 69 0.3741700464566732 -29.234999999971492 
98560 70 0.37321339139540777 -28.489999999971804 
98816 70 0.3722591822512189 -28.745999999972117 
99072 71 0.37130741277053525 -28.00099999997243 
99328 72 0.3703580767157756 -27.25599999997274 
99584 73 0.369411167865305 -26.510999999973052 
99840 73 0.36846668001339616 -26.766999999973365 
100096 74 0.36752460697018846 -26.021999999973676 
100352 75 0.36658494256164686 -25.276999999973988 
100608 76 0.36564768062952085 -24.5319999999743 
100864 76 0.3647128150313074 -24.787999999974613 
101120 77 0.36378033964020595 -24.042999999974924 
101376 77 0.362850248345081 -24.298999999975237 
101632 78 0.36192253505042293 -23.55399999997555 
101888 79 0.36099719367630445 -22.80899999997586 
102144 80 0.36007421815834484 -22.063999999976172 
102400 81 0.35915360244766836 -21.318999999976484 
102656 82 0.3582353405108642 -20.573999999976795 
102912 82 0.35731942632994734 -20.829999999977108 
103168 83 0.3564058539023189 -20.08499999997742 
103424 84 0.3554946172407282 -19.33999999997773 
103680 84 0.35458571037323156 -19.595999999978044 
103936 85 0.3536791273431538 -18.850999999978356 
104192 86 0.3527748622090497 -18.105999999978668 
104448 87 0.35187290904466473 -17.36099999997898 
104704 88 0.3509732619388963 -16.61599999997929 
104960 88 0.35007591499575536 -16.871999999979604 
105216 90 0.349180862334327 -15.125999999979674 
105472 90 0.34828809808873185 -15.381999999979532 
105728 91 0.3473976164080883 -14.636999999979391 
105984 92 0.3465094114564744 -13.89199999997925 
106240 92 0.34562347741288846 -14.147999999979108 
106496 93 0.344739808471212 -13.402999999978967 
106752 94 0.34385839884017105 -12.657999999978825 
107008 95 0.34297924274329883 -11.912999999978684 
107264 96 0.3421023344188977 -11.167999999978543 
107520 97 0.3412276681200002 -10.422999999978401 
107776 98 0.3403552381143321 -9.67799999997826 
108032 99 0.33948503868427704 -8.932999999978119 
