256 0 0.9748211359851373 -75.0 
512 0 0.9501812195386368 -156.0 
768 0 0.9261641101488141 -255.0 
1024 0 0.9027540655289342 -327.0 
1280 0 0.879935741299749 -415.0 
1536 0 0.8576941809318521 -482.0 
1792 1 0.8360148059422513 -537.0 
2048 1 0.8148834063387363 -620.0 
2304 1 0.7942861313057783 -678.0 
2560 1 0.774209480125857 -774.0 
2816 1 0.7546402933302592 -839.0 
3072 1 0.7355657440735593 -938.0 
3328 1 0.7169733297261175 -1008.0 
3584 1 0.698850863679084 -1077.0 
3840 2 0.681186467356558 -1145.0 
4096 2 0.6639685624296294 -1239.0 
4352 2 0.6471858632272408 -1332.0 
4608 2 0.6308273693388612 -1413.0 
4864 2 0.614882358404145 -1499.0 
5120 2 0.5993403790848365 -1565.0 
5376 2 0.5841912442143246 -1643.0 
5632 2 0.5694250241203463 -1737.0 
5888 3 0.555032040116474 -1768.0 
6144 3 0.5410028581581039 -1845.0 
6400 3 0.5273282826588132 -1939.0 
6656 3 0.5139993504630012 -2020.0 
6912 3 0.5010073249708941 -2126.0 
7168 3 0.488343690412035 -2219.0 
7424 3 0.4760001462635304 -2292.0 
7680 4 0.4639686018093753 -2326.0 
7936 4 0.45224117083730303 -2413.0 
8192 4 0.4408101664696786 -2492.0 
8448 4 0.4296680961250465 -2545.0 
8704 5 0.41880765660703356 -2586.0 
8960 5 0.40822172931738404 -2625.0 
9216 5 0.39790337558999866 -2639.0 
9472 5 0.3878458321429026 -2692.0 
9728 6 0.3780425066451772 -2726.0 
9984 6 0.36848697339594194 -2722.0 
10240 7 0.359172969112557 -2769.0 
10496 7 0.3500943888252807 -2821.0 
10752 7 0.34124528187570075 -2868.0 
11008 7 0.3326198480163063 -2879.0 
11264 8 0.32421243360864993 -2905.0 
11520 8 0.3160175279176066 -2932.0 
11776 8 0.3080297594993003 -3006.0 
12032 8 0.30024389268032914 -3063.0 
12288 8 0.29265482412598426 -3160.0 
12544 8 0.2852575794952118 -3203.0 
12800 9 0.27804731018012324 -3250.0 
13056 9 0.2710192901279226 -3283.0 
13312 9 0.26416891274315896 -3277.0 
13568 10 0.25749168786828364 -3311.0 
13824 10 0.2509832388405229 -3358.0 
14080 10 0.24463929962314745 -3405.0 
14336 10 0.23845571200924848 -3403.0 
14592 11 0.2324284228961939 -3433.0 
14848 11 0.22655348162897737 -3426.0 
15104 12 0.2208270374107154 -3450.0 
15360 12 0.2152453367785995 -3508.0 
15616 12 0.2098047211436465 -3532.0 
15872 12 0.20450162439263425 -3536.0 
16128 13 0.19933257055065345 -3568.0 
16384 13 0.1942941715027392 -3601.0 
16640 13 0.18938312477309321 -3648.0 
16896 13 0.18459621136043883 -3655.0 
17152 14 0.17993029362808985 -3648.0 
17408 14 0.17538231324735026 -3670.0 
17664 14 0.17094928919289995 -3711.0 
17920 15 0.16662831578884582 -3699.0 
18176 15 0.16241656080416433 -3683.0 
18432 16 0.15831126359628403 -3700.0 
18688 16 0.15430973330159029 -3721.0 
18944 16 0.1504093470716686 -3728.0 
19200 17 0.14660754835412898 -3707.0 
19456 17 0.14290184521688493 -3714.0 
19712 18 0.13928980871478727 -3672.0 
19968 19 0.1357690712975452 -3680.0 
20224 20 0.1323373252578883 -3713.0 
20480 20 0.12899232121895507 -3695.0 
20736 21 0.12573186665991146 -3720.0 
20992 21 0.12255382447883799 -3728.0 
21248 22 0.11945611159194407 -3700.0 
21504 22 0.11643669756818598 -3661.0 
21760 23 0.11349360329839761 -3652.0 
22016 23 0.110624899698061 -3686.0 
22272 24 0.10782870644286648 -3688.0 
22528 24 0.10510319073623232 -3680.0 
22784 25 0.1024465661079776 -3634.0 
23040 26 0.0999969960769904 -3622.0 
23296 26 0.0999969960769904 -3663.0 
23552 26 0.0999969960769904 -3647.0 
23808 27 0.0999969960769904 -3675.0 
24064 27 0.0999969960769904 -3676.0 
24320 27 0.0999969960769904 -3680.0 
24576 28 0.0999969960769904 -3703.0 
24832 28 0.0999969960769904 -3687.0 
25088 29 0.0999969960769904 -3653.0 
25344 29 0.0999969960769904 -3677.0 
25600 30 0.0999969960769904 -3596.0 
25856 31 0.0999969960769904 -3601.0 
26112 31 0.0999969960769904 -3593.0 
26368 32 0.0999969960769904 -3594.0 
26624 32 0.0999969960769904 -3607.0 
26880 33 0.0999969960769904 -3576.0 
27136 33 0.0999969960769904 -3574.0 
27392 34 0.0999969960769904 -3547.0 
27648 34 0.0999969960769904 -3555.0 
27904 35 0.0999969960769904 -3549.0 
28160 35 0.0999969960769904 -3562.0 
28416 35 0.0999969960769904 -3576.0 
28672 35 0.0999969960769904 -3604.0 
28928 36 0.0999969960769904 -3626.0 
29184 36 0.0999969960769904 -3601.0 
29440 37 0.0999969960769904 -3630.0 
29696 37 0.0999969960769904 -3614.0 
29952 38 0.0999969960769904 -3561.0 
30208 39 0.0999969960769904 -3574.0 
30464 40 0.0999969960769904 -3522.0 
30720 40 0.0999969960769904 -3506.0 
30976 41 0.0999969960769904 -3478.0 
31232 41 0.0999969960769904 -3444.0 
31488 42 0.0999969960769904 -3420.0 
31744 43 0.0999969960769904 -3434.0 
32000 43 0.0999969960769904 -3447.0 
32256 43 0.0999969960769904 -3434.0 
32512 44 0.0999969960769904 -3401.0 
32768 44 0.0999969960769904 -3415.0 
33024 45 0.0999969960769904 -3405.0 
33280 45 0.0999969960769904 -3407.0 
33536 46 0.0999969960769904 -3342.0 
33792 47 0.0999969960769904 -3326.0 
34048 47 0.0999969960769904 -3328.0 
34304 48 0.0999969960769904 -3308.0 
34560 48 0.0999969960769904 -3289.0 
34816 49 0.0999969960769904 -3250.0 
35072 49 0.0999969960769904 -3271.0 
35328 50 0.0999969960769904 -3232.0 
35584 50 0.0999969960769904 -3241.0 
35840 51 0.0999969960769904 -3206.0 
36096 52 0.0999969960769904 -3164.0 
36352 52 0.0999969960769904 -3168.0 
36608 53 0.0999969960769904 -3119.0 
36864 53 0.0999969960769904 -3179.0 
37120 53 0.0999969960769904 -3197.0 
37376 54 0.0999969960769904 -3187.0 
37632 54 0.0999969960769904 -3190.0 
37888 55 0.0999969960769904 -3191.0 
38144 56 0.0999969960769904 -3127.0 
38400 56 0.0999969960769904 -3182.0 
38656 56 0.0999969960769904 -3184.0 
38912 56 0.0999969960769904 -3193.0 
39168 57 0.0999969960769904 -3196.0 
39424 57 0.0999969960769904 -3161.0 
39680 58 0.0999969960769904 -3098.0 
39936 59 0.0999969960769904 -3088.0 
40192 60 0.0999969960769904 -3068.0 
40448 60 0.0999969960769904 -3077.0 
40704 61 0.0999969960769904 -3074.0 
40960 62 0.0999969960769904 -3021.0 
41216 62 0.0999969960769904 -2977.0 
41472 63 0.0999969960769904 -2966.0 
41728 63 0.0999969960769904 -2968.0 
41984 64 0.0999969960769904 -2952.0 
42240 64 0.0999969960769904 -2924.0 
42496 65 0.0999969960769904 -2926.0 
42752 65 0.0999969960769904 -2895.0 
43008 66 0.0999969960769904 -2865.0 
43264 66 0.0999969960769904 -2874.0 
43520 66 0.0999969960769904 -2900.0 
43776 67 0.0999969960769904 -2896.0 
44032 67 0.0999969960769904 -2890.0 
44288 68 0.0999969960769904 -2872.0 
44544 68 0.0999969960769904 -2891.0 
44800 69 0.0999969960769904 -2820.0 
45056 69 0.0999969960769904 -2810.0 
45312 70 0.0999969960769904 -2847.0 
45568 70 0.0999969960769904 -2830.0 
45824 71 0.0999969960769904 -2782.0 
46080 71 0.0999969960769904 -2784.0 
46336 72 0.0999969960769904 -2697.0 
46592 73 0.0999969960769904 -2688.0 
46848 73 0.0999969960769904 -2687.0 
47104 74 0.0999969960769904 -2626.0 
47360 74 0.0999969960769904 -2620.0 
47616 75 0.0999969960769904 -2607.0 
47872 75 0.0999969960769904 -2552.0 
48128 76 0.0999969960769904 -2563.0 
48384 76 0.0999969960769904 -2608.0 
48640 76 0.0999969960769904 -2586.0 
48896 77 0.0999969960769904 -2570.0 
49152 78 0.0999969960769904 -2553.0 
49408 79 0.0999969960769904 -2480.0 
49664 79 0.0999969960769904 -2470.0 
49920 80 0.0999969960769904 -2457.0 
50176 81 0.0999969960769904 -2469.0 
50432 81 0.0999969960769904 -2468.0 
50688 81 0.0999969960769904 -2495.0 
50944 82 0.0999969960769904 -2448.0 
51200 82 0.0999969960769904 -2465.0 
51456 83 0.0999969960769904 -2409.0 
51712 84 0.0999969960769904 -2376.0 
51968 84 0.0999969960769904 -2341.0 
52224 85 0.0999969960769904 -2279.0 
52480 86 0.0999969960769904 -2249.0 
52736 86 0.0999969960769904 -2268.0 
52992 86 0.0999969960769904 -2312.0 
53248 87 0.0999969960769904 -2302.0 
53504 88 0.0999969960769904 -2221.0 
53760 89 0.0999969960769904 -2168.0 
54016 89 0.0999969960769904 -2157.0 
54272 89 0.0999969960769904 -2142.0 
54528 90 0.0999969960769904 -2093.0 
54784 91 0.0999969960769904 -2013.0 
55040 92 0.0999969960769904 -1976.0 
55296 92 0.0999969960769904 -1984.0 
55552 93 0.0999969960769904 -1978.0 
55808 94 0.0999969960769904 -1908.0 
56064 95 0.0999969960769904 -1870.0 
56320 95 0.0999969960769904 -1833.0 
56576 96 0.0999969960769904 -1824.0 
56832 96 0.0999969960769904 -1878.0 
57088 97 0.0999969960769904 -1795.0 
57344 98 0.0999969960769904 -1750.0 
57600 98 0.0999969960769904 -1727.0 
57856 99 0.0999969960769904 -1698.0 
58112 99 0.0999969960769904 -1642.0 
58368 100 0.0999969960769904 -1594.0 
58624 101 0.0999969960769904 -1551.0 
58880 101 0.0999969960769904 -1498.0 
59136 101 0.0999969960769904 -1503.0 
59392 102 0.0999969960769904 -1478.0 
59648 102 0.0999969960769904 -1412.0 
59904 103 0.0999969960769904 -1377.0 
60160 104 0.0999969960769904 -1391.0 
60416 105 0.0999969960769904 -1337.0 
60672 105 0.0999969960769904 -1304.0 
60928 105 0.0999969960769904 -1329.0 
61184 105 0.0999969960769904 -1350.0 
61440 105 0.0999969960769904 -1352.0 
61696 106 0.0999969960769904 -1304.0 
61952 106 0.0999969960769904 -1330.0 
62208 107 0.0999969960769904 -1339.0 
62464 107 0.0999969960769904 -1312.0 
62720 108 0.0999969960769904 -1292.0 
62976 108 0.0999969960769904 -1276.0 
63232 108 0.0999969960769904 -1311.0 
63488 109 0.0999969960769904 -1254.0 
63744 109 0.0999969960769904 -1263.0 
64000 109 0.0999969960769904 -1250.0 
64256 110 0.0999969960769904 -1208.0 
64512 111 0.0999969960769904 -1167.0 
64768 111 0.0999969960769904 -1149.0 
65024 111 0.0999969960769904 -1176.0 
65280 112 0.0999969960769904 -1173.0 
65536 112 0.0999969960769904 -1189.0 
65792 112 0.0999969960769904 -1149.0 
66048 112 0.0999969960769904 -1119.0 
66304 113 0.0999969960769904 -1079.0 
66560 114 0.0999969960769904 -1014.0 
66816 114 0.0999969960769904 -1006.0 
67072 115 0.0999969960769904 -959.0 
67328 115 0.0999969960769904 -966.0 
67584 116 0.0999969960769904 -921.0 
67840 117 0.0999969960769904 -858.0 
68096 118 0.0999969960769904 -766.0 
68352 118 0.0999969960769904 -726.0 
68608 119 0.0999969960769904 -661.0 
68864 120 0.0999969960769904 -590.0 
69120 120 0.0999969960769904 -530.0 
69376 121 0.0999969960769904 -554.0 
69632 121 0.0999969960769904 -549.0 
69888 122 0.0999969960769904 -513.0 
70144 123 0.0999969960769904 -474.0 
70400 124 0.0999969960769904 -430.0 
70656 124 0.0999969960769904 -406.0 
70912 125 0.0999969960769904 -397.0 
71168 125 0.0999969960769904 -384.0 
71424 125 0.0999969960769904 -394.0 
71680 126 0.0999969960769904 -333.0 
71936 127 0.0999969960769904 -298.0 
72192 127 0.0999969960769904 -237.0 
72448 128 0.0999969960769904 -209.0 
72704 128 0.0999969960769904 -191.0 
72960 129 0.0999969960769904 -173.0 
73216 129 0.0999969960769904 -153.0 
73472 130 0.0999969960769904 -114.0 
73728 131 0.0999969960769904 1.0 
73984 131 0.0999969960769904 -2.0 
74240 132 0.0999969960769904 76.0 
74496 132 0.0999969960769904 62.0 
74752 132 0.0999969960769904 47.0 
75008 132 0.0999969960769904 24.0 
75264 132 0.0999969960769904 9.0 
75520 132 0.0999969960769904 -6.0 
75776 132 0.0999969960769904 0.0 
76032 133 0.0999969960769904 24.0 
76288 133 0.0999969960769904 71.0 
76544 134 0.0999969960769904 124.0 
76800 134 0.0999969960769904 148.0 
77056 135 0.0999969960769904 186.0 
77312 135 0.0999969960769904 220.0 
77568 136 0.0999969960769904 298.0 
77824 136 0.0999969960769904 285.0 
78080 137 0.0999969960769904 295.0 
78336 137 0.0999969960769904 356.0 
78592 138 0.0999969960769904 376.0 
78848 138 0.0999969960769904 425.0 
79104 139 0.0999969960769904 491.0 
79360 139 0.0999969960769904 562.0 
79616 140 0.0999969960769904 562.0 
79872 140 0.0999969960769904 607.0 
80128 142 0.0999969960769904 659.0 
80384 142 0.0999969960769904 686.0 
80640 143 0.0999969960769904 738.0 
80896 143 0.0999969960769904 818.0 
81152 144 0.0999969960769904 892.0 
81408 145 0.0999969960769904 922.0 
81664 145 0.0999969960769904 936.0 
81920 146 0.0999969960769904 1002.0 
82176 147 0.0999969960769904 1065.0 
82432 147 0.0999969960769904 1133.0 
82688 148 0.0999969960769904 1176.0 
82944 149 0.0999969960769904 1261.0 
83200 149 0.0999969960769904 1307.0 
83456 150 0.0999969960769904 1387.0 
83712 150 0.0999969960769904 1379.0 
83968 151 0.0999969960769904 1406.0 
84224 151 0.0999969960769904 1411.0 
84480 151 0.0999969960769904 1419.0 
84736 152 0.0999969960769904 1477.0 
84992 153 0.0999969960769904 1570.0 
85248 153 0.0999969960769904 1624.0 
85504 154 0.0999969960769904 1641.0 
85760 154 0.0999969960769904 1611.0 
86016 154 0.0999969960769904 1555.0 
86272 154 0.0999969960769904 1527.0 
86528 154 0.0999969960769904 1513.0 
86784 154 0.0999969960769904 1489.0 
87040 154 0.0999969960769904 1474.0 
87296 154 0.0999969960769904 1450.0 
87552 155 0.0999969960769904 1524.0 
87808 155 0.0999969960769904 1564.0 
88064 156 0.0999969960769904 1615.0 
88320 156 0.0999969960769904 1592.0 
88576 156 0.0999969960769904 1562.0 
88832 157 0.0999969960769904 1610.0 
89088 157 0.0999969960769904 1641.0 
89344 157 0.0999969960769904 1640.0 
89600 158 0.0999969960769904 1654.0 
89856 158 0.0999969960769904 1705.0 
90112 160 0.0999969960769904 1750.0 
90368 160 0.0999969960769904 1772.0 
90624 160 0.0999969960769904 1810.0 
90880 161 0.0999969960769904 1839.0 
91136 161 0.0999969960769904 1878.0 
91392 162 0.0999969960769904 1945.0 
91648 163 0.0999969960769904 1999.0 
91904 163 0.0999969960769904 2037.0 
92160 163 0.0999969960769904 2038.0 
92416 164 0.0999969960769904 2063.0 
92672 164 0.0999969960769904 2055.0 
92928 164 0.0999969960769904 2047.0 
93184 164 0.0999969960769904 2066.0 
93440 164 0.0999969960769904 2050.0 
93696 164 0.0999969960769904 2033.0 
93952 164 0.0999969960769904 2016.0 
94208 164 0.0999969960769904 2003.0 
94464 164 0.0999969960769904 1990.0 
94720 164 0.0999969960769904 1959.0 
94976 164 0.0999969960769904 1942.0 
95232 164 0.0999969960769904 1927.0 
95488 164 0.0999969960769904 1915.0 
95744 164 0.0999969960769904 1887.0 
96000 164 0.0999969960769904 1861.0 
96256 164 0.0999969960769904 1843.0 
96512 164 0.0999969960769904 1818.0 
96768 164 0.0999969960769904 1797.0 
97024 164 0.0999969960769904 1770.0 
97280 164 0.0999969960769904 1754.0 
97536 164 0.0999969960769904 1730.0 
97792 164 0.0999969960769904 1715.0 
98048 164 0.0999969960769904 1695.0 
98304 164 0.0999969960769904 1687.0 
98560 164 0.0999969960769904 1671.0 
98816 164 0.0999969960769904 1658.0 
99072 164 0.0999969960769904 1623.0 
99328 164 0.0999969960769904 1597.0 
99584 164 0.0999969960769904 1586.0 
99840 164 0.0999969960769904 1570.0 
100096 165 0.0999969960769904 1613.0 
100352 165 0.0999969960769904 1599.0 
100608 166 0.0999969960769904 1647.0 
100864 166 0.0999969960769904 1680.0 
101120 167 0.0999969960769904 1747.0 
101376 167 0.0999969960769904 1746.0 
101632 167 0.0999969960769904 1732.0 
101888 168 0.0999969960769904 1797.0 
102144 168 0.0999969960769904 1834.0 
102400 169 0.0999969960769904 1882.0 
102656 170 0.0999969960769904 1918.0 
102912 170 0.0999969960769904 1900.0 
103168 170 0.0999969960769904 1884.0 
103424 170 0.0999969960769904 1873.0 
103680 170 0.0999969960769904 1852.0 
103936 170 0.0999969960769904 1818.0 
104192 170 0.0999969960769904 1797.0 
104448 170 0.0999969960769904 1777.0 
104704 170 0.0999969960769904 1758.0 
104960 170 0.0999969960769904 1739.0 
105216 170 0.0999969960769904 1730.0 
105472 170 0.0999969960769904 1710.0 
105728 170 0.0999969960769904 1720.0 
105984 170 0.0999969960769904 1737.0 
106240 170 0.0999969960769904 1735.0 
106496 170 0.0999969960769904 1719.0 
106752 171 0.0999969960769904 1766.0 
107008 172 0.0999969960769904 1832.0 
107264 172 0.0999969960769904 1858.0 
107520 173 0.0999969960769904 1941.0 
107776 174 0.0999969960769904 1974.0 
108032 175 0.0999969960769904 2096.0 
108288 175 0.0999969960769904 2100.0 
108544 176 0.0999969960769904 2143.0 
108800 176 0.0999969960769904 2167.0 
109056 177 0.0999969960769904 2235.0 
109312 177 0.0999969960769904 2239.0 
109568 177 0.0999969960769904 2274.0 
109824 178 0.0999969960769904 2319.0 
110080 179 0.0999969960769904 2312.0 
110336 179 0.0999969960769904 2290.0 
110592 179 0.0999969960769904 2290.0 
110848 179 0.0999969960769904 2326.0 
111104 180 0.0999969960769904 2411.0 
111360 181 0.0999969960769904 2470.0 
111616 182 0.0999969960769904 2524.0 
111872 182 0.0999969960769904 2539.0 
112128 183 0.0999969960769904 2631.0 
112384 183 0.0999969960769904 2675.0 
112640 184 0.0999969960769904 2666.0 
112896 184 0.0999969960769904 2689.0 
113152 184 0.0999969960769904 2642.0 
113408 185 0.0999969960769904 2731.0 
113664 186 0.0999969960769904 2768.0 
113920 186 0.0999969960769904 2842.0 
114176 187 0.0999969960769904 2891.0 
114432 188 0.0999969960769904 2989.0 
114688 189 0.0999969960769904 3024.0 
114944 190 0.0999969960769904 3097.0 
115200 191 0.0999969960769904 3187.0 
115456 191 0.0999969960769904 3219.0 
115712 191 0.0999969960769904 3253.0 
115968 192 0.0999969960769904 3285.0 
116224 192 0.0999969960769904 3327.0 
116480 193 0.0999969960769904 3388.0 
116736 194 0.0999969960769904 3463.0 
116992 194 0.0999969960769904 3480.0 
117248 195 0.0999969960769904 3502.0 
117504 195 0.0999969960769904 3493.0 
117760 195 0.0999969960769904 3575.0 
118016 195 0.0999969960769904 3569.0 
118272 196 0.0999969960769904 3580.0 
118528 196 0.0999969960769904 3636.0 
118784 197 0.0999969960769904 3696.0 
119040 198 0.0999969960769904 3729.0 
119296 198 0.0999969960769904 3808.0 
119552 199 0.0999969960769904 3853.0 
119808 199 0.0999969960769904 3842.0 
120064 200 0.0999969960769904 3845.0 
120320 200 0.0999969960769904 3808.0 
120576 200 0.0999969960769904 3796.0 
120832 200 0.0999969960769904 3829.0 
121088 200 0.0999969960769904 3835.0 
121344 200 0.0999969960769904 3833.0 
121600 201 0.0999969960769904 3885.0 
121856 201 0.0999969960769904 3891.0 
122112 202 0.0999969960769904 3960.0 
122368 202 0.0999969960769904 3992.0 
122624 203 0.0999969960769904 4079.0 
122880 204 0.0999969960769904 4102.0 
123136 204 0.0999969960769904 4087.0 
123392 204 0.0999969960769904 4081.0 
123648 204 0.0999969960769904 4056.0 
123904 204 0.0999969960769904 4088.0 
124160 205 0.0999969960769904 4135.0 
124416 206 0.0999969960769904 4207.0 
124672 206 0.0999969960769904 4225.0 
124928 206 0.0999969960769904 4270.0 
125184 207 0.0999969960769904 4326.0 
125440 207 0.0999969960769904 4351.0 
125696 208 0.0999969960769904 4397.0 
125952 208 0.0999969960769904 4396.0 
126208 208 0.0999969960769904 4401.0 
126464 209 0.0999969960769904 4419.0 
126720 209 0.0999969960769904 4484.0 
126976 210 0.0999969960769904 4516.0 
127232 210 0.0999969960769904 4558.0 
127488 211 0.0999969960769904 4638.0 
127744 212 0.0999969960769904 4730.0 
128000 212 0.0999969960769904 4719.0 
128256 212 0.0999969960769904 4701.0 
128512 212 0.0999969960769904 4686.0 
128768 212 0.0999969960769904 4676.0 
129024 212 0.0999969960769904 4669.0 
129280 212 0.0999969960769904 4652.0 
129536 212 0.0999969960769904 4644.0 
129792 212 0.0999969960769904 4631.0 
130048 213 0.0999969960769904 4615.0 
130304 214 0.0999969960769904 4747.0 
130560 215 0.0999969960769904 4799.0 
130816 215 0.0999969960769904 4850.0 
131072 216 0.0999969960769904 4913.0 
131328 216 0.0999969960769904 4966.0 
131584 217 0.0999969960769904 4994.0 
131840 217 0.0999969960769904 5037.0 
132096 218 0.0999969960769904 5108.0 
132352 219 0.0999969960769904 5178.0 
132608 219 0.0999969960769904 5248.0 
132864 220 0.0999969960769904 5295.0 
133120 220 0.0999969960769904 5325.0 
133376 221 0.0999969960769904 5379.0 
133632 222 0.0999969960769904 5453.0 
133888 222 0.0999969960769904 5507.0 
134144 223 0.0999969960769904 5596.0 
134400 223 0.0999969960769904 5586.0 
134656 224 0.0999969960769904 5626.0 
134912 224 0.0999969960769904 5658.0 
135168 225 0.0999969960769904 5711.0 
135424 226 0.0999969960769904 5776.0 
135680 226 0.0999969960769904 5767.0 
135936 226 0.0999969960769904 5833.0 
136192 227 0.0999969960769904 5919.0 
136448 228 0.0999969960769904 5949.0 
136704 228 0.0999969960769904 6001.0 
136960 229 0.0999969960769904 6031.0 
137216 229 0.0999969960769904 6086.0 
137472 230 0.0999969960769904 6139.0 
137728 230 0.0999969960769904 6135.0 
137984 230 0.0999969960769904 6178.0 
138240 231 0.0999969960769904 6227.0 
138496 232 0.0999969960769904 6292.0 
138752 232 0.0999969960769904 6325.0 
139008 233 0.0999969960769904 6386.0 
139264 234 0.0999969960769904 6474.0 
139520 234 0.0999969960769904 6507.0 
139776 235 0.0999969960769904 6516.0 
140032 236 0.0999969960769904 6585.0 
140288 236 0.0999969960769904 6646.0 
140544 237 0.0999969960769904 6695.0 
140800 237 0.0999969960769904 6700.0 
141056 237 0.0999969960769904 6683.0 
141312 237 0.0999969960769904 6654.0 
141568 237 0.0999969960769904 6677.0 
141824 238 0.0999969960769904 6710.0 
142080 238 0.0999969960769904 6748.0 
142336 239 0.0999969960769904 6822.0 
142592 239 0.0999969960769904 6892.0 
142848 240 0.0999969960769904 6929.0 
143104 240 0.0999969960769904 6918.0 
143360 240 0.0999969960769904 6899.0 
143616 240 0.0999969960769904 6877.0 
143872 240 0.0999969960769904 6916.0 
144128 241 0.0999969960769904 6928.0 
144384 241 0.0999969960769904 6941.0 
144640 242 0.0999969960769904 6999.0 
144896 242 0.0999969960769904 7034.0 
145152 243 0.0999969960769904 7100.0 
145408 243 0.0999969960769904 7160.0 
145664 244 0.0999969960769904 7249.0 
145920 245 0.0999969960769904 7256.0 
146176 245 0.0999969960769904 7291.0 
146432 245 0.0999969960769904 7314.0 
146688 246 0.0999969960769904 7359.0 
146944 246 0.0999969960769904 7380.0 
147200 247 0.0999969960769904 7475.0 
147456 248 0.0999969960769904 7537.0 
147712 248 0.0999969960769904 7574.0 
147968 249 0.0999969960769904 7613.0 
148224 249 0.0999969960769904 7638.0 
148480 250 0.0999969960769904 7742.0 
148736 251 0.0999969960769904 7794.0 
148992 252 0.0999969960769904 7889.0 
149248 253 0.0999969960769904 7970.0 
149504 254 0.0999969960769904 8023.0 
149760 254 0.0999969960769904 8067.0 
150016 256 0.0999969960769904 8140.0 
150272 256 0.0999969960769904 8183.0 
150528 257 0.0999969960769904 8223.0 
150784 258 0.0999969960769904 8264.0 
151040 258 0.0999969960769904 8293.0 
151296 258 0.0999969960769904 8325.0 
151552 259 0.0999969960769904 8369.0 
151808 259 0.0999969960769904 8387.0 
152064 259 0.0999969960769904 8412.0 
152320 260 0.0999969960769904 8419.0 
152576 261 0.0999969960769904 8526.0 
152832 261 0.0999969960769904 8563.0 
153088 262 0.0999969960769904 8593.0 
153344 262 0.0999969960769904 8658.0 
153600 263 0.0999969960769904 8719.0 
153856 263 0.0999969960769904 8760.0 
154112 264 0.0999969960769904 8828.0 
154368 265 0.0999969960769904 8896.0 
154624 265 0.0999969960769904 8941.0 
154880 266 0.0999969960769904 9006.0 
155136 267 0.0999969960769904 9073.0 
155392 267 0.0999969960769904 9120.0 
155648 268 0.0999969960769904 9153.0 
155904 268 0.0999969960769904 9177.0 
156160 269 0.0999969960769904 9249.0 
156416 270 0.0999969960769904 9313.0 
156672 271 0.0999969960769904 9404.0 
156928 272 0.0999969960769904 9512.0 
157184 272 0.0999969960769904 9558.0 
157440 273 0.0999969960769904 9643.0 
157696 274 0.0999969960769904 9721.0 
157952 275 0.0999969960769904 9734.0 
158208 275 0.0999969960769904 9803.0 
158464 276 0.0999969960769904 9854.0 
158720 276 0.0999969960769904 9901.0 
158976 278 0.0999969960769904 10018.0 
159232 278 0.0999969960769904 10044.0 
159488 279 0.0999969960769904 10078.0 
159744 280 0.0999969960769904 10162.0 
160000 281 0.0999969960769904 10197.0 
160256 281 0.0999969960769904 10253.0 
160512 282 0.0999969960769904 10322.0 
160768 283 0.0999969960769904 10388.0 
161024 283 0.0999969960769904 10448.0 
161280 284 0.0999969960769904 10466.0 
161536 284 0.0999969960769904 10515.0 
161792 285 0.0999969960769904 10598.0 
162048 286 0.0999969960769904 10659.0 
162304 286 0.0999969960769904 10681.0 
162560 287 0.0999969960769904 10738.0 
162816 288 0.0999969960769904 10817.0 
163072 288 0.0999969960769904 10874.0 
163328 289 0.0999969960769904 10924.0 
163584 290 0.0999969960769904 11062.0 
163840 291 0.0999969960769904 11110.0 
164096 292 0.0999969960769904 11193.0 
164352 293 0.0999969960769904 11261.0 
164608 293 0.0999969960769904 11269.0 
164864 294 0.0999969960769904 11318.0 
165120 294 0.0999969960769904 11386.0 
165376 295 0.0999969960769904 11442.0 
165632 295 0.0999969960769904 11430.0 
165888 295 0.0999969960769904 11437.0 
166144 296 0.0999969960769904 11498.0 
166400 297 0.0999969960769904 11559.0 
166656 297 0.0999969960769904 11641.0 
166912 299 0.0999969960769904 11768.0 
167168 299 0.0999969960769904 11798.0 
167424 300 0.0999969960769904 11890.0 
167680 301 0.0999969960769904 11951.0 
167936 301 0.0999969960769904 11988.0 
168192 302 0.0999969960769904 12081.0 
168448 303 0.0999969960769904 12094.0 
168704 303 0.0999969960769904 12177.0 
168960 304 0.0999969960769904 12205.0 
169216 304 0.0999969960769904 12254.0 
169472 305 0.0999969960769904 12315.0 
169728 306 0.0999969960769904 12394.0 
169984 307 0.0999969960769904 12462.0 
170240 308 0.0999969960769904 12522.0 
170496 309 0.0999969960769904 12563.0 
170752 310 0.0999969960769904 12623.0 
171008 311 0.0999969960769904 12737.0 
171264 311 0.0999969960769904 12783.0 
171520 312 0.0999969960769904 12837.0 
171776 312 0.0999969960769904 12841.0 
172032 313 0.0999969960769904 12913.0 
172288 314 0.0999969960769904 12957.0 
172544 314 0.0999969960769904 13012.0 
172800 315 0.0999969960769904 13070.0 
173056 316 0.0999969960769904 13173.0 
173312 317 0.0999969960769904 13292.0 
173568 318 0.0999969960769904 13338.0 
173824 319 0.0999969960769904 13436.0 
174080 320 0.0999969960769904 13511.0 
174336 321 0.0999969960769904 13620.0 
174592 322 0.0999969960769904 13701.0 
174848 322 0.0999969960769904 13736.0 
175104 323 0.0999969960769904 13825.0 
175360 324 0.0999969960769904 13874.0 
175616 325 0.0999969960769904 13953.0 
175872 325 0.0999969960769904 13996.0 
176128 326 0.0999969960769904 14049.0 
176384 327 0.0999969960769904 14124.0 
176640 327 0.0999969960769904 14177.0 
176896 327 0.0999969960769904 14184.0 
177152 328 0.0999969960769904 14244.0 
177408 329 0.0999969960769904 14323.0 
177664 330 0.0999969960769904 14412.0 
177920 330 0.0999969960769904 14447.0 
178176 331 0.0999969960769904 14500.0 
178432 331 0.0999969960769904 14550.0 
178688 332 0.0999969960769904 14608.0 
178944 333 0.0999969960769904 14663.0 
179200 333 0.0999969960769904 14676.0 
179456 333 0.0999969960769904 14744.0 
179712 334 0.0999969960769904 14815.0 
179968 335 0.0999969960769904 14862.0 
180224 336 0.0999969960769904 14926.0 
180480 337 0.0999969960769904 14945.0 
180736 337 0.0999969960769904 15028.0 
180992 338 0.0999969960769904 15075.0 
181248 339 0.0999969960769904 15121.0 
181504 339 0.0999969960769904 15153.0 
181760 340 0.0999969960769904 15184.0 
182016 340 0.0999969960769904 15218.0 
182272 341 0.0999969960769904 15308.0 
182528 342 0.0999969960769904 15382.0 
182784 342 0.0999969960769904 15411.0 
183040 342 0.0999969960769904 15449.0 
183296 343 0.0999969960769904 15452.0 
183552 343 0.0999969960769904 15500.0 
183808 344 0.0999969960769904 15545.0 
184064 345 0.0999969960769904 15612.0 
184320 345 0.0999969960769904 15675.0 
184576 346 0.0999969960769904 15743.0 
184832 347 0.0999969960769904 15836.0 
185088 348 0.0999969960769904 15896.0 
185344 349 0.0999969960769904 15956.0 
185600 349 0.0999969960769904 16026.0 
185856 350 0.0999969960769904 16091.0 
186112 350 0.0999969960769904 16126.0 
186368 351 0.0999969960769904 16186.0 
186624 352 0.0999969960769904 16234.0 
186880 353 0.0999969960769904 16329.0 
187136 353 0.0999969960769904 16349.0 
187392 354 0.0999969960769904 16401.0 
187648 354 0.0999969960769904 16455.0 
187904 355 0.0999969960769904 16464.0 
188160 355 0.0999969960769904 16532.0 
188416 356 0.0999969960769904 16574.0 
188672 356 0.0999969960769904 16623.0 
188928 357 0.0999969960769904 16643.0 
189184 357 0.0999969960769904 16694.0 
189440 358 0.0999969960769904 16731.0 
189696 359 0.0999969960769904 16814.0 
189952 359 0.0999969960769904 16877.0 
190208 361 0.0999969960769904 16965.0 
190464 362 0.0999969960769904 17022.0 
190720 363 0.0999969960769904 17130.0 
190976 363 0.0999969960769904 17157.0 
191232 364 0.0999969960769904 17238.0 
191488 365 0.0999969960769904 17286.0 
191744 365 0.0999969960769904 17358.0 
192000 366 0.0999969960769904 17430.0 
192256 367 0.0999969960769904 17528.0 
192512 368 0.0999969960769904 17572.0 
192768 368 0.0999969960769904 17634.0 
193024 369 0.0999969960769904 17726.0 
193280 370 0.0999969960769904 17795.0 
193536 371 0.0999969960769904 17893.0 
193792 372 0.0999969960769904 18003.0 
194048 373 0.0999969960769904 18063.0 
194304 373 0.0999969960769904 18054.0 
194560 373 0.0999969960769904 18047.0 
194816 373 0.0999969960769904 18034.0 
195072 373 0.0999969960769904 18090.0 
195328 374 0.0999969960769904 18151.0 
195584 375 0.0999969960769904 18229.0 
195840 375 0.0999969960769904 18278.0 
196096 376 0.0999969960769904 18354.0 
196352 377 0.0999969960769904 18379.0 
196608 377 0.0999969960769904 18450.0 
196864 378 0.0999969960769904 18534.0 
197120 380 0.0999969960769904 18680.0 
197376 381 0.0999969960769904 18765.0 
197632 381 0.0999969960769904 18814.0 
197888 381 0.0999969960769904 18827.0 
198144 382 0.0999969960769904 18864.0 
198400 382 0.0999969960769904 18896.0 
198656 383 0.0999969960769904 18949.0 
198912 384 0.0999969960769904 19018.0 
199168 384 0.0999969960769904 19041.0 
199424 384 0.0999969960769904 19068.0 
199680 385 0.0999969960769904 19071.0 
199936 385 0.0999969960769904 19126.0 
200192 387 0.0999969960769904 19213.0 
200448 388 0.0999969960769904 19322.0 
200704 389 0.0999969960769904 19393.0 
200960 390 0.0999969960769904 19515.0 
201216 391 0.0999969960769904 19580.0 
201472 391 0.0999969960769904 19600.0 
201728 392 0.0999969960769904 19640.0 
201984 393 0.0999969960769904 19714.0 
202240 393 0.0999969960769904 19797.0 
202496 395 0.0999969960769904 19911.0 
202752 395 0.0999969960769904 19991.0 
203008 396 0.0999969960769904 20063.0 
203264 396 0.0999969960769904 20027.0 
