256 0 -6.0 
512 0 -14.0 
768 0 29.0 
1024 0 24.0 
1280 0 21.0 
1536 0 24.0 
1792 0 11.0 
2048 0 10.0 
2304 0 -2.0 
2560 0 -8.0 
2816 0 -16.0 
3072 1 50.0 
3328 1 48.0 
3584 1 55.0 
3840 1 44.0 
4096 1 46.0 
4352 1 44.0 
4608 1 25.0 
4864 1 18.0 
5120 1 6.0 
5376 1 -10.0 
5632 1 -26.0 
5888 2 -25.0 
6144 2 -37.0 
6400 2 -22.0 
6656 2 -26.0 
6912 2 -19.0 
7168 2 -18.0 
7424 2 -31.0 
7680 2 -17.0 
7936 2 -11.0 
8192 3 -17.0 
8448 3 -11.0 
8704 3 -19.0 
8960 3 -12.0 
9216 3 14.0 
9472 3 19.0 
9728 3 12.0 
9984 3 -2.0 
10240 3 -17.0 
10496 3 -32.0 
10752 3 -52.0 
11008 3 -64.0 
11264 4 -72.0 
11520 4 -67.0 
11776 4 -54.0 
12032 4 -60.0 
12288 4 -47.0 
12544 4 -51.0 
12800 4 -58.0 
13056 4 -68.0 
13312 4 -83.0 
13568 4 -97.0 
13824 4 -108.0 
14080 5 -114.0 
14336 5 -105.0 
14592 5 -113.0 
14848 5 -124.0 
15104 5 -112.0 
15360 5 -117.0 
15616 5 -122.0 
15872 5 -132.0 
16128 5 -145.0 
16384 6 -153.0 
16640 6 -131.0 
16896 6 -152.0 
17152 6 -142.0 
17408 6 -163.0 
17664 6 -173.0 
17920 6 -164.0 
18176 6 -186.0 
18432 6 -189.0 
18688 6 -196.0 
18944 6 -212.0 
19200 6 -221.0 
19456 6 -229.0 
19712 6 -238.0 
19968 6 -244.0 
20224 6 -252.0 
20480 7 -254.0 
