256 0 -0.25600000000000017 
512 0 -0.5120000000000003 
768 0 -0.7680000000000006 
1024 0 -1.023999999999998 
1280 0 -1.2799999999999698 
1536 0 -1.5359999999999416 
1792 0 -1.7919999999999134 
2048 0 -2.0479999999998855 
2304 0 -2.3039999999998573 
2560 0 -2.559999999999829 
2816 0 -2.815999999999801 
3072 0 -3.0719999999997727 
3328 0 -3.3279999999997445 
3584 0 -3.5839999999997163 
3840 0 -3.839999999999688 
4096 0 -4.0959999999997025 
4352 0 -4.351999999999788 
4608 0 -4.6079999999998735 
4864 0 -4.863999999999959 
5120 0 -5.1200000000000445 
5376 0 -5.37600000000013 
5632 0 -5.6320000000002155 
5888 0 -5.888000000000301 
6144 0 -6.1440000000003865 
6400 0 -6.400000000000472 
6656 0 -6.6560000000005575 
6912 0 -6.912000000000643 
7168 0 -7.1680000000007285 
7424 0 -7.424000000000814 
7680 0 -7.680000000000899 
7936 0 -7.936000000000985 
8192 0 -8.192000000000899 
8448 0 -8.448000000000757 
8704 0 -8.704000000000615 
8960 0 -8.960000000000473 
9216 0 -9.216000000000331 
9472 0 -9.47200000000019 
9728 0 -9.728000000000048 
9984 0 -9.983999999999906 
10240 0 -10.239999999999764 
10496 0 -10.495999999999622 
10752 0 -10.75199999999948 
11008 0 -11.007999999999338 
11264 0 -11.263999999999196 
11520 0 -11.519999999999055 
11776 0 -11.775999999998913 
12032 0 -12.03199999999877 
12288 0 -12.287999999998629 
12544 0 -12.543999999998487 
12800 0 -12.799999999998345 
13056 0 -13.055999999998203 
13312 0 -13.311999999998061 
13568 0 -13.56799999999792 
13824 0 -13.823999999997778 
14080 0 -14.079999999997636 
14336 0 -14.335999999997494 
14592 0 -14.591999999997352 
14848 0 -14.84799999999721 
15104 0 -15.103999999997068 
15360 0 -15.359999999996926 
15616 0 -15.615999999996784 
15872 0 -15.871999999996643 
16128 0 -16.127999999996728 
16384 0 -16.38399999999704 
16640 0 -16.639999999997354 
16896 0 -16.895999999997667 
17152 0 -17.15199999999798 
17408 0 -17.407999999998292 
17664 0 -17.663999999998605 
17920 0 -17.919999999998918 
18176 0 -18.17599999999923 
18432 0 -18.431999999999544 
18688 0 -18.687999999999857 
18944 0 -18.94400000000017 
19200 0 -19.200000000000482 
19456 0 -19.456000000000795 
19712 0 -19.712000000001108 
19968 0 -19.96800000000142 
20224 0 -20.224000000001734 
20480 0 -20.480000000002047 
20736 0 -20.73600000000236 
20992 0 -20.992000000002673 
21248 0 -21.248000000002985 
21504 0 -21.5040000000033 
21760 0 -21.76000000000361 
22016 0 -22.016000000003924 
22272 0 -22.272000000004237 
22528 0 -22.52800000000455 
22784 0 -22.784000000004863 
23040 0 -23.040000000005175 
23296 0 -23.29600000000549 
23552 0 -23.5520000000058 
23808 0 -23.808000000006114 
24064 0 -24.064000000006427 
24320 0 -24.32000000000674 
24576 0 -24.576000000007053 
24832 0 -24.832000000007366 
25088 1 -24.087000000007677 
25344 1 -24.34300000000799 
25600 1 -24.599000000008303 
25856 1 -24.855000000008616 
26112 1 -25.11100000000893 
26368 1 -25.36700000000924 
26624 1 -25.623000000009554 
26880 1 -25.879000000009867 
27136 1 -26.13500000001018 
27392 1 -26.391000000010493 
27648 1 -26.647000000010806 
27904 1 -26.90300000001112 
28160 1 -27.15900000001143 
28416 1 -27.415000000011744 
28672 1 -27.671000000012057 
28928 1 -27.92700000001237 
29184 1 -28.183000000012683 
29440 1 -28.439000000012996 
29696 1 -28.69500000001331 
29952 1 -28.95100000001362 
30208 1 -29.207000000013934 
30464 1 -29.463000000014247 
30720 1 -29.71900000001456 
30976 1 -29.975000000014873 
31232 1 -30.231000000015186 
31488 1 -30.4870000000155 
31744 1 -30.74300000001581 
32000 1 -30.999000000016125 
32256 1 -31.255000000016437 
32512 1 -31.51100000001675 
32768 1 -31.767000000017063 
33024 1 -32.02300000001729 
33280 1 -32.279000000016694 
33536 1 -32.5350000000161 
33792 1 -32.7910000000155 
34048 1 -33.047000000014904 
34304 1 -33.30300000001431 
34560 1 -33.55900000001371 
34816 1 -33.815000000013114 
35072 1 -34.07100000001252 
35328 1 -34.32700000001192 
35584 1 -34.583000000011324 
35840 2 -33.83800000001073 
36096 2 -34.09400000001013 
36352 2 -34.35000000000954 
36608 2 -34.60600000000894 
36864 2 -34.862000000008344 
37120 2 -35.11800000000775 
37376 3 -34.37300000000715 
37632 3 -34.629000000006556 
37888 3 -34.88500000000596 
38144 3 -35.14100000000536 
38400 3 -35.397000000004766 
38656 3 -35.65300000000417 
38912 4 -34.908000000003575 
39168 4 -35.16400000000298 
39424 4 -35.42000000000238 
39680 4 -35.676000000001785 
39936 4 -35.93200000000119 
40192 4 -36.18800000000059 
40448 4 -36.443999999999996 
40704 4 -36.6999999999994 
40960 4 -36.9559999999988 
41216 4 -37.211999999998206 
41472 4 -37.46799999999761 
41728 4 -37.72399999999701 
41984 4 -37.979999999996416 
42240 4 -38.23599999999582 
42496 4 -38.49199999999522 
42752 5 -37.74699999999463 
43008 5 -38.00299999999403 
43264 5 -38.258999999993435 
43520 5 -38.51499999999284 
43776 5 -38.77099999999224 
44032 5 -39.026999999991645 
44288 5 -39.28299999999105 
44544 5 -39.53899999999045 
44800 5 -39.794999999989855 
45056 6 -39.04999999998926 
45312 6 -39.305999999988664 
45568 6 -39.56199999998807 
45824 7 -38.81699999998747 
46080 7 -39.07299999998688 
46336 7 -39.32899999998628 
46592 7 -39.58499999998568 
46848 7 -39.84099999998509 
47104 7 -40.09699999998449 
47360 7 -40.35299999998389 
47616 7 -40.6089999999833 
47872 7 -40.8649999999827 
48128 7 -41.120999999982104 
48384 8 -40.37599999998151 
48640 8 -40.63199999998091 
48896 8 -40.887999999980316 
49152 8 -41.14399999997972 
49408 8 -41.39999999997912 
49664 8 -41.655999999978526 
49920 8 -41.91199999997793 
50176 8 -42.16799999997733 
50432 8 -42.423999999976736 
50688 8 -42.67999999997614 
50944 8 -42.93599999997554 
51200 8 -43.191999999974946 
51456 8 -43.44799999997435 
51712 8 -43.70399999997375 
51968 9 -42.95899999997316 
52224 9 -43.21499999997256 
52480 9 -43.470999999971966 
52736 9 -43.72699999997137 
52992 9 -43.98299999997077 
53248 9 -44.238999999970176 
53504 10 -43.49399999996958 
53760 10 -43.749999999968985 
54016 10 -44.00599999996839 
54272 10 -44.26199999996779 
54528 10 -44.517999999967195 
54784 11 -43.7729999999666 
55040 11 -44.028999999966004 
55296 11 -44.28499999996541 
55552 12 -43.53999999996481 
55808 12 -43.795999999964216 
56064 12 -44.05199999996362 
56320 12 -44.30799999996302 
56576 13 -43.56299999996243 
56832 13 -43.81899999996183 
57088 13 -44.074999999961236 
57344 13 -44.33099999996064 
57600 13 -44.58699999996004 
57856 13 -44.842999999959446 
58112 13 -45.09899999995885 
58368 14 -44.353999999958255 
58624 14 -44.60999999995766 
58880 14 -44.86599999995706 
59136 15 -44.12099999995647 
59392 15 -44.37699999995587 
59648 15 -44.632999999955274 
59904 15 -44.88899999995468 
60160 16 -44.14399999995408 
60416 16 -44.39999999995349 
60672 16 -44.65599999995289 
60928 16 -44.91199999995229 
61184 16 -45.1679999999517 
61440 16 -45.4239999999511 
61696 16 -45.6799999999505 
61952 16 -45.93599999994991 
62208 16 -46.19199999994931 
62464 16 -46.44799999994871 
62720 17 -45.70299999994812 
62976 17 -45.95899999994752 
63232 17 -46.214999999946926 
63488 17 -46.47099999994633 
63744 18 -45.725999999945735 
64000 18 -45.98199999994514 
64256 18 -46.23799999994454 
64512 18 -46.493999999943945 
64768 18 -46.74999999994335 
65024 18 -47.00599999994275 
65280 18 -47.261999999942155 
65536 18 -47.51799999994156 
65792 18 -47.77399999994096 
66048 18 -48.029999999940365 
66304 18 -48.28599999993977 
66560 19 -47.540999999939174 
66816 19 -47.79699999993858 
67072 19 -48.05299999993798 
67328 19 -48.308999999937384 
67584 19 -48.56499999993679 
67840 19 -48.82099999993619 
68096 19 -49.076999999935595 
68352 20 -48.331999999935 
68608 20 -48.587999999934404 
68864 20 -48.84399999993381 
69120 20 -49.09999999993321 
69376 20 -49.355999999932614 
69632 20 -49.61199999993202 
69888 21 -48.86699999993142 
70144 21 -49.122999999930826 
70400 21 -49.37899999993023 
70656 22 -48.633999999929635 
70912 22 -48.88999999992904 
71168 22 -49.14599999992844 
71424 22 -49.401999999927845 
71680 22 -49.65799999992725 
71936 23 -48.912999999926654 
72192 23 -49.16899999992606 
72448 23 -49.42499999992546 
72704 23 -49.680999999924865 
72960 23 -49.93699999992427 
73216 24 -49.191999999923674 
73472 24 -49.44799999992308 
73728 24 -49.70399999992248 
73984 24 -49.959999999921884 
74240 25 -49.21499999992129 
74496 25 -49.47099999992069 
74752 25 -49.726999999920096 
75008 25 -49.9829999999195 
75264 26 -49.237999999918905 
75520 26 -49.49399999991831 
75776 26 -49.74999999991771 
76032 26 -50.005999999917115 
76288 26 -50.26199999991652 
76544 27 -49.516999999915924 
76800 27 -49.77299999991533 
77056 27 -50.02899999991473 
77312 27 -50.284999999914135 
77568 27 -50.54099999991354 
77824 28 -49.795999999912944 
78080 28 -50.05199999991235 
78336 28 -50.30799999991175 
78592 28 -50.563999999911154 
78848 29 -49.81899999991056 
79104 29 -50.07499999990996 
79360 29 -50.330999999909366 
79616 29 -50.58699999990877 
79872 30 -49.841999999908175 
80128 30 -50.09799999990758 
80384 30 -50.35399999990698 
80640 30 -50.609999999906385 
80896 30 -50.86599999990579 
81152 31 -50.120999999905194 
81408 31 -50.3769999999046 
81664 31 -50.632999999904 
81920 31 -50.888999999903405 
82176 32 -50.14399999990281 
82432 32 -50.399999999902214 
82688 32 -50.65599999990162 
82944 32 -50.91199999990102 
83200 33 -50.166999999900426 
83456 33 -50.42299999989983 
83712 33 -50.67899999989923 
83968 33 -50.934999999898636 
84224 33 -51.19099999989804 
84480 34 -50.445999999897445 
84736 34 -50.70199999989685 
84992 34 -50.95799999989625 
85248 34 -51.213999999895655 
85504 34 -51.46999999989506 
85760 34 -51.72599999989446 
86016 34 -51.981999999893866 
86272 34 -52.23799999989327 
86528 34 -52.49399999989267 
86784 35 -51.74899999989208 
87040 35 -52.00499999989148 
87296 35 -52.260999999890885 
87552 35 -52.51699999989029 
87808 36 -51.771999999889694 
88064 36 -52.0279999998891 
88320 36 -52.2839999998885 
88576 36 -52.539999999887904 
88832 36 -52.79599999988731 
89088 36 -53.05199999988671 
89344 36 -53.307999999886114 
89600 37 -52.56299999988552 
89856 37 -52.81899999988492 
90112 37 -53.07499999988433 
90368 38 -52.32999999988373 
90624 38 -52.585999999883136 
90880 38 -52.84199999988254 
91136 38 -53.09799999988194 
91392 38 -53.353999999881346 
91648 39 -52.60899999988075 
91904 39 -52.864999999880155 
92160 39 -53.12099999987956 
92416 39 -53.37699999987896 
92672 40 -52.63199999987837 
92928 40 -52.88799999987777 
93184 40 -53.143999999877174 
93440 41 -52.39899999987658 
93696 41 -52.65499999987598 
93952 41 -52.910999999875386 
94208 41 -53.16699999987479 
94464 42 -52.421999999874195 
94720 42 -52.6779999998736 
94976 42 -52.933999999873 
95232 42 -53.189999999872406 
95488 43 -52.44499999987181 
95744 43 -52.700999999871215 
96000 43 -52.95699999987062 
96256 43 -53.21299999987002 
96512 44 -52.46799999986943 
96768 44 -52.72399999986883 
97024 44 -52.979999999868234 
97280 45 -52.23499999986764 
97536 45 -52.49099999986704 
97792 45 -52.746999999866446 
98048 46 -52.00199999986585 
98304 46 -52.257999999865255 
98560 46 -52.51399999986466 
98816 46 -52.76999999986406 
99072 47 -52.02499999986347 
99328 47 -52.28099999986287 
99584 48 -51.53599999986228 
99840 48 -51.79199999986168 
100096 48 -52.047999999861084 
100352 49 -51.30299999986049 
100608 49 -51.55899999985989 
100864 49 -51.814999999859296 
101120 49 -52.0709999998587 
101376 49 -52.3269999998581 
101632 50 -51.58199999985751 
101888 50 -51.83799999985691 
102144 50 -52.093999999856315 
102400 50 -52.34999999985572 
102656 50 -52.60599999985512 
102912 50 -52.861999999854525 
103168 51 -52.11699999985393 
103424 51 -52.372999999853334 
103680 51 -52.62899999985274 
103936 51 -52.88499999985214 
104192 51 -53.140999999851545 
104448 52 -52.39599999985095 
104704 52 -52.651999999850354 
104960 52 -52.90799999984976 
105216 52 -53.16399999984916 
105472 53 -52.418999999848566 
105728 53 -52.67499999984797 
105984 53 -52.93099999984737 
106240 53 -53.186999999846776 
106496 53 -53.44299999984618 
106752 53 -53.69899999984558 
107008 53 -53.954999999844986 
107264 53 -54.21099999984439 
107520 54 -53.465999999843795 
107776 54 -53.7219999998432 
108032 54 -53.9779999998426 
108288 54 -54.233999999842005 
108544 55 -53.48899999984141 
108800 55 -53.744999999840815 
109056 55 -54.00099999984022 
109312 56 -53.255999999839624 
109568 56 -53.51199999983903 
109824 56 -53.76799999983843 
110080 56 -54.023999999837834 
110336 57 -53.27899999983724 
110592 57 -53.53499999983664 
110848 57 -53.790999999836046 
111104 57 -54.04699999983545 
111360 58 -53.301999999834855 
111616 58 -53.55799999983426 
111872 58 -53.81399999983366 
112128 58 -54.069999999833065 
112384 58 -54.32599999983247 
112640 58 -54.58199999983187 
112896 59 -53.83699999983128 
113152 59 -54.09299999983068 
113408 59 -54.348999999830085 
113664 60 -53.60399999982949 
113920 60 -53.859999999828894 
114176 60 -54.1159999998283 
114432 61 -53.3709999998277 
114688 61 -53.626999999827106 
114944 61 -53.88299999982651 
115200 62 -53.137999999825915 
115456 62 -53.39399999982532 
115712 62 -53.64999999982472 
115968 62 -53.905999999824125 
116224 63 -53.16099999982353 
116480 63 -53.416999999822934 
116736 63 -53.67299999982234 
116992 63 -53.92899999982174 
117248 63 -54.184999999821144 
117504 64 -53.43999999982055 
117760 64 -53.69599999981995 
118016 64 -53.95199999981936 
118272 64 -54.20799999981876 
118528 65 -53.462999999818166 
118784 65 -53.71899999981757 
119040 65 -53.97499999981697 
119296 65 -54.230999999816376 
119552 65 -54.48699999981578 
119808 66 -53.741999999815185 
120064 66 -53.99799999981459 
120320 66 -54.25399999981399 
120576 67 -53.5089999998134 
120832 67 -53.7649999998128 
121088 67 -54.020999999812204 
121344 68 -53.27599999981161 
121600 68 -53.53199999981101 
121856 68 -53.78799999981042 
122112 68 -54.04399999980982 
122368 68 -54.29999999980922 
122624 69 -53.55499999980863 
122880 69 -53.81099999980803 
123136 69 -54.066999999807436 
123392 69 -54.32299999980684 
123648 69 -54.57899999980624 
123904 69 -54.834999999805646 
124160 70 -54.08999999980505 
124416 70 -54.345999999804455 
124672 70 -54.60199999980386 
124928 71 -53.856999999803264 
125184 71 -54.11299999980267 
125440 71 -54.36899999980207 
125696 71 -54.624999999801474 
125952 71 -54.88099999980088 
126208 71 -55.13699999980028 
126464 72 -54.39199999979969 
126720 72 -54.64799999979909 
126976 72 -54.90399999979849 
127232 72 -55.1599999997979 
127488 73 -54.4149999997973 
127744 73 -54.670999999796706 
128000 73 -54.92699999979611 
128256 74 -54.181999999795515 
128512 74 -54.43799999979492 
128768 74 -54.69399999979432 
129024 75 -53.94899999979373 
129280 75 -54.20499999979313 
129536 75 -54.460999999792534 
129792 75 -54.71699999979194 
130048 76 -53.97199999979134 
130304 76 -54.22799999979075 
130560 76 -54.48399999979015 
130816 77 -53.738999999789556 
131072 77 -53.99499999978896 
131328 77 -54.25099999978836 
131584 77 -54.506999999787766 
131840 78 -53.76199999978717 
132096 78 -54.017999999786575 
132352 78 -54.27399999978598 
132608 78 -54.52999999978538 
132864 78 -54.785999999784785 
133120 78 -55.04199999978419 
133376 78 -55.29799999978359 
133632 79 -54.552999999783 
133888 79 -54.8089999997824 
134144 79 -55.064999999781804 
134400 79 -55.32099999978121 
134656 79 -55.57699999978061 
134912 80 -54.83199999978002 
135168 80 -55.08799999977942 
135424 80 -55.34399999977882 
135680 81 -54.59899999977823 
135936 81 -54.85499999977763 
136192 81 -55.110999999777036 
136448 81 -55.36699999977644 
136704 81 -55.62299999977584 
136960 82 -54.87799999977525 
137216 82 -55.13399999977465 
137472 82 -55.389999999774055 
137728 83 -54.64499999977346 
137984 83 -54.900999999772864 
138240 83 -55.15699999977227 
138496 84 -54.41199999977167 
138752 84 -54.66799999977108 
139008 84 -54.92399999977048 
139264 84 -55.17999999976988 
139520 85 -54.43499999976929 
139776 85 -54.69099999976869 
140032 85 -54.946999999768096 
140288 85 -55.2029999997675 
140544 85 -55.4589999997669 
140800 86 -54.71399999976631 
141056 86 -54.96999999976571 
141312 87 -54.22499999976512 
141568 87 -54.48099999976452 
141824 87 -54.736999999763924 
142080 87 -54.99299999976333 
142336 87 -55.24899999976273 
142592 88 -54.50399999976214 
142848 88 -54.75999999976154 
143104 88 -55.01599999976094 
143360 89 -54.27099999976035 
143616 89 -54.52699999975975 
143872 90 -53.78199999975916 
144128 90 -54.03799999975856 
144384 90 -54.293999999757965 
144640 90 -54.54999999975737 
144896 91 -53.804999999756774 
145152 91 -54.06099999975618 
145408 91 -54.31699999975558 
145664 91 -54.572999999754984 
145920 91 -54.82899999975439 
146176 92 -54.08399999975379 
146432 92 -54.339999999753196 
146688 93 -53.5949999997526 
146944 93 -53.850999999752005 
147200 93 -54.10699999975141 
147456 93 -54.36299999975081 
147712 93 -54.618999999750216 
147968 94 -53.87399999974962 
148224 94 -54.129999999749025 
148480 94 -54.38599999974843 
148736 94 -54.64199999974783 
148992 94 -54.897999999747235 
149248 95 -54.15299999974664 
149504 95 -54.408999999746044 
149760 95 -54.66499999974545 
150016 95 -54.92099999974485 
150272 96 -54.175999999744256 
150528 96 -54.43199999974366 
150784 96 -54.68799999974306 
151040 97 -53.94299999974247 
151296 97 -54.19899999974187 
151552 97 -54.454999999741275 
151808 97 -54.71099999974068 
152064 98 -53.965999999740085 
152320 98 -54.22199999973949 
152576 98 -54.47799999973889 
152832 99 -53.7329999997383 
153088 99 -53.9889999997377 
153344 100 -53.243999999737106 
153600 100 -53.49999999973651 
153856 100 -53.75599999973591 
154112 100 -54.011999999735316 
154368 100 -54.26799999973472 
154624 100 -54.52399999973412 
154880 101 -53.77899999973353 
155136 101 -54.03499999973293 
155392 101 -54.290999999732335 
155648 101 -54.54699999973174 
155904 102 -53.801999999731144 
156160 102 -54.05799999973055 
156416 102 -54.31399999972995 
156672 103 -53.56899999972936 
156928 103 -53.82499999972876 
157184 103 -54.080999999728164 
157440 103 -54.33699999972757 
157696 104 -53.59199999972697 
157952 104 -53.847999999726376 
158208 104 -54.10399999972578 
158464 104 -54.35999999972518 
158720 105 -53.61499999972459 
158976 105 -53.87099999972399 
159232 105 -54.126999999723395 
159488 106 -53.3819999997228 
159744 106 -53.637999999722204 
160000 106 -53.89399999972161 
160256 106 -54.14999999972101 
160512 107 -53.40499999972042 
160768 107 -53.66099999971982 
161024 107 -53.91699999971922 
161280 108 -53.17199999971863 
161536 108 -53.42799999971803 
161792 108 -53.683999999717436 
162048 108 -53.93999999971684 
162304 109 -53.194999999716245 
162560 109 -53.45099999971565 
162816 109 -53.70699999971505 
163072 109 -53.962999999714455 
163328 109 -54.21899999971386 
163584 110 -53.473999999713264 
163840 110 -53.72999999971267 
164096 110 -53.98599999971207 
164352 110 -54.241999999711474 
164608 111 -53.49699999971088 
164864 111 -53.75299999971028 
165120 112 -53.00799999970969 
165376 112 -53.26399999970909 
165632 112 -53.519999999708496 
165888 112 -53.7759999997079 
166144 113 -53.030999999707305 
166400 113 -53.28699999970671 
166656 113 -53.54299999970611 
166912 114 -52.79799999970552 
167168 114 -53.05399999970492 
167424 114 -53.309999999704324 
167680 114 -53.56599999970373 
167936 114 -53.82199999970313 
168192 115 -53.07699999970254 
168448 115 -53.33299999970194 
168704 115 -53.58899999970134 
168960 115 -53.84499999970075 
169216 116 -53.09999999970015 
169472 116 -53.355999999699556 
169728 117 -52.61099999969896 
169984 117 -52.866999999698365 
170240 117 -53.12299999969777 
170496 117 -53.37899999969717 
170752 117 -53.634999999696575 
171008 118 -52.88999999969598 
171264 118 -53.145999999695384 
171520 119 -52.40099999969479 
171776 119 -52.65699999969419 
172032 119 -52.9129999996936 
172288 120 -52.167999999693 
172544 120 -52.423999999692406 
172800 120 -52.67999999969181 
173056 120 -52.93599999969121 
173312 121 -52.19099999969062 
173568 121 -52.44699999969002 
173824 121 -52.702999999689425 
174080 121 -52.95899999968883 
174336 122 -52.213999999688234 
174592 122 -52.46999999968764 
174848 122 -52.72599999968704 
175104 122 -52.981999999686444 
175360 123 -52.23699999968585 
175616 123 -52.49299999968525 
175872 123 -52.748999999684656 
176128 123 -53.00499999968406 
176384 124 -52.259999999683465 
176640 124 -52.51599999968287 
176896 124 -52.77199999968227 
177152 125 -52.02699999968168 
177408 125 -52.28299999968108 
177664 125 -52.538999999680485 
177920 126 -51.79399999967989 
178176 126 -52.049999999679294 
178432 126 -52.3059999996787 
178688 126 -52.5619999996781 
178944 127 -51.816999999677506 
179200 127 -52.07299999967691 
179456 127 -52.32899999967631 
179712 127 -52.584999999675716 
179968 128 -51.83999999967512 
180224 128 -52.095999999674525 
180480 129 -51.35099999967393 
180736 129 -51.606999999673334 
180992 129 -51.86299999967274 
181248 130 -51.11799999967214 
181504 130 -51.37399999967155 
181760 131 -50.62899999967095 
182016 131 -50.884999999670356 
182272 131 -51.14099999966976 
182528 132 -50.395999999669165 
182784 132 -50.65199999966857 
183040 132 -50.90799999966797 
183296 133 -50.16299999966738 
183552 133 -50.41899999966678 
183808 133 -50.674999999666184 
184064 134 -49.92999999966559 
184320 134 -50.18599999966499 
184576 134 -50.4419999996644 
184832 135 -49.6969999996638 
185088 135 -49.952999999663206 
185344 136 -49.20799999966261 
185600 136 -49.463999999662015 
185856 137 -48.71899999966142 
186112 137 -48.974999999660824 
186368 137 -49.23099999966023 
186624 137 -49.48699999965963 
186880 137 -49.742999999659034 
187136 137 -49.99899999965844 
187392 138 -49.25399999965784 
187648 138 -49.509999999657246 
187904 138 -49.76599999965665 
188160 138 -50.02199999965605 
188416 138 -50.27799999965546 
188672 139 -49.53299999965486 
188928 139 -49.788999999654266 
189184 139 -50.04499999965367 
189440 140 -49.299999999653075 
189696 140 -49.55599999965248 
189952 140 -49.81199999965188 
190208 140 -50.067999999651285 
190464 141 -49.32299999965069 
190720 141 -49.578999999650094 
190976 141 -49.8349999996495 
191232 141 -50.0909999996489 
191488 142 -49.345999999648306 
191744 142 -49.60199999964771 
192000 142 -49.85799999964711 
192256 143 -49.11299999964652 
192512 143 -49.36899999964592 
192768 143 -49.624999999645325 
193024 144 -48.87999999964473 
193280 144 -49.135999999644135 
193536 144 -49.39199999964354 
193792 145 -48.646999999642944 
194048 145 -48.90299999964235 
194304 145 -49.15899999964175 
194560 145 -49.414999999641154 
194816 146 -48.66999999964056 
195072 146 -48.92599999963996 
195328 146 -49.181999999639366 
195584 146 -49.43799999963877 
195840 146 -49.69399999963817 
196096 147 -48.94899999963758 
196352 147 -49.20499999963698 
196608 147 -49.460999999636385 
196864 148 -48.71599999963579 
197120 148 -48.971999999635194 
197376 149 -48.2269999996346 
197632 149 -48.482999999634 
197888 149 -48.73899999963341 
198144 149 -48.99499999963281 
198400 150 -48.249999999632216 
198656 150 -48.50599999963162 
198912 150 -48.76199999963102 
199168 151 -48.01699999963043 
199424 151 -48.27299999962983 
199680 152 -47.52799999962924 
199936 152 -47.78399999962864 
200192 153 -47.03899999962805 
200448 153 -47.29499999962745 
200704 153 -47.55099999962685 
200960 153 -47.80699999962626 
201216 154 -47.06199999962566 
201472 154 -47.317999999625066 
201728 154 -47.57399999962447 
201984 154 -47.82999999962387 
202240 155 -47.08499999962328 
202496 155 -47.34099999962268 
202752 155 -47.596999999622085 
203008 155 -47.85299999962149 
203264 156 -47.107999999620894 
203520 156 -47.3639999996203 
203776 156 -47.6199999996197 
204032 157 -46.87499999961911 
204288 157 -47.13099999961851 
204544 157 -47.38699999961791 
204800 157 -47.64299999961732 
205056 157 -47.89899999961672 
205312 158 -47.153999999616126 
205568 158 -47.40999999961553 
205824 158 -47.66599999961493 
206080 159 -46.92099999961434 
206336 159 -47.17699999961374 
206592 160 -46.43199999961315 
206848 160 -46.68799999961255 
207104 161 -45.942999999611956 
207360 161 -46.19899999961136 
207616 162 -45.453999999610765 
207872 162 -45.70999999961017 
208128 162 -45.96599999960957 
208384 162 -46.221999999608975 
208640 163 -45.47699999960838 
208896 163 -45.732999999607785 
209152 163 -45.98899999960719 
209408 163 -46.24499999960659 
209664 164 -45.499999999606 
209920 164 -45.7559999996054 
210176 165 -45.010999999604806 
210432 165 -45.26699999960421 
210688 165 -45.52299999960361 
210944 165 -45.778999999603016 
211200 166 -45.03399999960242 
211456 166 -45.289999999601825 
211712 166 -45.54599999960123 
211968 167 -44.800999999600634 
212224 167 -45.05699999960004 
212480 168 -44.31199999959944 
212736 168 -44.56799999959885 
212992 169 -43.82299999959825 
213248 169 -44.078999999597656 
213504 169 -44.33499999959706 
213760 169 -44.59099999959646 
214016 169 -44.846999999595866 
214272 170 -44.10199999959527 
214528 170 -44.357999999594675 
214784 170 -44.61399999959408 
215040 171 -43.868999999593484 
215296 171 -44.12499999959289 
215552 171 -44.38099999959229 
215808 171 -44.636999999591694 
216064 171 -44.8929999995911 
216320 172 -44.1479999995905 
216576 172 -44.40399999958991 
216832 173 -43.65899999958931 
217088 173 -43.914999999588716 
217344 173 -44.17099999958812 
217600 173 -44.42699999958752 
217856 174 -43.68199999958693 
218112 174 -43.93799999958633 
218368 174 -44.193999999585735 
218624 174 -44.44999999958514 
218880 175 -43.704999999584544 
219136 175 -43.96099999958395 
219392 175 -44.21699999958335 
219648 175 -44.472999999582754 
219904 176 -43.72799999958216 
220160 176 -43.98399999958156 
220416 176 -44.23999999958097 
220672 176 -44.49599999958037 
220928 176 -44.75199999957977 
221184 177 -44.00699999957918 
221440 177 -44.26299999957858 
221696 177 -44.518999999577986 
221952 177 -44.77499999957739 
222208 177 -45.03099999957679 
222464 177 -45.286999999576196 
222720 177 -45.5429999995756 
222976 178 -44.797999999575005 
223232 178 -45.05399999957441 
223488 179 -44.308999999573814 
223744 179 -44.56499999957322 
224000 179 -44.82099999957262 
224256 180 -44.075999999572026 
224512 180 -44.33199999957143 
224768 180 -44.58799999957083 
225024 181 -43.84299999957024 
225280 181 -44.09899999956964 
225536 181 -44.354999999569046 
225792 181 -44.61099999956845 
226048 181 -44.86699999956785 
226304 181 -45.122999999567256 
226560 182 -44.37799999956666 
226816 182 -44.633999999566065 
227072 182 -44.88999999956547 
227328 183 -44.144999999564874 
227584 183 -44.40099999956428 
227840 183 -44.65699999956368 
228096 183 -44.912999999563084 
228352 183 -45.16899999956249 
228608 184 -44.42399999956189 
228864 184 -44.679999999561296 
229120 185 -43.9349999995607 
229376 185 -44.190999999560105 
229632 185 -44.44699999955951 
229888 185 -44.70299999955891 
230144 186 -43.95799999955832 
230400 186 -44.21399999955772 
230656 186 -44.469999999557125 
230912 187 -43.72499999955653 
231168 187 -43.980999999555934 
231424 187 -44.23699999955534 
231680 187 -44.49299999955474 
231936 188 -43.747999999554146 
232192 188 -44.00399999955355 
232448 188 -44.25999999955295 
232704 189 -43.51499999955236 
232960 189 -43.77099999955176 
233216 190 -43.02599999955117 
233472 190 -43.28199999955057 
233728 191 -42.53699999954998 
233984 191 -42.79299999954938 
234240 191 -43.04899999954878 
234496 192 -42.30399999954819 
234752 192 -42.55999999954759 
235008 193 -41.814999999547 
235264 193 -42.0709999995464 
235520 193 -42.326999999545805 
235776 193 -42.58299999954521 
236032 194 -41.837999999544614 
236288 194 -42.09399999954402 
236544 194 -42.34999999954342 
236800 195 -41.60499999954283 
237056 195 -41.86099999954223 
237312 195 -42.11699999954163 
237568 196 -41.37199999954104 
237824 196 -41.62799999954044 
238080 196 -41.883999999539846 
238336 196 -42.13999999953925 
238592 197 -41.394999999538655 
238848 197 -41.65099999953806 
239104 197 -41.90699999953746 
239360 198 -41.16199999953687 
239616 198 -41.41799999953627 
239872 198 -41.673999999535674 
240128 199 -40.92899999953508 
240384 199 -41.18499999953448 
240640 199 -41.44099999953389 
240896 199 -41.69699999953329 
241152 200 -40.951999999532696 
241408 200 -41.2079999995321 
241664 200 -41.4639999995315 
241920 201 -40.71899999953091 
242176 201 -40.97499999953031 
242432 201 -41.230999999529715 
242688 202 -40.48599999952912 
242944 202 -40.741999999528524 
243200 202 -40.99799999952793 
243456 203 -40.25299999952733 
243712 203 -40.508999999526736 
243968 203 -40.76499999952614 
244224 203 -41.02099999952554 
244480 204 -40.27599999952495 
244736 204 -40.53199999952435 
244992 204 -40.787999999523755 
245248 204 -41.04399999952316 
245504 205 -40.298999999522565 
245760 205 -40.55499999952197 
246016 206 -39.809999999521374 
246272 206 -40.06599999952078 
246528 206 -40.32199999952018 
246784 207 -39.576999999519586 
247040 207 -39.83299999951899 
247296 207 -40.08899999951839 
247552 208 -39.3439999995178 
247808 208 -39.5999999995172 
248064 208 -39.855999999516605 
248320 208 -40.11199999951601 
248576 209 -39.366999999515414 
248832 209 -39.62299999951482 
249088 209 -39.87899999951422 
249344 209 -40.134999999513624 
249600 210 -39.38999999951303 
249856 210 -39.64599999951243 
250112 210 -39.90199999951184 
250368 210 -40.15799999951124 
250624 211 -39.412999999510646 
250880 211 -39.66899999951005 
251136 212 -38.923999999509455 
251392 212 -39.17999999950886 
251648 212 -39.43599999950826 
251904 213 -38.69099999950767 
252160 213 -38.94699999950707 
252416 213 -39.202999999506474 
252672 213 -39.45899999950588 
252928 214 -38.71399999950528 
253184 214 -38.96999999950469 
253440 215 -38.22499999950409 
253696 215 -38.480999999503496 
253952 215 -38.7369999995029 
254208 215 -38.9929999995023 
254464 216 -38.24799999950171 
254720 216 -38.50399999950111 
254976 216 -38.759999999500515 
255232 216 -39.01599999949992 
255488 216 -39.27199999949932 
255744 217 -38.52699999949873 
256000 217 -38.78299999949813 
256256 217 -39.038999999497534 
256512 217 -39.29499999949694 
256768 217 -39.55099999949634 
257024 218 -38.80599999949575 
257280 218 -39.06199999949515 
257536 218 -39.31799999949455 
257792 218 -39.57399999949396 
258048 218 -39.82999999949336 
258304 219 -39.084999999492766 
258560 219 -39.34099999949217 
258816 219 -39.59699999949157 
259072 219 -39.852999999490976 
259328 219 -40.10899999949038 
259584 219 -40.36499999948978 
259840 219 -40.620999999489186 
260096 220 -39.87599999948859 
260352 220 -40.131999999487995 
260608 220 -40.3879999994874 
260864 220 -40.6439999994868 
261120 221 -39.89899999948621 
261376 221 -40.15499999948561 
261632 221 -40.410999999485014 
261888 221 -40.66699999948442 
262144 222 -39.92199999948382 
262400 222 -40.17799999948323 
262656 222 -40.43399999948263 
262912 222 -40.68999999948203 
263168 223 -39.94499999948144 
263424 223 -40.20099999948084 
263680 224 -39.45599999948025 
263936 224 -39.71199999947965 
264192 224 -39.967999999479055 
264448 225 -39.22299999947846 
264704 225 -39.478999999477864 
264960 225 -39.73499999947727 
265216 226 -38.98999999947667 
265472 226 -39.245999999476076 
265728 227 -38.50099999947548 
265984 227 -38.756999999474885 
266240 227 -39.01299999947429 
266496 227 -39.26899999947369 
266752 228 -38.5239999994731 
267008 228 -38.7799999994725 
267264 229 -38.03499999947191 
267520 229 -38.29099999947131 
267776 229 -38.546999999470714 
268032 229 -38.80299999947012 
268288 230 -38.05799999946952 
268544 230 -38.313999999468926 
268800 230 -38.56999999946833 
269056 231 -37.824999999467735 
269312 231 -38.08099999946714 
269568 231 -38.33699999946654 
269824 231 -38.592999999465945 
270080 231 -38.84899999946535 
270336 231 -39.10499999946475 
270592 232 -38.35999999946416 
270848 232 -38.61599999946356 
271104 233 -37.87099999946297 
271360 233 -38.12699999946237 
271616 233 -38.382999999461774 
271872 233 -38.63899999946118 
272128 233 -38.89499999946058 
272384 233 -39.150999999459984 
272640 234 -38.40599999945939 
272896 234 -38.66199999945879 
273152 234 -38.917999999458196 
273408 234 -39.1739999994576 
273664 234 -39.429999999457 
273920 235 -38.68499999945641 
274176 235 -38.94099999945581 
274432 235 -39.196999999455215 
274688 236 -38.45199999945462 
274944 236 -38.707999999454024 
275200 236 -38.96399999945343 
275456 236 -39.21999999945283 
275712 237 -38.47499999945224 
275968 237 -38.73099999945164 
276224 237 -38.986999999451044 
276480 238 -38.24199999945045 
276736 238 -38.49799999944985 
276992 238 -38.753999999449256 
277248 238 -39.00999999944866 
277504 238 -39.26599999944806 
277760 239 -38.52099999944747 
278016 239 -38.77699999944687 
278272 239 -39.032999999446275 
278528 239 -39.28899999944568 
278784 239 -39.54499999944508 
279040 239 -39.800999999444485 
279296 239 -40.05699999944389 
279552 240 -39.311999999443294 
279808 240 -39.5679999994427 
280064 240 -39.8239999994421 
280320 240 -40.079999999441505 
280576 241 -39.33499999944091 
280832 241 -39.590999999440314 
281088 241 -39.84699999943972 
281344 241 -40.10299999943912 
281600 242 -39.357999999438526 
281856 242 -39.61399999943793 
282112 243 -38.868999999437335 
282368 243 -39.12499999943674 
282624 243 -39.38099999943614 
282880 243 -39.636999999435545 
283136 243 -39.89299999943495 
283392 243 -40.14899999943435 
283648 243 -40.404999999433755 
283904 243 -40.66099999943316 
284160 243 -40.91699999943256 
284416 243 -41.172999999431966 
284672 244 -40.42799999943137 
284928 244 -40.683999999430775 
285184 244 -40.93999999943018 
285440 244 -41.19599999942958 
285696 244 -41.451999999428985 
285952 244 -41.70799999942839 
286208 245 -40.962999999427794 
286464 245 -41.2189999994272 
286720 245 -41.4749999994266 
286976 246 -40.729999999426006 
287232 246 -40.98599999942541 
287488 246 -41.24199999942481 
287744 247 -40.49699999942422 
288000 247 -40.75299999942362 
288256 247 -41.008999999423025 
288512 248 -40.26399999942243 
288768 248 -40.519999999421835 
289024 248 -40.77599999942124 
289280 248 -41.03199999942064 
289536 249 -40.28699999942005 
289792 249 -40.54299999941945 
290048 249 -40.798999999418854 
290304 250 -40.05399999941826 
290560 250 -40.30999999941766 
290816 250 -40.565999999417066 
291072 250 -40.82199999941647 
291328 251 -40.076999999415875 
291584 251 -40.33299999941528 
291840 251 -40.58899999941468 
292096 252 -39.84399999941409 
292352 252 -40.09999999941349 
292608 252 -40.355999999412894 
292864 253 -39.6109999994123 
293120 253 -39.8669999994117 
293376 254 -39.12199999941111 
293632 254 -39.37799999941051 
293888 255 -38.63299999940992 
294144 255 -38.88899999940932 
294400 256 -38.14399999940873 
294656 256 -38.39999999940813 
294912 256 -38.655999999407534 
295168 257 -37.91099999940694 
295424 257 -38.16699999940634 
295680 258 -37.42199999940575 
295936 258 -37.67799999940515 
296192 258 -37.933999999404556 
296448 258 -38.18999999940396 
296704 258 -38.44599999940336 
296960 258 -38.701999999402766 
297216 259 -37.95699999940217 
297472 259 -38.212999999401575 
297728 259 -38.46899999940098 
297984 259 -38.72499999940038 
298240 259 -38.980999999399785 
298496 259 -39.23699999939919 
298752 260 -38.491999999398594 
299008 260 -38.747999999398 
299264 260 -39.0039999993974 
299520 260 -39.259999999396804 
299776 261 -38.51499999939621 
300032 261 -38.77099999939561 
300288 261 -39.02699999939502 
300544 262 -38.28199999939442 
300800 262 -38.537999999393826 
301056 262 -38.79399999939323 
301312 263 -38.048999999392635 
301568 263 -38.30499999939204 
301824 263 -38.56099999939144 
302080 264 -37.81599999939085 
302336 264 -38.07199999939025 
302592 264 -38.327999999389654 
302848 265 -37.58299999938906 
303104 265 -37.83899999938846 
303360 266 -37.09399999938787 
303616 266 -37.34999999938727 
303872 266 -37.605999999386675 
304128 267 -36.86099999938608 
304384 267 -37.116999999385484 
304640 268 -36.37199999938489 
304896 268 -36.62799999938429 
305152 269 -35.8829999993837 
305408 269 -36.1389999993831 
305664 269 -36.394999999382506 
305920 270 -35.64999999938191 
306176 270 -35.905999999381315 
306432 270 -36.16199999938072 
306688 271 -35.416999999380124 
306944 271 -35.67299999937953 
307200 271 -35.92899999937893 
307456 271 -36.184999999378334 
307712 272 -35.43999999937774 
307968 272 -35.69599999937714 
308224 272 -35.95199999937655 
308480 273 -35.20699999937595 
308736 273 -35.462999999375356 
308992 273 -35.71899999937476 
309248 274 -34.973999999374165 
309504 274 -35.22999999937357 
309760 274 -35.48599999937297 
310016 275 -34.74099999937238 
310272 275 -34.99699999937178 
310528 275 -35.252999999371184 
310784 276 -34.50799999937059 
311040 276 -34.76399999936999 
311296 277 -34.0189999993694 
311552 277 -34.2749999993688 
311808 277 -34.530999999368206 
312064 278 -33.78599999936761 
312320 278 -34.041999999367015 
312576 278 -34.29799999936642 
312832 278 -34.55399999936582 
313088 279 -33.80899999936523 
313344 279 -34.06499999936463 
313600 280 -33.319999999364036 
313856 280 -33.57599999936344 
314112 281 -32.830999999362845 
314368 281 -33.08699999936225 
314624 281 -33.34299999936165 
314880 282 -32.59799999936106 
315136 282 -32.85399999936046 
315392 282 -33.109999999359864 
315648 283 -32.36499999935927 
315904 283 -32.62099999935867 
316160 284 -31.875999999358463 
316416 284 -32.13199999935831 
316672 285 -31.386999999358213 
316928 285 -31.642999999358526 
317184 286 -30.897999999358838 
317440 286 -31.15399999935915 
317696 286 -31.409999999359464 
317952 287 -30.664999999359775 
318208 287 -30.920999999360088 
318464 287 -31.1769999993604 
318720 287 -31.432999999360714 
318976 288 -30.687999999361026 
319232 288 -30.94399999936134 
319488 289 -30.19899999936165 
319744 289 -30.454999999361963 
320000 290 -29.709999999362275 
320256 290 -29.965999999362587 
320512 290 -30.2219999993629 
320768 290 -30.477999999363213 
321024 290 -30.733999999363526 
321280 291 -29.988999999363838 
321536 291 -30.24499999936415 
321792 291 -30.500999999364463 
322048 292 -29.755999999364775 
322304 292 -30.011999999365088 
322560 293 -29.2669999993654 
322816 293 -29.522999999365712 
323072 293 -29.778999999366025 
323328 294 -29.033999999366337 
323584 294 -29.28999999936665 
323840 295 -28.54499999936696 
324096 295 -28.800999999367274 
324352 296 -28.055999999367586 
324608 296 -28.3119999993679 
324864 296 -28.56799999936821 
325120 297 -27.822999999368523 
325376 297 -28.078999999368836 
325632 298 -27.333999999369148 
325888 298 -27.58999999936946 
326144 298 -27.845999999369774 
326400 299 -27.100999999370085 
326656 299 -27.356999999370398 
326912 299 -27.61299999937071 
327168 300 -26.867999999371023 
327424 300 -27.123999999371335 
327680 301 -26.378999999371647 
327936 301 -26.63499999937196 
328192 301 -26.890999999372273 
328448 302 -26.145999999372584 
328704 302 -26.401999999372897 
328960 302 -26.65799999937321 
329216 303 -25.912999999373522 
329472 303 -26.168999999373835 
329728 303 -26.424999999374148 
329984 304 -25.67999999937446 
330240 304 -25.935999999374772 
330496 305 -25.190999999375084 
330752 305 -25.446999999375397 
331008 305 -25.70299999937571 
331264 305 -25.958999999376022 
331520 306 -25.213999999376334 
331776 306 -25.469999999376647 
332032 306 -25.72599999937696 
332288 306 -25.981999999377273 
332544 307 -25.236999999377584 
332800 307 -25.492999999377897 
333056 307 -25.74899999937821 
333312 308 -25.00399999937852 
333568 308 -25.259999999378834 
333824 308 -25.515999999379147 
334080 308 -25.77199999937946 
334336 308 -26.027999999379773 
334592 309 -25.282999999380085 
334848 309 -25.538999999380398 
335104 310 -24.79399999938071 
335360 310 -25.049999999381022 
335616 310 -25.305999999381335 
335872 311 -24.560999999381647 
336128 311 -24.81699999938196 
336384 312 -24.07199999938227 
336640 312 -24.327999999382584 
336896 313 -23.582999999382896 
337152 313 -23.83899999938321 
337408 314 -23.09399999938352 
337664 314 -23.349999999383833 
337920 314 -23.605999999384146 
338176 314 -23.86199999938446 
338432 315 -23.11699999938477 
338688 315 -23.372999999385083 
338944 315 -23.628999999385396 
339200 316 -22.883999999385708 
339456 316 -23.13999999938602 
339712 317 -22.394999999386332 
339968 317 -22.650999999386645 
340224 317 -22.906999999386958 
340480 317 -23.16299999938727 
340736 318 -22.417999999387582 
340992 319 -21.672999999387894 
341248 319 -21.928999999388207 
341504 319 -22.18499999938852 
341760 320 -21.43999999938883 
342016 320 -21.695999999389144 
342272 320 -21.951999999389457 
342528 321 -21.20699999938977 
342784 321 -21.46299999939008 
343040 322 -20.717999999390393 
343296 322 -20.973999999390706 
343552 322 -21.22999999939102 
343808 323 -20.48499999939133 
344064 323 -20.740999999391644 
344320 323 -20.996999999391956 
344576 324 -20.251999999392268 
344832 324 -20.50799999939258 
345088 325 -19.762999999392893 
345344 325 -20.018999999393206 
345600 326 -19.273999999393517 
345856 326 -19.52999999939383 
346112 327 -18.78499999939414 
346368 327 -19.040999999394455 
346624 327 -19.296999999394767 
346880 328 -18.55199999939508 
347136 328 -18.807999999395392 
347392 328 -19.063999999395705 
347648 329 -18.318999999396016 
347904 329 -18.57499999939633 
348160 330 -17.82999999939664 
348416 330 -18.085999999396954 
348672 330 -18.341999999397267 
348928 331 -17.59699999939758 
349184 331 -17.85299999939789 
349440 332 -17.107999999398203 
349696 333 -16.362999999398514 
349952 333 -16.618999999398827 
350208 334 -15.873999999399096 
350464 334 -16.129999999399185 
350720 334 -16.3859999993995 
350976 335 -15.64099999939956 
351232 335 -15.896999999399418 
351488 335 -16.152999999399547 
351744 336 -15.407999999399616 
352000 336 -15.663999999399474 
352256 336 -15.919999999399332 
352512 337 -15.17499999939919 
352768 338 -14.42999999939905 
353024 338 -14.685999999398907 
353280 338 -14.941999999398766 
353536 339 -14.196999999398624 
353792 339 -14.452999999398482 
354048 339 -14.70899999939834 
354304 340 -13.9639999993982 
354560 340 -14.219999999398057 
354816 340 -14.475999999397915 
355072 341 -13.730999999397774 
355328 341 -13.986999999397632 
355584 342 -13.24199999939749 
355840 342 -13.497999999397349 
356096 343 -12.752999999397208 
356352 343 -13.008999999397066 
356608 344 -12.263999999396924 
356864 344 -12.519999999396783 
357120 345 -11.774999999396641 
357376 345 -12.0309999993965 
357632 345 -12.286999999396357 
357888 346 -11.541999999396216 
358144 346 -11.797999999396074 
358400 346 -12.053999999395932 
358656 347 -11.308999999395791 
358912 347 -11.56499999939565 
359168 348 -10.819999999395508 
359424 348 -11.075999999395366 
359680 349 -10.330999999395225 
359936 349 -10.586999999395083 
360192 350 -9.841999999394941 
360448 350 -10.0979999993948 
360704 350 -10.353999999394658 
360960 351 -9.608999999394516 
361216 351 -9.864999999394374 
361472 352 -9.119999999394233 
361728 352 -9.375999999394091 
361984 352 -9.63199999939395 
362240 352 -9.887999999393807 
362496 353 -9.142999999393666 
362752 353 -9.398999999393524 
363008 354 -8.653999999393383 
363264 354 -8.909999999393241 
363520 355 -8.1649999993931 
363776 356 -7.419999999392977 
364032 356 -7.6759999993930625 
364288 356 -7.931999999393148 
364544 356 -8.187999999393067 
364800 357 -7.442999999392963 
365056 357 -7.698999999393049 
365312 358 -6.953999999393134 
365568 358 -7.20999999939322 
365824 359 -6.464999999393305 
366080 359 -6.72099999939339 
366336 359 -6.976999999393476 
366592 360 -6.231999999393561 
366848 360 -6.487999999393646 
367104 360 -6.743999999393732 
367360 361 -5.998999999393817 
367616 361 -6.2549999993939025 
367872 362 -5.509999999393988 
368128 362 -5.765999999394073 
368384 363 -5.020999999394158 
368640 363 -5.276999999394244 
368896 363 -5.532999999394329 
369152 364 -4.7879999993944145 
369408 364 -5.0439999993945 
369664 365 -4.298999999394585 
369920 365 -4.554999999394671 
370176 366 -3.809999999394672 
370432 366 -4.0659999993946725 
370688 367 -3.320999999394665 
370944 368 -2.5759999993946368 
371200 368 -2.8319999993946086 
371456 368 -3.0879999993945804 
371712 369 -2.3429999993945523 
371968 369 -2.598999999394524 
372224 369 -2.854999999394496 
372480 370 -2.109999999394468 
372736 370 -2.3659999993944396 
372992 370 -2.6219999993944114 
373248 371 -1.8769999993943833 
373504 372 -1.1319999993943552 
373760 372 -1.387999999394327 
374016 373 -0.6429999993943043 
374272 373 -0.8989999993943045 
374528 373 -1.1549999993942877 
374784 373 -1.4109999993942595 
375040 374 -0.6659999993942571 
375296 375 0.07900000060574264 
375552 375 -0.17699999939425756 
375808 376 0.5680000006057422 
376064 376 0.31200000060574196 
376320 376 0.05600000060574173 
376576 377 0.8010000006057428 
376832 377 0.5450000006057426 
377088 378 1.2900000006057588 
377344 378 1.034000000605787 
377600 379 1.7790000006058064 
377856 379 1.5230000006058346 
378112 380 2.2680000006058627 
378368 380 2.012000000605891 
378624 381 2.757000000605919 
378880 381 2.501000000605947 
379136 382 3.2460000006059753 
379392 382 2.9900000006060035 
379648 383 3.7350000006060315 
379904 383 3.4790000006060597 
380160 384 4.224000000606025 
380416 384 3.9680000006059535 
380672 385 4.713000000605873 
380928 386 5.458000000605788 
381184 386 5.202000000605702 
381440 387 5.947000000605617 
381696 387 5.6910000006055315 
381952 388 6.436000000605446 
382208 389 7.181000000605361 
382464 389 6.925000000605276 
382720 390 7.6700000006051905 
382976 390 7.414000000605105 
383232 391 8.159000000605118 
383488 391 7.903000000605174 
383744 391 7.647000000605089 
384000 392 8.392000000605075 
384256 392 8.136000000605216 
384512 393 8.881000000605312 
384768 393 8.625000000605453 
385024 394 9.370000000605595 
385280 394 9.114000000605737 
385536 394 8.858000000605879 
385792 395 9.60300000060602 
386048 395 9.347000000606162 
386304 396 10.092000000606303 
386560 397 10.837000000606444 
386816 397 10.581000000606586 
387072 398 11.326000000606728 
387328 398 11.07000000060687 
387584 399 11.81500000060701 
387840 399 11.559000000607153 
388096 400 12.304000000607294 
388352 400 12.048000000607436 
388608 401 12.793000000607577 
388864 401 12.53700000060772 
389120 401 12.281000000607861 
389376 401 12.025000000608003 
389632 402 12.770000000608144 
389888 402 12.514000000608286 
390144 402 12.258000000608428 
390400 403 13.00300000060857 
390656 403 12.747000000608711 
390912 403 12.491000000608853 
391168 404 13.236000000608994 
391424 404 12.980000000609136 
391680 405 13.725000000609278 
391936 405 13.46900000060942 
392192 406 14.21400000060956 
392448 406 13.958000000609703 
392704 407 14.703000000609844 
392960 407 14.447000000609986 
393216 408 15.192000000610127 
393472 409 15.937000000610269 
393728 409 15.68100000061041 
393984 410 16.426000000610305 
394240 410 16.170000000609992 
394496 411 16.91500000060968 
394752 412 17.66000000060937 
395008 412 17.404000000609056 
395264 413 18.149000000608744 
395520 413 17.89300000060843 
395776 414 18.63800000060812 
396032 415 19.383000000607808 
396288 415 19.127000000607495 
396544 416 19.872000000607184 
396800 416 19.61600000060687 
397056 416 19.360000000606558 
397312 417 20.105000000606246 
397568 417 19.849000000605933 
397824 418 20.59400000060562 
398080 418 20.33800000060531 
398336 419 21.083000000604997 
398592 420 21.828000000604685 
398848 420 21.572000000604373 
399104 421 22.31700000060406 
399360 421 22.061000000603748 
399616 422 22.806000000603436 
399872 422 22.550000000603124 
400128 423 23.295000000602812 
400384 423 23.0390000006025 
400640 424 23.784000000602187 
400896 424 23.528000000601875 
401152 424 23.27200000060156 
401408 425 24.01700000060125 
401664 425 23.761000000600937 
401920 426 24.506000000600626 
402176 427 25.251000000600314 
402432 427 24.9950000006 
402688 428 25.74000000059969 
402944 428 25.484000000599377 
403200 429 26.229000000599065 
403456 429 25.973000000598752 
403712 429 25.71700000059844 
403968 430 26.462000000598128 
404224 431 27.207000000597816 
404480 431 26.951000000597503 
404736 431 26.69500000059719 
404992 432 27.44000000059688 
405248 432 27.184000000596566 
405504 432 26.928000000596253 
405760 433 27.67300000059594 
406016 433 27.41700000059563 
406272 434 28.162000000595317 
406528 434 27.906000000595004 
406784 435 28.651000000594692 
407040 435 28.39500000059438 
407296 436 29.140000000594068 
407552 437 29.885000000593756 
407808 437 29.629000000593443 
408064 438 30.37400000059313 
408320 438 30.11800000059282 
408576 439 30.863000000592507 
408832 439 30.607000000592194 
409088 440 31.352000000591882 
409344 440 31.09600000059157 
409600 441 31.841000000591574 
409856 442 32.58600000059193 
410112 442 32.33000000059253 
410368 443 33.07500000059312 
410624 443 32.81900000059372 
410880 444 33.56400000059431 
411136 444 33.30800000059491 
411392 445 34.0530000005955 
411648 446 34.7980000005961 
411904 446 34.542000000596694 
412160 446 34.28600000059729 
412416 447 35.031000000597885 
412672 447 34.77500000059848 
412928 448 35.520000000599076 
413184 448 35.26400000059967 
413440 449 36.00900000060027 
413696 449 35.75300000060086 
413952 450 36.49800000060146 
414208 450 36.242000000602054 
414464 451 36.98700000060265 
414720 452 37.73200000060324 
414976 452 37.47600000060384 
415232 452 37.220000000604436 
415488 453 37.96500000060503 
415744 454 38.710000000605625 
416000 454 38.45400000060622 
416256 455 39.199000000606816 
416512 455 38.94300000060741 
416768 456 39.68800000060801 
417024 456 39.4320000006086 
417280 456 39.1760000006092 
417536 457 39.921000000609794 
417792 458 40.66600000061039 
418048 458 40.410000000610985 
418304 458 40.15400000061158 
418560 458 39.89800000061218 
418816 459 40.64300000061277 
419072 459 40.38700000061337 
419328 460 41.132000000613964 
419584 460 40.87600000061456 
419840 461 41.621000000615155 
420096 461 41.36500000061575 
420352 462 42.110000000616346 
420608 462 41.85400000061694 
420864 463 42.599000000617536 
421120 463 42.34300000061813 
421376 464 43.08800000061873 
421632 464 42.832000000619324 
421888 464 42.57600000061992 
422144 465 43.321000000620515 
422400 465 43.06500000062111 
422656 465 42.80900000062171 
422912 466 43.5540000006223 
423168 466 43.2980000006229 
423424 467 44.04300000062349 
423680 467 43.78700000062409 
423936 467 43.53100000062469 
424192 468 44.27600000062528 
424448 468 44.02000000062588 
424704 468 43.764000000626474 
424960 469 44.50900000062707 
425216 469 44.253000000627665 
425472 470 44.99800000062826 
425728 470 44.742000000628856 
425984 471 45.48700000062945 
426240 471 45.23100000063005 
426496 472 45.97600000063064 
426752 472 45.72000000063124 
427008 473 46.46500000063183 
427264 473 46.20900000063243 
427520 474 46.95400000063302 
427776 474 46.69800000063362 
428032 475 47.443000000634214 
428288 475 47.18700000063481 
428544 476 47.932000000635405 
428800 477 48.677000000636 
429056 477 48.421000000636596 
429312 477 48.16500000063719 
429568 478 48.91000000063779 
429824 478 48.65400000063838 
430080 478 48.39800000063898 
430336 479 49.143000000639574 
430592 480 49.88800000064017 
430848 480 49.632000000640765 
431104 481 50.37700000064136 
431360 481 50.121000000641956 
431616 482 50.86600000064255 
431872 482 50.61000000064315 
432128 483 51.35500000064374 
432384 483 51.09900000064434 
432640 484 51.84400000064493 
432896 484 51.58800000064553 
433152 484 51.332000000646126 
433408 485 52.07700000064672 
433664 486 52.822000000647314 
433920 486 52.56600000064791 
434176 487 53.311000000648505 
434432 487 53.0550000006491 
434688 488 53.800000000649696 
434944 488 53.54400000065029 
435200 489 54.28900000065089 
435456 489 54.033000000651484 
435712 490 54.77800000065208 
435968 491 55.52300000065267 
436224 491 55.26700000065327 
436480 492 56.01200000065386 
436736 493 56.75700000065446 
436992 493 56.501000000655054 
437248 494 57.24600000065565 
437504 494 56.990000000656245 
437760 495 57.73500000065684 
438016 495 57.479000000657436 
438272 496 58.22400000065803 
438528 496 57.96800000065863 
438784 496 57.71200000065922 
439040 497 58.45700000065982 
439296 497 58.201000000660414 
439552 498 58.94600000066101 
439808 498 58.690000000661605 
440064 499 59.4350000006622 
440320 499 59.179000000662796 
440576 500 59.92400000066339 
440832 500 59.66800000066399 
441088 501 60.41300000066458 
441344 501 60.15700000066518 
441600 502 60.90200000066577 
441856 503 61.64700000066637 
442112 504 62.39200000066696 
442368 504 62.13600000066756 
442624 505 62.88100000066815 
442880 505 62.62500000066875 
443136 506 63.37000000066934 
443392 506 63.11400000066994 
443648 507 63.85900000067034 
443904 507 63.60300000067094 
444160 508 64.34800000067044 
444416 508 64.09200000066922 
444672 509 64.83700000066867 
444928 509 64.58100000066744 
445184 510 65.32600000066623 
445440 510 65.070000000665 
445696 511 65.81500000066379 
445952 511 65.55900000066256 
446208 511 65.30300000066134 
446464 512 66.04800000066012 
446720 512 65.7920000006589 
446976 513 66.53700000065768 
447232 513 66.28100000065646 
447488 513 66.02500000065524 
447744 514 66.77000000065402 
448000 514 66.5140000006528 
448256 515 67.25900000065158 
448512 515 67.00300000065036 
448768 516 67.74800000064914 
449024 516 67.49200000064792 
449280 517 68.2370000006467 
449536 517 67.98100000064548 
449792 518 68.72600000064426 
450048 519 69.47100000064304 
450304 519 69.21500000064182 
450560 520 69.9600000006406 
450816 521 70.70500000063939 
451072 521 70.44900000063816 
451328 522 71.19400000063695 
451584 522 70.93800000063572 
451840 523 71.68300000063451 
452096 523 71.42700000063329 
452352 524 72.17200000063207 
452608 524 71.91600000063085 
452864 525 72.66100000062963 
453120 526 73.40600000062841 
453376 526 73.15000000062719 
453632 527 73.89500000062597 
453888 527 73.63900000062475 
454144 528 74.38400000062353 
454400 528 74.12800000062231 
454656 528 73.87200000062109 
454912 529 74.61700000061987 
455168 529 74.36100000061865 
455424 529 74.10500000061742 
455680 530 74.8500000006162 
455936 530 74.59400000061498 
456192 531 75.33900000061377 
456448 532 76.08400000061255 
456704 532 75.82800000061133 
456960 533 76.57300000061011 
457216 534 77.31800000060889 
457472 534 77.06200000060767 
457728 535 77.80700000060645 
457984 536 78.55200000060523 
458240 536 78.29600000060401 
458496 537 79.04100000060279 
458752 537 78.78500000060157 
459008 537 78.52900000060035 
459264 538 79.27400000059913 
459520 539 80.01900000059791 
459776 539 79.76300000059669 
460032 539 79.50700000059547 
460288 540 80.25200000059425 
460544 540 79.99600000059303 
460800 540 79.7400000005918 
461056 541 80.48500000059059 
461312 542 81.23000000058937 
461568 542 80.97400000058815 
461824 542 80.71800000058693 
462080 543 81.46300000058571 
462336 543 81.20700000058449 
462592 544 81.95200000058327 
462848 544 81.69600000058205 
463104 544 81.44000000058082 
463360 545 82.1850000005796 
463616 545 81.92900000057838 
463872 546 82.67400000057717 
464128 546 82.41800000057594 
464384 547 83.16300000057473 
464640 548 83.90800000057351 
464896 548 83.65200000057229 
465152 549 84.39700000057107 
465408 550 85.14200000056985 
465664 551 85.88700000056863 
465920 551 85.63100000056741 
466176 552 86.3760000005662 
466432 552 86.12000000056497 
466688 553 86.86500000056375 
466944 553 86.60900000056253 
467200 554 87.35400000056131 
467456 554 87.09800000056009 
467712 555 87.84300000055887 
467968 556 88.58800000055766 
468224 556 88.33200000055643 
468480 557 89.07700000055522 
468736 557 88.821000000554 
468992 558 89.56600000055278 
469248 558 89.31000000055155 
469504 559 90.05500000055034 
469760 559 89.79900000054911 
470016 559 89.54300000054789 
470272 560 90.28800000054667 
470528 561 91.03300000054546 
470784 561 90.77700000054423 
471040 562 91.52200000054302 
471296 562 91.2660000005418 
471552 563 92.01100000054058 
471808 563 91.75500000053935 
472064 563 91.49900000053813 
472320 564 92.24400000053691 
472576 564 91.98800000053569 
472832 565 92.73300000053447 
473088 565 92.47700000053325 
473344 566 93.22200000053203 
473600 566 92.96600000053081 
473856 567 93.7110000005296 
474112 567 93.45500000052837 
474368 568 94.20000000052715 
474624 569 94.94500000052594 
474880 569 94.68900000052471 
475136 569 94.43300000052349 
475392 570 95.17800000052227 
475648 570 94.92200000052105 
475904 570 94.66600000051983 
476160 571 95.41100000051861 
476416 572 96.1560000005174 
476672 572 95.90000000051617 
476928 573 96.64500000051495 
477184 573 96.38900000051373 
477440 574 97.13400000051251 
477696 574 96.87800000051129 
477952 575 97.62300000051007 
478208 575 97.36700000050885 
478464 576 98.11200000050763 
478720 576 97.85600000050641 
478976 576 97.60000000050519 
479232 577 98.34500000050397 
479488 577 98.08900000050275 
479744 578 98.83400000050153 
480000 579 99.57900000050032 
480256 579 99.32300000049909 
480512 580 100.06800000049788 
480768 580 99.81200000049665 
481024 581 100.55700000049544 
481280 581 100.30100000049421 
481536 582 101.046000000493 
481792 582 100.79000000049177 
482048 583 101.53500000049056 
482304 584 102.28000000048934 
482560 584 102.02400000048812 
482816 584 101.7680000004869 
483072 585 102.51300000048568 
483328 586 103.25800000048446 
483584 586 103.00200000048324 
483840 586 102.74600000048201 
484096 587 103.4910000004808 
484352 588 104.23600000047958 
484608 589 104.98100000047836 
484864 589 104.72500000047714 
485120 590 105.47000000047592 
485376 590 105.2140000004747 
485632 591 105.95900000047348 
485888 591 105.70300000047226 
486144 591 105.44700000047104 
486400 592 106.19200000046982 
486656 592 105.9360000004686 
486912 593 106.68100000046738 
487168 593 106.42500000046616 
487424 594 107.17000000046494 
487680 594 106.91400000046372 
487936 595 107.6590000004625 
488192 596 108.40400000046128 
488448 596 108.14800000046006 
488704 597 108.89300000045884 
488960 597 108.63700000045762 
489216 598 109.3820000004564 
489472 598 109.12600000045518 
489728 599 109.87100000045396 
489984 599 109.61500000045274 
490240 600 110.36000000045152 
490496 601 111.1050000004503 
490752 602 111.85000000044909 
491008 602 111.59400000044786 
491264 603 112.33900000044665 
491520 604 113.08400000044543 
491776 604 112.8280000004442 
492032 605 113.57300000044299 
492288 606 114.31800000044177 
492544 606 114.06200000044055 
492800 607 114.80700000043933 
493056 608 115.55200000043811 
493312 608 115.29600000043689 
493568 609 116.04100000043567 
493824 609 115.78500000043445 
494080 610 116.53000000043323 
494336 610 116.27400000043201 
494592 611 117.0190000004308 
494848 611 116.76300000042957 
495104 612 117.50800000042835 
495360 612 117.25200000042713 
495616 612 116.99600000042591 
495872 613 117.74100000042469 
496128 613 117.48500000042347 
496384 614 118.23000000042225 
496640 614 117.97400000042103 
496896 615 118.71900000041981 
497152 615 118.46300000041859 
497408 616 119.20800000041737 
497664 616 118.95200000041615 
497920 617 119.69700000041493 
498176 617 119.44100000041371 
498432 618 120.18600000041249 
498688 619 120.93100000041127 
498944 619 120.67500000041005 
499200 620 121.42000000040883 
499456 620 121.16400000040761 
499712 621 121.9090000004064 
499968 621 121.65300000040517 
500224 622 122.39800000040395 
500480 623 123.14300000040274 
500736 623 122.88700000040151 
500992 624 123.6320000004003 
501248 625 124.37700000039908 
501504 625 124.12100000039786 
501760 626 124.86600000039664 
502016 626 124.61000000039542 
502272 626 124.3540000003942 
502528 627 125.09900000039298 
502784 628 125.84400000039176 
503040 628 125.58800000039054 
503296 629 126.33300000038932 
503552 629 126.0770000003881 
503808 630 126.82200000038688 
504064 631 127.56700000038566 
504320 631 127.31100000038444 
504576 632 128.05600000038322 
504832 632 127.800000000382 
505088 633 128.54500000038078 
505344 634 129.29000000037956 
505600 635 130.03500000037835 
505856 635 129.77900000037712 
506112 635 129.5230000003759 
506368 636 130.26800000037468 
506624 636 130.01200000037346 
506880 637 130.75700000037224 
507136 637 130.50100000037102 
507392 638 131.2460000003698 
507648 639 131.9910000003686 
507904 639 131.73500000036736 
508160 640 132.48000000036615 
508416 640 132.22400000036492 
508672 641 132.9690000003637 
508928 642 133.7140000003625 
509184 642 133.45800000036127 
509440 643 134.20300000036005 
509696 643 133.94700000035883 
509952 644 134.6920000003576 
510208 645 135.4370000003564 
510464 645 135.18100000035517 
510720 645 134.92500000035395 
510976 646 135.67000000035273 
511232 647 136.4150000003515 
511488 647 136.1590000003503 
511744 648 136.90400000034907 
512000 648 136.64800000034785 
512256 649 137.39300000034663 
512512 649 137.1370000003454 
512768 650 137.8820000003442 
513024 650 137.62600000034297 
513280 651 138.37100000034175 
513536 652 139.11600000034053 
513792 652 138.8600000003393 
514048 653 139.6050000003381 
514304 653 139.34900000033687 
514560 654 140.09400000033565 
514816 655 140.83900000033444 
515072 656 141.58400000033322 
515328 656 141.328000000332 
515584 657 142.07300000033078 
515840 657 141.81700000032956 
516096 658 142.56200000032834 
516352 659 143.30700000032712 
516608 660 144.0520000003259 
516864 660 143.79600000032468 
517120 661 144.54100000032346 
517376 662 145.28600000032225 
517632 662 145.03000000032102 
517888 663 145.7750000003198 
518144 663 145.51900000031858 
518400 664 146.26400000031737 
518656 664 146.00800000031614 
518912 665 146.75300000031493 
519168 665 146.4970000003137 
519424 666 147.2420000003125 
519680 667 147.98700000031127 
519936 667 147.73100000031005 
520192 668 148.47600000030883 
520448 669 149.2210000003076 
520704 669 148.9650000003064 
520960 670 149.71000000030517 
521216 670 149.45400000030395 
521472 671 150.19900000030273 
521728 672 150.94400000030151 
521984 672 150.6880000003003 
522240 673 151.43300000029907 
522496 674 152.17800000029786 
522752 675 152.92300000029664 
523008 675 152.66700000029542 
523264 676 153.4120000002942 
523520 676 153.15600000029298 
523776 677 153.90100000029176 
524032 677 153.64500000029054 
524288 678 154.39000000028932 
524544 679 155.1350000002881 
524800 679 154.87900000028688 
525056 680 155.62400000028566 
525312 681 156.36900000028444 
525568 681 156.11300000028322 
525824 682 156.858000000282 
526080 683 157.6030000002808 
526336 683 157.34700000027956 
526592 683 157.09100000027834 
526848 684 157.83600000027712 
527104 684 157.5800000002759 
527360 685 158.32500000027468 
527616 686 159.07000000027347 
527872 686 158.81400000027224 
528128 687 159.55900000027103 
528384 687 159.3030000002698 
528640 687 159.04700000026858 
528896 688 159.79200000026736 
529152 688 159.53600000026614 
529408 689 160.28100000026492 
529664 689 160.0250000002637 
529920 690 160.77000000026248 
530176 691 161.51500000026127 
530432 691 161.25900000026004 
530688 692 162.00400000025883 
530944 692 161.7480000002576 
531200 693 162.4930000002564 
531456 694 163.23800000025517 
531712 695 163.98300000025395 
531968 695 163.72700000025273 
532224 695 163.4710000002515 
532480 696 164.2160000002503 
532736 697 164.96100000024907 
532992 698 165.70600000024785 
533248 698 165.45000000024663 
533504 699 166.19500000024541 
