256 0 -3.0 
512 0 -9.0 
768 0 -14.0 
1024 0 -20.0 
1280 0 -36.0 
1536 1 -47.0 
1792 1 -62.0 
2048 1 -71.0 
2304 1 -88.0 
2560 2 -99.0 
2816 2 -118.0 
3072 2 -132.0 
3328 2 -139.0 
3584 3 -152.0 
3840 3 -158.0 
4096 3 -170.0 
4352 3 -179.0 
4608 4 -187.0 
4864 4 -199.0 
5120 4 -200.0 
5376 4 -214.0 
5632 4 -221.0 
5888 5 -230.0 
6144 5 -239.0 
6400 5 -247.0 
6656 5 -259.0 
6912 6 -265.0 
7168 6 -276.0 
7424 6 -281.0 
7680 6 -285.0 
7936 6 -297.0 
8192 6 -301.0 
8448 7 -313.0 
8704 7 -321.0 
8960 7 -335.0 
9216 7 -344.0 
9472 7 -352.0 
9728 8 -362.0 
9984 8 -375.0 
10240 8 -387.0 
10496 8 -396.0 
10752 8 -410.0 
11008 9 -417.0 
11264 9 -421.0 
11520 9 -431.0 
11776 9 -438.0 
12032 9 -449.0 
12288 10 -455.0 
12544 10 -460.0 
12800 10 -470.0 
13056 10 -485.0 
13312 10 -489.0 
13568 10 -497.0 
13824 11 -508.0 
14080 11 -523.0 
14336 11 -525.0 
14592 11 -534.0 
14848 12 -545.0 
15104 12 -562.0 
15360 12 -572.0 
15616 12 -583.0 
15872 13 -591.0 
16128 13 -596.0 
16384 13 -612.0 
16640 13 -620.0 
16896 14 -628.0 
17152 14 -639.0 
17408 14 -647.0 
17664 14 -664.0 
17920 14 -676.0 
18176 15 -680.0 
18432 15 -691.0 
18688 15 -698.0 
18944 15 -709.0 
19200 15 -713.0 
19456 15 -720.0 
19712 16 -731.0 
19968 16 -743.0 
20224 16 -749.0 
20480 16 -760.0 
20736 16 -767.0 
20992 16 -773.0 
21248 17 -776.0 
21504 17 -789.0 
21760 17 -796.0 
22016 17 -805.0 
22272 18 -816.0 
22528 18 -828.0 
22784 18 -838.0 
23040 18 -850.0 
23296 18 -863.0 
23552 19 -870.0 
23808 19 -882.0 
24064 19 -891.0 
24320 19 -901.0 
24576 19 -911.0 
24832 20 -921.0 
25088 20 -934.0 
25344 20 -946.0 
25600 20 -956.0 
25856 21 -966.0 
26112 21 -971.0 
26368 21 -980.0 
26624 21 -979.0 
26880 21 -982.0 
27136 21 -992.0 
27392 22 -994.0 
27648 22 -1003.0 
27904 22 -1006.0 
28160 22 -1019.0 
28416 22 -1028.0 
28672 22 -1033.0 
28928 22 -1044.0 
29184 23 -1050.0 
29440 23 -1056.0 
29696 23 -1066.0 
29952 23 -1075.0 
30208 23 -1083.0 
30464 23 -1092.0 
30720 24 -1109.0 
30976 24 -1118.0 
31232 24 -1125.0 
31488 24 -1131.0 
31744 25 -1137.0 
32000 25 -1150.0 
32256 25 -1158.0 
32512 25 -1162.0 
32768 25 -1172.0 
33024 25 -1179.0 
33280 26 -1191.0 
33536 26 -1201.0 
33792 26 -1205.0 
34048 26 -1206.0 
34304 26 -1222.0 
34560 26 -1226.0 
34816 27 -1233.0 
35072 27 -1243.0 
35328 27 -1255.0 
35584 27 -1266.0 
35840 27 -1278.0 
36096 27 -1283.0 
36352 28 -1290.0 
36608 28 -1296.0 
36864 28 -1307.0 
37120 28 -1314.0 
37376 28 -1322.0 
37632 28 -1329.0 
37888 29 -1345.0 
38144 29 -1351.0 
38400 29 -1367.0 
38656 29 -1382.0 
38912 30 -1394.0 
39168 30 -1402.0 
39424 30 -1409.0 
39680 30 -1415.0 
39936 30 -1424.0 
40192 30 -1432.0 
40448 31 -1439.0 
40704 31 -1444.0 
40960 31 -1451.0 
41216 31 -1463.0 
41472 31 -1472.0 
41728 31 -1481.0 
41984 32 -1488.0 
42240 32 -1501.0 
42496 32 -1508.0 
42752 32 -1516.0 
43008 32 -1527.0 
43264 33 -1533.0 
43520 33 -1542.0 
43776 33 -1556.0 
44032 33 -1568.0 
44288 33 -1575.0 
44544 34 -1586.0 
44800 34 -1598.0 
45056 34 -1605.0 
45312 34 -1613.0 
45568 34 -1624.0 
45824 34 -1631.0 
46080 35 -1637.0 
46336 35 -1644.0 
46592 35 -1647.0 
46848 35 -1653.0 
47104 35 -1657.0 
47360 35 -1668.0 
47616 36 -1678.0 
47872 36 -1683.0 
48128 36 -1695.0 
48384 36 -1698.0 
48640 36 -1707.0 
48896 37 -1712.0 
49152 37 -1720.0 
49408 37 -1720.0 
49664 37 -1732.0 
49920 37 -1738.0 
50176 38 -1745.0 
50432 38 -1753.0 
50688 38 -1754.0 
50944 38 -1762.0 
51200 38 -1766.0 
51456 38 -1774.0 
51712 39 -1784.0 
51968 39 -1791.0 
52224 39 -1797.0 
52480 39 -1806.0 
52736 39 -1814.0 
52992 40 -1827.0 
53248 40 -1837.0 
53504 40 -1840.0 
53760 40 -1844.0 
54016 40 -1851.0 
54272 40 -1855.0 
54528 40 -1863.0 
54784 41 -1875.0 
55040 41 -1881.0 
55296 41 -1890.0 
55552 41 -1895.0 
55808 41 -1901.0 
56064 42 -1915.0 
56320 42 -1920.0 
56576 42 -1926.0 
56832 42 -1938.0 
57088 42 -1950.0 
57344 43 -1957.0 
57600 43 -1960.0 
57856 43 -1964.0 
58112 43 -1968.0 
58368 43 -1976.0 
58624 43 -1980.0 
58880 43 -1987.0 
59136 43 -1990.0 
59392 44 -2002.0 
59648 44 -2013.0 
59904 44 -2019.0 
60160 44 -2026.0 
60416 44 -2034.0 
60672 45 -2042.0 
60928 45 -2051.0 
61184 45 -2065.0 
61440 45 -2076.0 
61696 45 -2081.0 
61952 45 -2085.0 
62208 46 -2092.0 
62464 46 -2097.0 
62720 46 -2108.0 
62976 46 -2114.0 
63232 46 -2115.0 
63488 46 -2121.0 
63744 47 -2129.0 
64000 47 -2134.0 
64256 47 -2143.0 
64512 47 -2149.0 
64768 47 -2151.0 
65024 47 -2157.0 
65280 47 -2161.0 
65536 48 -2167.0 
65792 48 -2172.0 
66048 48 -2182.0 
66304 48 -2186.0 
66560 48 -2191.0 
66816 48 -2191.0 
67072 48 -2197.0 
67328 49 -2197.0 
67584 49 -2202.0 
67840 49 -2210.0 
68096 49 -2220.0 
68352 49 -2232.0 
68608 49 -2230.0 
68864 49 -2233.0 
69120 50 -2245.0 
69376 50 -2252.0 
69632 50 -2259.0 
69888 50 -2263.0 
70144 50 -2268.0 
70400 50 -2270.0 
70656 50 -2272.0 
70912 50 -2278.0 
71168 50 -2284.0 
71424 51 -2288.0 
71680 51 -2291.0 
71936 51 -2293.0 
72192 51 -2295.0 
72448 51 -2301.0 
72704 51 -2305.0 
72960 51 -2306.0 
73216 51 -2313.0 
73472 51 -2314.0 
73728 51 -2318.0 
73984 52 -2322.0 
74240 52 -2323.0 
74496 52 -2329.0 
74752 52 -2329.0 
75008 52 -2333.0 
75264 52 -2340.0 
75520 52 -2345.0 
75776 52 -2347.0 
76032 52 -2346.0 
76288 53 -2350.0 
76544 53 -2355.0 
76800 53 -2361.0 
77056 53 -2366.0 
77312 53 -2374.0 
77568 53 -2377.0 
77824 53 -2383.0 
78080 53 -2384.0 
78336 54 -2387.0 
78592 54 -2394.0 
78848 54 -2400.0 
79104 54 -2407.0 
79360 54 -2407.0 
79616 54 -2409.0 
79872 54 -2417.0 
80128 54 -2420.0 
80384 55 -2425.0 
80640 55 -2431.0 
80896 55 -2433.0 
81152 55 -2435.0 
81408 55 -2435.0 
81664 55 -2436.0 
81920 55 -2437.0 
82176 55 -2442.0 
82432 55 -2449.0 
82688 55 -2458.0 
82944 56 -2462.0 
83200 56 -2469.0 
83456 56 -2475.0 
83712 56 -2476.0 
83968 56 -2479.0 
84224 56 -2484.0 
84480 56 -2489.0 
84736 56 -2495.0 
84992 56 -2497.0 
85248 57 -2501.0 
85504 57 -2508.0 
85760 57 -2512.0 
86016 57 -2518.0 
86272 57 -2525.0 
86528 57 -2529.0 
86784 57 -2527.0 
87040 57 -2532.0 
87296 58 -2535.0 
87552 58 -2541.0 
87808 58 -2547.0 
88064 58 -2548.0 
88320 58 -2550.0 
88576 58 -2557.0 
88832 58 -2556.0 
89088 58 -2567.0 
89344 58 -2571.0 
89600 58 -2571.0 
89856 58 -2573.0 
90112 59 -2580.0 
90368 59 -2584.0 
90624 59 -2590.0 
90880 59 -2591.0 
91136 59 -2592.0 
91392 59 -2594.0 
91648 59 -2597.0 
91904 59 -2601.0 
92160 59 -2603.0 
92416 59 -2607.0 
92672 60 -2612.0 
92928 60 -2617.0 
93184 60 -2616.0 
93440 60 -2616.0 
93696 60 -2619.0 
93952 60 -2619.0 
94208 60 -2622.0 
94464 60 -2625.0 
94720 60 -2625.0 
94976 61 -2627.0 
95232 61 -2627.0 
95488 61 -2631.0 
95744 61 -2629.0 
96000 61 -2630.0 
96256 61 -2630.0 
96512 61 -2635.0 
96768 61 -2641.0 
97024 61 -2647.0 
97280 61 -2653.0 
97536 62 -2654.0 
97792 62 -2657.0 
98048 62 -2660.0 
98304 62 -2665.0 
98560 62 -2669.0 
98816 62 -2669.0 
99072 62 -2668.0 
99328 62 -2675.0 
99584 62 -2675.0 
99840 63 -2675.0 
100096 63 -2679.0 
100352 63 -2680.0 
100608 63 -2683.0 
100864 63 -2688.0 
101120 63 -2693.0 
101376 63 -2699.0 
101632 63 -2699.0 
101888 63 -2706.0 
102144 63 -2711.0 
102400 63 -2713.0 
102656 64 -2716.0 
102912 64 -2721.0 
103168 64 -2725.0 
103424 64 -2730.0 
103680 64 -2736.0 
103936 64 -2742.0 
104192 64 -2749.0 
104448 64 -2747.0 
104704 64 -2753.0 
104960 65 -2752.0 
105216 65 -2752.0 
105472 65 -2756.0 
105728 65 -2758.0 
105984 65 -2760.0 
106240 65 -2762.0 
106496 65 -2771.0 
106752 65 -2775.0 
107008 65 -2780.0 
107264 65 -2781.0 
107520 65 -2785.0 
107776 66 -2786.0 
108032 66 -2788.0 
108288 66 -2788.0 
108544 66 -2793.0 
108800 66 -2792.0 
109056 66 -2793.0 
109312 66 -2794.0 
109568 66 -2797.0 
109824 66 -2800.0 
110080 66 -2800.0 
110336 66 -2804.0 
110592 66 -2808.0 
110848 66 -2807.0 
111104 67 -2808.0 
111360 67 -2809.0 
111616 67 -2812.0 
111872 67 -2814.0 
112128 67 -2816.0 
112384 67 -2818.0 
112640 67 -2818.0 
112896 67 -2820.0 
113152 67 -2821.0 
113408 67 -2823.0 
113664 67 -2823.0 
113920 67 -2822.0 
114176 67 -2822.0 
114432 67 -2820.0 
114688 68 -2823.0 
114944 68 -2825.0 
115200 68 -2827.0 
115456 68 -2828.0 
115712 68 -2829.0 
115968 68 -2831.0 
116224 68 -2836.0 
116480 68 -2836.0 
116736 68 -2837.0 
116992 68 -2839.0 
117248 68 -2841.0 
117504 68 -2841.0 
117760 68 -2837.0 
118016 69 -2842.0 
118272 69 -2843.0 
118528 69 -2845.0 
118784 69 -2847.0 
119040 69 -2846.0 
119296 69 -2847.0 
119552 69 -2847.0 
119808 69 -2844.0 
120064 69 -2846.0 
120320 69 -2848.0 
120576 69 -2853.0 
120832 69 -2857.0 
121088 69 -2860.0 
121344 69 -2864.0 
121600 70 -2867.0 
121856 70 -2868.0 
122112 70 -2869.0 
122368 70 -2872.0 
122624 70 -2873.0 
122880 70 -2874.0 
123136 70 -2874.0 
123392 70 -2873.0 
123648 70 -2874.0 
123904 70 -2874.0 
124160 70 -2872.0 
124416 70 -2871.0 
124672 70 -2873.0 
124928 70 -2872.0 
125184 70 -2872.0 
125440 70 -2871.0 
125696 70 -2872.0 
125952 70 -2870.0 
126208 71 -2872.0 
126464 71 -2871.0 
126720 71 -2872.0 
126976 71 -2875.0 
127232 71 -2872.0 
127488 71 -2874.0 
127744 71 -2872.0 
128000 71 -2874.0 
128256 71 -2873.0 
128512 71 -2876.0 
128768 71 -2875.0 
129024 71 -2876.0 
129280 71 -2875.0 
129536 71 -2874.0 
129792 71 -2875.0 
130048 71 -2875.0 
130304 71 -2877.0 
130560 72 -2876.0 
130816 72 -2877.0 
131072 72 -2878.0 
131328 72 -2877.0 
131584 72 -2875.0 
131840 72 -2878.0 
132096 72 -2877.0 
132352 72 -2879.0 
132608 72 -2877.0 
132864 72 -2875.0 
133120 72 -2876.0 
133376 72 -2877.0 
133632 72 -2877.0 
133888 72 -2877.0 
134144 72 -2876.0 
134400 72 -2876.0 
134656 72 -2876.0 
134912 72 -2877.0 
135168 72 -2878.0 
135424 72 -2878.0 
135680 72 -2880.0 
135936 72 -2877.0 
136192 73 -2880.0 
136448 73 -2879.0 
136704 73 -2882.0 
136960 73 -2884.0 
137216 73 -2885.0 
137472 73 -2888.0 
137728 73 -2890.0 
137984 73 -2891.0 
138240 73 -2893.0 
138496 73 -2897.0 
138752 73 -2896.0 
139008 73 -2896.0 
139264 73 -2894.0 
139520 73 -2895.0 
139776 73 -2898.0 
140032 73 -2899.0 
140288 74 -2900.0 
140544 74 -2900.0 
140800 74 -2904.0 
141056 74 -2905.0 
141312 74 -2905.0 
141568 74 -2905.0 
141824 74 -2906.0 
142080 74 -2904.0 
142336 74 -2903.0 
142592 74 -2907.0 
142848 74 -2912.0 
143104 74 -2911.0 
143360 74 -2909.0 
143616 74 -2912.0 
143872 74 -2911.0 
144128 74 -2911.0 
144384 75 -2912.0 
144640 75 -2912.0 
144896 75 -2912.0 
145152 75 -2910.0 
145408 75 -2908.0 
145664 75 -2911.0 
145920 75 -2918.0 
146176 75 -2919.0 
146432 75 -2917.0 
146688 75 -2916.0 
146944 75 -2918.0 
147200 75 -2915.0 
147456 75 -2916.0 
147712 75 -2916.0 
147968 75 -2915.0 
148224 75 -2915.0 
148480 75 -2917.0 
148736 76 -2919.0 
148992 76 -2919.0 
149248 76 -2916.0 
149504 76 -2917.0 
149760 76 -2916.0 
150016 76 -2916.0 
150272 76 -2915.0 
150528 76 -2916.0 
150784 76 -2915.0 
151040 76 -2915.0 
151296 76 -2915.0 
151552 76 -2914.0 
151808 76 -2915.0 
152064 76 -2914.0 
152320 76 -2911.0 
152576 76 -2911.0 
152832 76 -2911.0 
153088 76 -2911.0 
153344 76 -2912.0 
153600 76 -2909.0 
153856 76 -2910.0 
154112 76 -2911.0 
154368 76 -2910.0 
154624 76 -2910.0 
154880 76 -2910.0 
155136 76 -2912.0 
155392 76 -2911.0 
155648 77 -2912.0 
155904 77 -2912.0 
156160 77 -2914.0 
156416 77 -2913.0 
156672 77 -2913.0 
156928 77 -2912.0 
157184 77 -2907.0 
157440 77 -2906.0 
157696 77 -2907.0 
157952 77 -2907.0 
158208 77 -2906.0 
158464 77 -2906.0 
158720 77 -2905.0 
158976 77 -2906.0 
159232 77 -2907.0 
159488 77 -2907.0 
159744 77 -2908.0 
160000 77 -2906.0 
160256 77 -2906.0 
160512 77 -2906.0 
160768 77 -2908.0 
161024 78 -2908.0 
161280 78 -2909.0 
161536 78 -2909.0 
161792 78 -2908.0 
162048 78 -2907.0 
162304 78 -2909.0 
162560 78 -2909.0 
162816 78 -2906.0 
163072 78 -2905.0 
163328 78 -2906.0 
163584 78 -2904.0 
163840 78 -2906.0 
164096 78 -2906.0 
164352 78 -2904.0 
164608 78 -2904.0 
164864 78 -2903.0 
165120 78 -2906.0 
165376 78 -2906.0 
165632 78 -2905.0 
165888 78 -2898.0 
166144 78 -2898.0 
166400 79 -2900.0 
166656 79 -2899.0 
166912 79 -2899.0 
167168 79 -2899.0 
167424 79 -2899.0 
167680 79 -2900.0 
167936 79 -2898.0 
168192 79 -2896.0 
168448 79 -2898.0 
168704 79 -2900.0 
168960 79 -2899.0 
169216 79 -2898.0 
169472 79 -2898.0 
169728 79 -2897.0 
169984 79 -2892.0 
170240 79 -2891.0 
170496 79 -2892.0 
170752 79 -2891.0 
171008 79 -2892.0 
171264 79 -2891.0 
171520 79 -2890.0 
171776 79 -2892.0 
172032 79 -2892.0 
172288 79 -2892.0 
172544 79 -2891.0 
172800 80 -2893.0 
173056 80 -2894.0 
173312 80 -2894.0 
173568 80 -2894.0 
173824 80 -2895.0 
174080 80 -2893.0 
174336 80 -2894.0 
174592 80 -2892.0 
174848 80 -2891.0 
175104 80 -2893.0 
175360 80 -2892.0 
175616 80 -2893.0 
175872 80 -2892.0 
176128 80 -2892.0 
176384 80 -2889.0 
176640 80 -2889.0 
176896 80 -2882.0 
177152 80 -2883.0 
177408 80 -2883.0 
177664 80 -2884.0 
177920 80 -2883.0 
178176 80 -2881.0 
178432 80 -2880.0 
178688 80 -2882.0 
178944 80 -2880.0 
179200 80 -2879.0 
179456 81 -2875.0 
179712 81 -2878.0 
179968 81 -2884.0 
180224 81 -2890.0 
180480 81 -2891.0 
180736 81 -2890.0 
180992 81 -2892.0 
181248 81 -2893.0 
181504 81 -2894.0 
181760 81 -2894.0 
182016 81 -2892.0 
182272 81 -2891.0 
182528 81 -2891.0 
182784 81 -2891.0 
183040 82 -2888.0 
183296 82 -2887.0 
183552 82 -2885.0 
183808 82 -2884.0 
184064 82 -2885.0 
184320 82 -2884.0 
184576 82 -2884.0 
184832 82 -2885.0 
185088 82 -2885.0 
185344 82 -2886.0 
185600 82 -2885.0 
185856 82 -2886.0 
186112 82 -2887.0 
186368 82 -2885.0 
186624 82 -2882.0 
186880 82 -2881.0 
187136 82 -2881.0 
187392 82 -2882.0 
187648 82 -2880.0 
187904 82 -2880.0 
188160 82 -2878.0 
188416 82 -2877.0 
188672 82 -2879.0 
188928 82 -2879.0 
189184 82 -2878.0 
189440 82 -2877.0 
189696 82 -2876.0 
189952 82 -2875.0 
190208 82 -2876.0 
190464 82 -2876.0 
190720 82 -2876.0 
190976 82 -2876.0 
191232 82 -2876.0 
191488 83 -2872.0 
191744 83 -2872.0 
192000 83 -2872.0 
192256 83 -2872.0 
192512 83 -2869.0 
192768 83 -2869.0 
193024 83 -2869.0 
193280 83 -2870.0 
193536 83 -2872.0 
193792 83 -2878.0 
194048 83 -2883.0 
194304 83 -2883.0 
194560 83 -2882.0 
194816 83 -2880.0 
195072 83 -2881.0 
195328 83 -2881.0 
195584 83 -2880.0 
195840 83 -2877.0 
196096 84 -2876.0 
196352 84 -2877.0 
196608 84 -2873.0 
196864 84 -2872.0 
197120 84 -2870.0 
197376 84 -2870.0 
197632 84 -2871.0 
197888 84 -2869.0 
198144 84 -2865.0 
198400 84 -2864.0 
198656 84 -2862.0 
198912 84 -2861.0 
199168 84 -2862.0 
199424 84 -2859.0 
199680 84 -2857.0 
199936 84 -2859.0 
200192 84 -2859.0 
200448 84 -2860.0 
200704 84 -2861.0 
200960 84 -2863.0 
201216 85 -2861.0 
201472 85 -2862.0 
201728 85 -2862.0 
201984 85 -2861.0 
202240 85 -2858.0 
202496 85 -2861.0 
202752 85 -2863.0 
203008 85 -2861.0 
203264 85 -2864.0 
203520 85 -2864.0 
203776 85 -2863.0 
204032 85 -2857.0 
204288 85 -2859.0 
204544 85 -2861.0 
204800 85 -2864.0 
205056 85 -2865.0 
205312 85 -2865.0 
205568 85 -2866.0 
205824 85 -2865.0 
206080 85 -2865.0 
206336 85 -2863.0 
206592 85 -2861.0 
206848 85 -2861.0 
207104 85 -2862.0 
207360 86 -2861.0 
207616 86 -2861.0 
207872 86 -2862.0 
208128 86 -2862.0 
208384 86 -2863.0 
208640 86 -2864.0 
208896 86 -2865.0 
209152 86 -2863.0 
209408 86 -2863.0 
209664 86 -2865.0 
209920 86 -2864.0 
210176 86 -2862.0 
210432 86 -2863.0 
210688 86 -2862.0 
210944 86 -2859.0 
211200 86 -2861.0 
211456 86 -2861.0 
211712 86 -2862.0 
211968 86 -2863.0 
212224 86 -2862.0 
212480 86 -2862.0 
212736 86 -2861.0 
212992 86 -2859.0 
213248 86 -2857.0 
213504 86 -2857.0 
213760 86 -2857.0 
214016 86 -2857.0 
214272 87 -2855.0 
214528 87 -2854.0 
214784 87 -2855.0 
215040 87 -2852.0 
215296 87 -2852.0 
215552 87 -2852.0 
215808 87 -2854.0 
216064 87 -2856.0 
216320 87 -2856.0 
216576 87 -2856.0 
216832 87 -2855.0 
217088 87 -2855.0 
217344 87 -2854.0 
217600 87 -2854.0 
217856 87 -2852.0 
218112 87 -2851.0 
218368 87 -2851.0 
218624 87 -2851.0 
218880 87 -2851.0 
219136 87 -2852.0 
219392 87 -2855.0 
219648 87 -2854.0 
219904 87 -2853.0 
220160 88 -2853.0 
220416 88 -2853.0 
220672 88 -2853.0 
220928 88 -2855.0 
221184 88 -2857.0 
221440 88 -2855.0 
221696 88 -2857.0 
221952 88 -2857.0 
222208 88 -2857.0 
222464 88 -2855.0 
222720 88 -2854.0 
222976 88 -2858.0 
223232 88 -2858.0 
223488 88 -2856.0 
223744 88 -2857.0 
224000 88 -2857.0 
224256 88 -2861.0 
224512 88 -2861.0 
224768 88 -2861.0 
225024 89 -2861.0 
225280 89 -2858.0 
225536 89 -2859.0 
225792 89 -2862.0 
226048 89 -2862.0 
226304 89 -2862.0 
226560 89 -2860.0 
226816 89 -2861.0 
227072 89 -2861.0 
227328 89 -2857.0 
227584 89 -2857.0 
227840 89 -2857.0 
228096 89 -2860.0 
228352 89 -2859.0 
228608 89 -2860.0 
228864 89 -2864.0 
229120 90 -2867.0 
229376 90 -2867.0 
229632 90 -2869.0 
229888 90 -2868.0 
230144 90 -2867.0 
230400 90 -2870.0 
230656 90 -2872.0 
230912 90 -2877.0 
231168 90 -2880.0 
231424 90 -2881.0 
231680 90 -2881.0 
231936 90 -2879.0 
232192 90 -2879.0 
232448 90 -2879.0 
232704 90 -2879.0 
232960 90 -2879.0 
233216 90 -2878.0 
233472 90 -2877.0 
233728 91 -2877.0 
233984 91 -2875.0 
234240 91 -2874.0 
234496 91 -2874.0 
234752 91 -2873.0 
235008 91 -2870.0 
235264 91 -2867.0 
235520 91 -2867.0 
235776 91 -2865.0 
236032 91 -2864.0 
236288 91 -2863.0 
236544 91 -2867.0 
236800 91 -2866.0 
237056 91 -2866.0 
237312 91 -2866.0 
237568 91 -2864.0 
237824 91 -2862.0 
238080 91 -2863.0 
238336 91 -2861.0 
238592 91 -2861.0 
238848 91 -2859.0 
239104 91 -2857.0 
239360 91 -2860.0 
239616 91 -2860.0 
239872 91 -2859.0 
240128 91 -2858.0 
240384 91 -2855.0 
240640 91 -2855.0 
240896 91 -2854.0 
241152 91 -2854.0 
241408 92 -2852.0 
241664 92 -2850.0 
241920 92 -2849.0 
242176 92 -2849.0 
242432 92 -2850.0 
242688 92 -2848.0 
242944 92 -2847.0 
243200 92 -2846.0 
243456 92 -2846.0 
243712 92 -2846.0 
243968 92 -2845.0 
244224 92 -2843.0 
244480 92 -2843.0 
244736 92 -2840.0 
244992 92 -2842.0 
245248 92 -2838.0 
245504 92 -2836.0 
245760 92 -2835.0 
246016 92 -2836.0 
246272 92 -2835.0 
246528 92 -2834.0 
246784 92 -2835.0 
247040 92 -2836.0 
247296 92 -2834.0 
247552 92 -2833.0 
247808 92 -2831.0 
248064 92 -2830.0 
248320 93 -2830.0 
248576 93 -2830.0 
248832 93 -2830.0 
249088 93 -2830.0 
249344 93 -2830.0 
249600 93 -2829.0 
249856 93 -2830.0 
250112 93 -2831.0 
250368 93 -2830.0 
250624 93 -2829.0 
250880 93 -2827.0 
251136 93 -2827.0 
251392 93 -2827.0 
251648 93 -2826.0 
251904 93 -2831.0 
252160 93 -2829.0 
252416 93 -2829.0 
252672 93 -2830.0 
252928 93 -2830.0 
253184 93 -2830.0 
253440 93 -2830.0 
253696 93 -2830.0 
253952 93 -2830.0 
254208 93 -2829.0 
254464 93 -2828.0 
254720 93 -2826.0 
254976 93 -2828.0 
255232 94 -2827.0 
255488 94 -2828.0 
255744 94 -2829.0 
256000 94 -2828.0 
256256 94 -2825.0 
256512 94 -2825.0 
256768 94 -2823.0 
257024 94 -2822.0 
257280 94 -2822.0 
257536 94 -2823.0 
257792 94 -2823.0 
258048 94 -2822.0 
258304 94 -2821.0 
258560 94 -2821.0 
258816 94 -2822.0 
259072 94 -2822.0 
259328 94 -2821.0 
259584 94 -2819.0 
259840 94 -2818.0 
260096 94 -2818.0 
260352 94 -2818.0 
260608 94 -2816.0 
260864 94 -2816.0 
261120 94 -2815.0 
261376 94 -2814.0 
261632 94 -2814.0 
261888 94 -2813.0 
262144 94 -2811.0 
262400 94 -2811.0 
262656 94 -2810.0 
262912 94 -2808.0 
263168 94 -2805.0 
263424 94 -2803.0 
263680 95 -2801.0 
263936 95 -2800.0 
264192 95 -2798.0 
264448 95 -2798.0 
264704 95 -2801.0 
264960 95 -2799.0 
265216 95 -2798.0 
265472 95 -2798.0 
265728 95 -2796.0 
265984 95 -2795.0 
266240 95 -2795.0 
266496 95 -2792.0 
266752 95 -2792.0 
267008 95 -2792.0 
267264 95 -2790.0 
267520 95 -2788.0 
267776 95 -2787.0 
268032 95 -2782.0 
268288 95 -2779.0 
268544 95 -2781.0 
268800 95 -2781.0 
269056 95 -2789.0 
269312 96 -2793.0 
269568 96 -2792.0 
269824 96 -2792.0 
270080 96 -2790.0 
270336 96 -2790.0 
270592 96 -2790.0 
270848 96 -2790.0 
271104 96 -2789.0 
271360 96 -2789.0 
271616 96 -2787.0 
271872 96 -2783.0 
272128 96 -2782.0 
272384 96 -2781.0 
272640 96 -2782.0 
272896 96 -2782.0 
273152 96 -2780.0 
273408 96 -2780.0 
273664 96 -2777.0 
273920 96 -2778.0 
274176 96 -2778.0 
274432 96 -2777.0 
274688 96 -2774.0 
274944 96 -2774.0 
275200 96 -2773.0 
275456 96 -2771.0 
275712 96 -2769.0 
275968 96 -2769.0 
276224 96 -2766.0 
276480 96 -2765.0 
276736 96 -2762.0 
276992 97 -2762.0 
277248 97 -2761.0 
277504 97 -2760.0 
277760 97 -2760.0 
278016 97 -2761.0 
278272 97 -2759.0 
278528 97 -2756.0 
278784 97 -2755.0 
279040 97 -2753.0 
279296 97 -2749.0 
279552 97 -2749.0 
279808 97 -2746.0 
280064 97 -2743.0 
280320 97 -2740.0 
280576 97 -2737.0 
280832 97 -2737.0 
281088 97 -2737.0 
281344 97 -2735.0 
281600 97 -2733.0 
281856 97 -2733.0 
282112 97 -2732.0 
282368 97 -2729.0 
282624 97 -2730.0 
282880 97 -2728.0 
283136 98 -2730.0 
283392 98 -2729.0 
283648 98 -2731.0 
283904 98 -2731.0 
284160 98 -2732.0 
284416 98 -2730.0 
284672 98 -2728.0 
284928 98 -2727.0 
285184 98 -2726.0 
285440 98 -2724.0 
285696 98 -2723.0 
285952 98 -2723.0 
286208 98 -2721.0 
286464 98 -2721.0 
286720 98 -2721.0 
286976 98 -2719.0 
287232 98 -2720.0 
287488 98 -2719.0 
287744 98 -2717.0 
288000 98 -2716.0 
288256 98 -2714.0 
288512 98 -2715.0 
288768 98 -2715.0 
289024 98 -2712.0 
289280 98 -2712.0 
289536 98 -2712.0 
289792 99 -2708.0 
290048 99 -2711.0 
290304 99 -2711.0 
290560 99 -2710.0 
290816 99 -2706.0 
291072 99 -2704.0 
291328 99 -2706.0 
291584 99 -2705.0 
291840 99 -2705.0 
292096 99 -2704.0 
292352 99 -2701.0 
292608 99 -2702.0 
292864 99 -2700.0 
293120 99 -2695.0 
293376 99 -2694.0 
293632 99 -2694.0 
293888 99 -2695.0 
294144 99 -2696.0 
294400 99 -2696.0 
294656 99 -2696.0 
294912 99 -2694.0 
295168 99 -2691.0 
295424 99 -2687.0 
295680 99 -2685.0 
295936 99 -2683.0 
296192 100 -2684.0 
296448 100 -2684.0 
296704 100 -2684.0 
296960 100 -2682.0 
297216 100 -2683.0 
297472 100 -2681.0 
297728 100 -2682.0 
297984 100 -2681.0 
298240 100 -2678.0 
298496 100 -2676.0 
298752 100 -2675.0 
299008 100 -2675.0 
299264 100 -2675.0 
299520 100 -2674.0 
299776 100 -2671.0 
300032 100 -2670.0 
300288 100 -2668.0 
300544 100 -2667.0 
300800 100 -2668.0 
301056 100 -2670.0 
301312 100 -2667.0 
301568 100 -2666.0 
301824 100 -2666.0 
302080 100 -2666.0 
302336 100 -2667.0 
302592 100 -2667.0 
302848 100 -2666.0 
303104 100 -2664.0 
303360 100 -2662.0 
303616 100 -2663.0 
303872 100 -2662.0 
304128 101 -2659.0 
304384 101 -2660.0 
304640 101 -2660.0 
304896 101 -2660.0 
305152 101 -2656.0 
305408 101 -2656.0 
305664 101 -2655.0 
305920 101 -2655.0 
306176 101 -2655.0 
306432 101 -2654.0 
306688 101 -2655.0 
306944 101 -2655.0 
307200 101 -2655.0 
307456 101 -2654.0 
307712 101 -2653.0 
307968 101 -2654.0 
308224 101 -2655.0 
308480 101 -2654.0 
308736 101 -2653.0 
308992 101 -2654.0 
309248 101 -2655.0 
309504 101 -2653.0 
309760 101 -2652.0 
310016 101 -2649.0 
310272 101 -2644.0 
310528 101 -2644.0 
310784 101 -2641.0 
311040 101 -2639.0 
311296 101 -2637.0 
311552 102 -2636.0 
311808 102 -2636.0 
312064 102 -2637.0 
312320 102 -2636.0 
312576 102 -2636.0 
312832 102 -2638.0 
313088 102 -2636.0 
313344 102 -2637.0 
313600 102 -2633.0 
313856 102 -2636.0 
314112 102 -2636.0 
314368 102 -2636.0 
314624 102 -2632.0 
314880 102 -2630.0 
315136 102 -2630.0 
315392 102 -2631.0 
315648 102 -2631.0 
315904 102 -2627.0 
316160 102 -2626.0 
316416 103 -2626.0 
316672 103 -2624.0 
316928 103 -2624.0 
317184 103 -2627.0 
317440 103 -2629.0 
317696 103 -2630.0 
317952 103 -2628.0 
318208 103 -2629.0 
318464 103 -2630.0 
318720 103 -2630.0 
318976 103 -2629.0 
319232 103 -2629.0 
319488 103 -2628.0 
319744 103 -2626.0 
320000 103 -2625.0 
320256 103 -2623.0 
320512 103 -2623.0 
320768 103 -2621.0 
321024 103 -2622.0 
321280 103 -2621.0 
321536 103 -2620.0 
321792 103 -2619.0 
322048 103 -2618.0 
322304 103 -2617.0 
322560 103 -2615.0 
322816 103 -2614.0 
323072 103 -2612.0 
323328 103 -2611.0 
323584 103 -2611.0 
323840 103 -2610.0 
324096 103 -2611.0 
324352 103 -2610.0 
324608 103 -2609.0 
324864 104 -2608.0 
325120 104 -2607.0 
325376 104 -2607.0 
325632 104 -2607.0 
325888 104 -2605.0 
326144 104 -2605.0 
326400 104 -2602.0 
326656 104 -2603.0 
326912 104 -2602.0 
327168 104 -2601.0 
327424 104 -2601.0 
327680 104 -2601.0 
327936 104 -2597.0 
328192 104 -2595.0 
328448 104 -2594.0 
328704 104 -2594.0 
328960 104 -2593.0 
329216 104 -2592.0 
329472 104 -2591.0 
329728 104 -2591.0 
329984 104 -2590.0 
330240 104 -2588.0 
330496 104 -2585.0 
330752 104 -2582.0 
331008 104 -2582.0 
331264 104 -2580.0 
331520 104 -2581.0 
331776 104 -2579.0 
332032 104 -2580.0 
332288 104 -2579.0 
332544 104 -2578.0 
332800 104 -2577.0 
333056 104 -2574.0 
333312 104 -2572.0 
333568 104 -2573.0 
333824 105 -2573.0 
334080 105 -2574.0 
334336 105 -2573.0 
334592 105 -2573.0 
334848 105 -2573.0 
335104 105 -2575.0 
335360 105 -2574.0 
335616 105 -2571.0 
335872 105 -2570.0 
336128 105 -2573.0 
336384 105 -2571.0 
336640 105 -2572.0 
336896 105 -2570.0 
337152 105 -2570.0 
337408 105 -2569.0 
337664 105 -2565.0 
337920 105 -2566.0 
338176 105 -2565.0 
338432 105 -2561.0 
338688 105 -2561.0 
338944 105 -2560.0 
339200 105 -2560.0 
339456 105 -2559.0 
339712 105 -2561.0 
339968 105 -2558.0 
340224 105 -2557.0 
340480 105 -2555.0 
340736 105 -2554.0 
340992 106 -2553.0 
341248 106 -2553.0 
341504 106 -2552.0 
341760 106 -2552.0 
342016 106 -2553.0 
342272 106 -2553.0 
342528 106 -2551.0 
342784 106 -2550.0 
343040 106 -2549.0 
343296 106 -2548.0 
343552 106 -2547.0 
343808 106 -2543.0 
344064 106 -2544.0 
344320 106 -2543.0 
344576 106 -2544.0 
344832 106 -2542.0 
345088 106 -2542.0 
345344 106 -2541.0 
345600 106 -2542.0 
345856 106 -2541.0 
346112 106 -2540.0 
346368 106 -2540.0 
346624 106 -2540.0 
346880 106 -2539.0 
347136 106 -2535.0 
347392 106 -2535.0 
347648 106 -2535.0 
347904 106 -2532.0 
348160 106 -2531.0 
348416 106 -2532.0 
348672 106 -2531.0 
348928 106 -2529.0 
349184 106 -2526.0 
349440 107 -2528.0 
349696 107 -2528.0 
349952 107 -2528.0 
350208 107 -2528.0 
350464 107 -2527.0 
350720 107 -2528.0 
350976 107 -2529.0 
351232 107 -2526.0 
351488 107 -2530.0 
351744 107 -2527.0 
352000 107 -2527.0 
352256 107 -2524.0 
352512 107 -2525.0 
352768 107 -2523.0 
353024 107 -2518.0 
353280 107 -2516.0 
353536 107 -2516.0 
353792 107 -2515.0 
354048 107 -2514.0 
354304 107 -2515.0 
354560 107 -2513.0 
354816 107 -2513.0 
355072 107 -2513.0 
355328 107 -2515.0 
355584 107 -2513.0 
355840 107 -2513.0 
356096 107 -2513.0 
356352 107 -2513.0 
356608 107 -2510.0 
356864 107 -2510.0 
357120 107 -2507.0 
357376 107 -2506.0 
357632 108 -2504.0 
357888 108 -2501.0 
358144 108 -2500.0 
358400 108 -2500.0 
358656 108 -2502.0 
358912 108 -2502.0 
359168 108 -2502.0 
359424 108 -2501.0 
359680 108 -2501.0 
359936 108 -2499.0 
360192 108 -2498.0 
360448 108 -2500.0 
360704 108 -2498.0 
360960 108 -2497.0 
361216 108 -2498.0 
361472 108 -2498.0 
361728 108 -2497.0 
361984 108 -2495.0 
362240 108 -2494.0 
362496 108 -2494.0 
362752 108 -2496.0 
363008 108 -2495.0 
363264 108 -2497.0 
363520 108 -2497.0 
363776 108 -2495.0 
364032 108 -2491.0 
364288 108 -2490.0 
364544 108 -2488.0 
364800 109 -2481.0 
365056 109 -2481.0 
365312 109 -2478.0 
365568 109 -2477.0 
365824 109 -2474.0 
366080 109 -2475.0 
366336 109 -2472.0 
366592 109 -2470.0 
366848 109 -2471.0 
367104 109 -2466.0 
367360 109 -2466.0 
367616 109 -2466.0 
367872 109 -2466.0 
368128 109 -2467.0 
368384 109 -2466.0 
368640 109 -2466.0 
368896 109 -2464.0 
369152 109 -2465.0 
369408 109 -2465.0 
369664 109 -2462.0 
369920 109 -2461.0 
370176 109 -2462.0 
370432 109 -2459.0 
370688 109 -2458.0 
370944 110 -2455.0 
371200 110 -2455.0 
371456 110 -2455.0 
371712 110 -2452.0 
371968 110 -2451.0 
372224 110 -2450.0 
372480 110 -2452.0 
372736 110 -2448.0 
372992 110 -2445.0 
373248 110 -2446.0 
373504 110 -2445.0 
373760 110 -2444.0 
374016 110 -2440.0 
374272 110 -2441.0 
374528 110 -2439.0 
374784 110 -2438.0 
375040 110 -2437.0 
375296 110 -2437.0 
375552 111 -2440.0 
375808 111 -2442.0 
376064 111 -2441.0 
376320 111 -2440.0 
376576 111 -2438.0 
376832 111 -2438.0 
377088 111 -2439.0 
377344 111 -2438.0 
377600 111 -2438.0 
377856 111 -2436.0 
378112 111 -2437.0 
378368 111 -2439.0 
378624 111 -2440.0 
378880 111 -2440.0 
379136 111 -2441.0 
379392 111 -2440.0 
379648 111 -2435.0 
379904 111 -2434.0 
380160 111 -2433.0 
380416 111 -2433.0 
380672 111 -2433.0 
380928 111 -2434.0 
381184 111 -2433.0 
381440 111 -2432.0 
381696 111 -2432.0 
381952 112 -2431.0 
382208 112 -2431.0 
382464 112 -2432.0 
382720 112 -2429.0 
382976 112 -2430.0 
383232 112 -2430.0 
383488 112 -2429.0 
383744 112 -2430.0 
384000 112 -2430.0 
384256 112 -2431.0 
384512 112 -2431.0 
384768 112 -2429.0 
385024 112 -2429.0 
385280 112 -2427.0 
385536 112 -2427.0 
385792 112 -2428.0 
386048 112 -2427.0 
386304 112 -2427.0 
386560 112 -2427.0 
386816 112 -2425.0 
387072 112 -2425.0 
387328 112 -2423.0 
387584 112 -2421.0 
387840 112 -2424.0 
388096 112 -2422.0 
388352 112 -2421.0 
388608 113 -2421.0 
388864 113 -2422.0 
389120 113 -2417.0 
389376 113 -2418.0 
389632 113 -2417.0 
389888 113 -2414.0 
390144 113 -2412.0 
390400 113 -2412.0 
390656 113 -2411.0 
390912 113 -2408.0 
391168 113 -2406.0 
391424 113 -2404.0 
391680 113 -2402.0 
391936 113 -2401.0 
392192 113 -2401.0 
392448 113 -2401.0 
392704 113 -2402.0 
392960 113 -2402.0 
393216 113 -2402.0 
393472 113 -2401.0 
393728 113 -2399.0 
393984 113 -2399.0 
394240 113 -2401.0 
394496 113 -2395.0 
394752 113 -2391.0 
395008 113 -2389.0 
395264 113 -2388.0 
395520 113 -2390.0 
395776 114 -2388.0 
396032 114 -2388.0 
396288 114 -2388.0 
396544 114 -2389.0 
396800 114 -2390.0 
397056 114 -2389.0 
397312 114 -2388.0 
397568 114 -2388.0 
397824 114 -2388.0 
398080 114 -2387.0 
398336 114 -2385.0 
398592 114 -2384.0 
398848 114 -2382.0 
399104 114 -2381.0 
399360 114 -2377.0 
399616 114 -2376.0 
399872 114 -2376.0 
400128 114 -2375.0 
400384 114 -2375.0 
400640 114 -2376.0 
400896 114 -2376.0 
401152 114 -2374.0 
401408 114 -2373.0 
401664 114 -2372.0 
401920 114 -2372.0 
402176 114 -2370.0 
402432 114 -2369.0 
402688 114 -2367.0 
402944 114 -2367.0 
403200 114 -2364.0 
403456 114 -2365.0 
403712 115 -2366.0 
403968 115 -2365.0 
404224 115 -2365.0 
404480 115 -2365.0 
404736 115 -2365.0 
404992 115 -2360.0 
405248 115 -2359.0 
405504 115 -2360.0 
405760 115 -2361.0 
406016 115 -2361.0 
406272 115 -2361.0 
406528 115 -2357.0 
406784 115 -2355.0 
407040 115 -2349.0 
407296 115 -2348.0 
407552 115 -2348.0 
407808 115 -2347.0 
408064 115 -2345.0 
408320 115 -2344.0 
408576 115 -2342.0 
408832 115 -2339.0 
409088 115 -2336.0 
409344 115 -2337.0 
409600 115 -2336.0 
409856 115 -2334.0 
410112 115 -2333.0 
410368 115 -2332.0 
410624 115 -2332.0 
410880 116 -2332.0 
411136 116 -2329.0 
411392 116 -2327.0 
411648 116 -2327.0 
411904 116 -2327.0 
412160 116 -2327.0 
412416 116 -2326.0 
412672 116 -2326.0 
412928 116 -2326.0 
413184 116 -2321.0 
413440 116 -2320.0 
413696 116 -2319.0 
413952 116 -2321.0 
414208 116 -2318.0 
414464 116 -2318.0 
414720 116 -2317.0 
414976 116 -2316.0 
415232 116 -2314.0 
415488 116 -2312.0 
415744 116 -2312.0 
416000 116 -2310.0 
416256 116 -2310.0 
416512 116 -2310.0 
416768 116 -2311.0 
417024 116 -2310.0 
417280 116 -2307.0 
417536 116 -2306.0 
417792 116 -2306.0 
418048 117 -2308.0 
418304 117 -2308.0 
418560 117 -2307.0 
418816 117 -2306.0 
419072 117 -2305.0 
419328 117 -2305.0 
419584 117 -2302.0 
419840 117 -2302.0 
420096 117 -2302.0 
420352 117 -2300.0 
420608 117 -2297.0 
420864 117 -2296.0 
421120 117 -2295.0 
421376 117 -2290.0 
421632 117 -2290.0 
421888 117 -2289.0 
422144 117 -2289.0 
422400 117 -2288.0 
422656 117 -2290.0 
422912 117 -2289.0 
423168 117 -2289.0 
423424 117 -2288.0 
423680 117 -2288.0 
423936 117 -2287.0 
424192 117 -2286.0 
424448 117 -2286.0 
424704 117 -2283.0 
424960 117 -2283.0 
425216 117 -2278.0 
425472 117 -2276.0 
425728 117 -2275.0 
425984 118 -2274.0 
426240 118 -2275.0 
426496 118 -2275.0 
426752 118 -2273.0 
427008 118 -2271.0 
427264 118 -2271.0 
427520 118 -2270.0 
427776 118 -2269.0 
428032 118 -2263.0 
428288 118 -2262.0 
428544 118 -2262.0 
428800 118 -2261.0 
429056 118 -2260.0 
429312 118 -2260.0 
429568 118 -2262.0 
429824 118 -2266.0 
430080 118 -2269.0 
430336 118 -2269.0 
430592 118 -2270.0 
430848 118 -2269.0 
431104 118 -2269.0 
431360 118 -2269.0 
431616 118 -2269.0 
431872 118 -2269.0 
432128 118 -2268.0 
432384 118 -2266.0 
432640 118 -2265.0 
432896 118 -2264.0 
433152 118 -2264.0 
433408 119 -2264.0 
433664 119 -2266.0 
433920 119 -2267.0 
434176 119 -2265.0 
434432 119 -2265.0 
434688 119 -2267.0 
434944 119 -2266.0 
435200 119 -2265.0 
435456 119 -2266.0 
435712 119 -2264.0 
435968 119 -2261.0 
436224 119 -2262.0 
436480 119 -2263.0 
436736 119 -2263.0 
436992 119 -2263.0 
437248 119 -2261.0 
437504 119 -2259.0 
437760 119 -2257.0 
438016 119 -2255.0 
438272 119 -2254.0 
438528 119 -2254.0 
438784 119 -2253.0 
439040 119 -2253.0 
439296 119 -2249.0 
439552 119 -2249.0 
439808 119 -2249.0 
440064 119 -2247.0 
440320 119 -2247.0 
440576 119 -2245.0 
440832 119 -2243.0 
441088 119 -2241.0 
441344 120 -2240.0 
441600 120 -2238.0 
441856 120 -2236.0 
442112 120 -2234.0 
442368 120 -2236.0 
442624 120 -2235.0 
442880 120 -2235.0 
443136 120 -2235.0 
443392 120 -2233.0 
443648 120 -2231.0 
443904 120 -2231.0 
444160 120 -2230.0 
444416 120 -2229.0 
444672 120 -2228.0 
444928 120 -2227.0 
445184 120 -2225.0 
445440 120 -2223.0 
445696 120 -2223.0 
445952 120 -2223.0 
446208 120 -2222.0 
446464 120 -2222.0 
446720 120 -2221.0 
446976 120 -2221.0 
447232 120 -2220.0 
447488 120 -2217.0 
447744 120 -2218.0 
448000 120 -2217.0 
448256 120 -2215.0 
448512 120 -2214.0 
448768 120 -2213.0 
449024 120 -2212.0 
449280 121 -2212.0 
449536 121 -2212.0 
449792 121 -2211.0 
450048 121 -2212.0 
450304 121 -2211.0 
450560 121 -2210.0 
450816 121 -2208.0 
451072 121 -2207.0 
451328 121 -2205.0 
451584 121 -2204.0 
451840 121 -2204.0 
452096 121 -2205.0 
452352 121 -2205.0 
452608 121 -2205.0 
452864 121 -2205.0 
453120 121 -2202.0 
453376 121 -2203.0 
453632 121 -2203.0 
453888 121 -2202.0 
454144 121 -2202.0 
454400 121 -2201.0 
454656 121 -2200.0 
454912 121 -2199.0 
455168 121 -2197.0 
455424 121 -2195.0 
455680 121 -2194.0 
455936 121 -2194.0 
456192 121 -2195.0 
456448 121 -2193.0 
456704 121 -2192.0 
456960 121 -2194.0 
457216 121 -2195.0 
457472 121 -2195.0 
457728 121 -2194.0 
457984 121 -2193.0 
458240 122 -2192.0 
458496 122 -2191.0 
458752 122 -2190.0 
459008 122 -2189.0 
459264 122 -2187.0 
459520 122 -2185.0 
459776 122 -2185.0 
460032 122 -2183.0 
460288 122 -2180.0 
460544 122 -2179.0 
460800 122 -2176.0 
461056 122 -2174.0 
461312 122 -2172.0 
461568 122 -2168.0 
461824 122 -2167.0 
462080 122 -2165.0 
462336 122 -2164.0 
462592 122 -2162.0 
462848 122 -2161.0 
463104 122 -2161.0 
463360 122 -2159.0 
463616 122 -2158.0 
463872 122 -2157.0 
464128 122 -2158.0 
464384 122 -2159.0 
464640 122 -2158.0 
464896 122 -2157.0 
465152 122 -2157.0 
465408 122 -2157.0 
465664 122 -2155.0 
465920 123 -2154.0 
466176 123 -2153.0 
466432 123 -2153.0 
466688 123 -2153.0 
466944 123 -2152.0 
467200 123 -2151.0 
467456 123 -2151.0 
467712 123 -2147.0 
467968 123 -2147.0 
468224 123 -2146.0 
468480 123 -2144.0 
468736 123 -2146.0 
468992 123 -2145.0 
469248 123 -2144.0 
469504 123 -2140.0 
469760 123 -2140.0 
470016 123 -2139.0 
470272 123 -2139.0 
470528 123 -2137.0 
470784 123 -2135.0 
471040 123 -2134.0 
471296 123 -2132.0 
471552 123 -2137.0 
471808 123 -2136.0 
472064 123 -2134.0 
472320 123 -2134.0 
472576 123 -2133.0 
472832 123 -2132.0 
473088 124 -2131.0 
473344 124 -2130.0 
473600 124 -2129.0 
473856 124 -2128.0 
474112 124 -2126.0 
474368 124 -2124.0 
474624 124 -2121.0 
474880 124 -2120.0 
475136 124 -2120.0 
475392 124 -2118.0 
475648 124 -2118.0 
475904 124 -2118.0 
476160 124 -2117.0 
476416 124 -2116.0 
476672 124 -2116.0 
476928 124 -2114.0 
477184 124 -2115.0 
477440 124 -2115.0 
477696 124 -2115.0 
477952 124 -2112.0 
478208 124 -2111.0 
478464 124 -2110.0 
478720 124 -2110.0 
478976 124 -2108.0 
479232 124 -2106.0 
479488 124 -2106.0 
479744 124 -2106.0 
480000 124 -2103.0 
480256 125 -2101.0 
480512 125 -2101.0 
480768 125 -2099.0 
481024 125 -2099.0 
481280 125 -2099.0 
481536 125 -2096.0 
481792 125 -2096.0 
482048 125 -2096.0 
482304 125 -2094.0 
482560 125 -2094.0 
482816 125 -2095.0 
483072 125 -2095.0 
483328 125 -2095.0 
483584 125 -2094.0 
483840 125 -2092.0 
484096 125 -2092.0 
484352 125 -2091.0 
484608 125 -2091.0 
484864 125 -2088.0 
485120 125 -2086.0 
485376 125 -2087.0 
485632 125 -2087.0 
485888 125 -2087.0 
486144 125 -2087.0 
486400 125 -2085.0 
486656 125 -2084.0 
486912 125 -2084.0 
487168 125 -2087.0 
487424 126 -2087.0 
487680 126 -2086.0 
487936 126 -2083.0 
488192 126 -2080.0 
488448 126 -2077.0 
488704 126 -2073.0 
488960 126 -2072.0 
489216 126 -2069.0 
489472 126 -2070.0 
489728 126 -2069.0 
489984 126 -2068.0 
490240 126 -2069.0 
490496 126 -2069.0 
490752 126 -2072.0 
491008 126 -2071.0 
491264 126 -2068.0 
491520 126 -2067.0 
491776 126 -2065.0 
492032 126 -2065.0 
492288 126 -2062.0 
492544 126 -2060.0 
492800 126 -2057.0 
493056 126 -2056.0 
493312 126 -2056.0 
493568 126 -2055.0 
493824 126 -2054.0 
494080 126 -2053.0 
494336 126 -2052.0 
494592 126 -2052.0 
494848 126 -2051.0 
495104 127 -2050.0 
495360 127 -2049.0 
495616 127 -2047.0 
495872 127 -2046.0 
496128 127 -2045.0 
496384 127 -2045.0 
496640 127 -2042.0 
496896 127 -2040.0 
497152 127 -2038.0 
497408 127 -2037.0 
497664 127 -2034.0 
497920 127 -2033.0 
498176 127 -2033.0 
498432 127 -2031.0 
498688 127 -2030.0 
498944 127 -2029.0 
499200 127 -2029.0 
499456 127 -2028.0 
499712 127 -2026.0 
499968 127 -2024.0 
500224 127 -2023.0 
500480 127 -2023.0 
500736 127 -2021.0 
500992 127 -2020.0 
501248 127 -2017.0 
501504 127 -2017.0 
501760 127 -2017.0 
502016 127 -2016.0 
502272 127 -2015.0 
502528 127 -2015.0 
