256 0 -13.0 
512 0 -25.0 
768 0 -35.0 
1024 0 -49.0 
1280 0 -49.0 
1536 1 -61.0 
1792 1 -72.0 
2048 1 -80.0 
2304 1 -100.0 
2560 2 -115.0 
2816 2 -126.0 
3072 2 -136.0 
3328 2 -142.0 
3584 2 -151.0 
3840 3 -162.0 
4096 3 -172.0 
4352 3 -189.0 
4608 3 -201.0 
4864 3 -208.0 
5120 4 -210.0 
5376 4 -220.0 
5632 4 -238.0 
5888 4 -249.0 
6144 5 -259.0 
6400 5 -270.0 
6656 5 -279.0 
6912 5 -294.0 
7168 5 -300.0 
7424 5 -307.0 
7680 6 -314.0 
7936 6 -326.0 
8192 6 -342.0 
8448 6 -352.0 
8704 7 -365.0 
8960 7 -382.0 
9216 7 -390.0 
9472 7 -396.0 
9728 7 -403.0 
9984 8 -407.0 
10240 8 -419.0 
10496 8 -428.0 
10752 8 -433.0 
11008 8 -443.0 
11264 8 -445.0 
11520 9 -460.0 
11776 9 -465.0 
12032 9 -482.0 
12288 9 -491.0 
12544 10 -498.0 
12800 10 -506.0 
13056 10 -519.0 
13312 10 -525.0 
13568 10 -533.0 
13824 10 -538.0 
14080 11 -551.0 
14336 11 -568.0 
14592 11 -584.0 
14848 11 -590.0 
15104 12 -594.0 
15360 12 -605.0 
15616 12 -612.0 
15872 12 -618.0 
16128 12 -627.0 
16384 12 -629.0 
16640 12 -637.0 
16896 13 -651.0 
17152 13 -664.0 
17408 13 -673.0 
17664 13 -682.0 
17920 13 -690.0 
18176 14 -698.0 
18432 14 -710.0 
18688 14 -715.0 
18944 14 -724.0 
19200 14 -736.0 
19456 15 -744.0 
19712 15 -751.0 
19968 15 -758.0 
20224 15 -764.0 
20480 15 -771.0 
20736 15 -778.0 
20992 16 -793.0 
21248 16 -804.0 
21504 16 -813.0 
21760 16 -818.0 
22016 16 -830.0 
22272 17 -845.0 
22528 17 -856.0 
22784 17 -868.0 
23040 17 -876.0 
23296 18 -890.0 
23552 18 -895.0 
23808 18 -907.0 
24064 18 -917.0 
24320 18 -929.0 
24576 18 -933.0 
24832 19 -946.0 
25088 19 -949.0 
25344 19 -953.0 
25600 19 -954.0 
25856 19 -963.0 
26112 20 -974.0 
26368 20 -981.0 
26624 20 -989.0 
26880 20 -998.0 
27136 20 -1007.0 
27392 20 -1011.0 
27648 21 -1025.0 
27904 21 -1031.0 
28160 21 -1042.0 
28416 21 -1054.0 
28672 21 -1055.0 
28928 21 -1056.0 
29184 21 -1060.0 
29440 22 -1066.0 
29696 22 -1068.0 
29952 22 -1079.0 
30208 22 -1093.0 
30464 22 -1102.0 
30720 23 -1110.0 
30976 23 -1120.0 
31232 23 -1128.0 
31488 23 -1131.0 
31744 23 -1136.0 
32000 23 -1143.0 
32256 23 -1146.0 
32512 24 -1162.0 
32768 24 -1167.0 
33024 24 -1177.0 
33280 24 -1182.0 
33536 24 -1193.0 
33792 24 -1196.0 
34048 25 -1202.0 
34304 25 -1211.0 
34560 25 -1214.0 
34816 25 -1217.0 
35072 25 -1221.0 
35328 25 -1221.0 
35584 25 -1226.0 
35840 25 -1226.0 
36096 25 -1231.0 
36352 26 -1238.0 
36608 26 -1245.0 
36864 26 -1249.0 
37120 26 -1254.0 
37376 26 -1259.0 
37632 26 -1265.0 
37888 26 -1272.0 
38144 26 -1282.0 
38400 26 -1289.0 
38656 27 -1298.0 
38912 27 -1309.0 
39168 27 -1321.0 
39424 27 -1326.0 
39680 27 -1329.0 
39936 27 -1337.0 
40192 27 -1339.0 
40448 28 -1345.0 
40704 28 -1346.0 
40960 28 -1350.0 
41216 28 -1360.0 
41472 28 -1360.0 
41728 28 -1367.0 
41984 28 -1373.0 
42240 28 -1382.0 
42496 29 -1386.0 
42752 29 -1396.0 
43008 29 -1405.0 
43264 29 -1412.0 
43520 29 -1417.0 
43776 29 -1431.0 
44032 30 -1436.0 
44288 30 -1440.0 
44544 30 -1444.0 
44800 30 -1448.0 
45056 30 -1456.0 
45312 30 -1462.0 
45568 30 -1468.0 
45824 31 -1472.0 
46080 31 -1476.0 
46336 31 -1480.0 
46592 31 -1486.0 
46848 31 -1488.0 
47104 31 -1496.0 
47360 32 -1503.0 
47616 32 -1507.0 
47872 32 -1516.0 
48128 32 -1524.0 
48384 32 -1530.0 
48640 32 -1532.0 
48896 32 -1540.0 
49152 32 -1540.0 
49408 33 -1550.0 
49664 33 -1557.0 
49920 33 -1562.0 
50176 33 -1568.0 
50432 33 -1575.0 
50688 33 -1578.0 
50944 33 -1580.0 
51200 34 -1588.0 
51456 34 -1595.0 
51712 34 -1599.0 
51968 34 -1604.0 
52224 34 -1610.0 
52480 34 -1613.0 
52736 34 -1616.0 
52992 34 -1622.0 
53248 35 -1627.0 
53504 35 -1636.0 
53760 35 -1638.0 
54016 35 -1638.0 
54272 35 -1645.0 
54528 35 -1650.0 
54784 35 -1653.0 
55040 35 -1654.0 
55296 36 -1664.0 
55552 36 -1669.0 
55808 36 -1676.0 
56064 36 -1681.0 
56320 36 -1687.0 
56576 36 -1691.0 
56832 36 -1697.0 
57088 36 -1701.0 
57344 37 -1703.0 
57600 37 -1704.0 
57856 37 -1710.0 
58112 37 -1713.0 
58368 37 -1716.0 
58624 37 -1719.0 
58880 37 -1724.0 
59136 37 -1729.0 
59392 37 -1728.0 
59648 37 -1732.0 
59904 38 -1739.0 
60160 38 -1751.0 
60416 38 -1755.0 
60672 38 -1761.0 
60928 38 -1766.0 
61184 38 -1771.0 
61440 38 -1778.0 
61696 39 -1782.0 
61952 39 -1787.0 
62208 39 -1790.0 
62464 39 -1795.0 
62720 39 -1798.0 
62976 39 -1802.0 
63232 39 -1806.0 
63488 39 -1809.0 
63744 39 -1813.0 
64000 39 -1818.0 
64256 39 -1823.0 
64512 40 -1824.0 
64768 40 -1826.0 
65024 40 -1832.0 
65280 40 -1835.0 
65536 40 -1839.0 
65792 40 -1847.0 
66048 40 -1848.0 
66304 40 -1847.0 
66560 40 -1848.0 
66816 41 -1859.0 
67072 41 -1869.0 
67328 41 -1874.0 
67584 41 -1877.0 
67840 41 -1883.0 
68096 41 -1886.0 
68352 41 -1887.0 
68608 41 -1893.0 
68864 42 -1898.0 
69120 42 -1902.0 
69376 42 -1906.0 
69632 42 -1910.0 
69888 42 -1920.0 
70144 42 -1922.0 
70400 42 -1926.0 
70656 42 -1933.0 
70912 42 -1937.0 
71168 43 -1939.0 
71424 43 -1944.0 
71680 43 -1947.0 
71936 43 -1953.0 
72192 43 -1956.0 
72448 43 -1960.0 
72704 43 -1963.0 
72960 43 -1967.0 
73216 43 -1972.0 
73472 43 -1979.0 
73728 43 -1981.0 
73984 44 -1982.0 
74240 44 -1984.0 
74496 44 -1987.0 
74752 44 -1989.0 
75008 44 -1992.0 
75264 44 -1991.0 
75520 44 -1992.0 
75776 44 -1994.0 
76032 44 -1999.0 
76288 44 -1998.0 
76544 45 -2001.0 
76800 45 -2006.0 
77056 45 -2011.0 
77312 45 -2013.0 
77568 45 -2018.0 
77824 45 -2020.0 
78080 45 -2024.0 
78336 45 -2032.0 
78592 45 -2035.0 
78848 46 -2041.0 
79104 46 -2048.0 
79360 46 -2051.0 
79616 46 -2052.0 
79872 46 -2056.0 
80128 46 -2058.0 
80384 46 -2064.0 
80640 46 -2071.0 
80896 47 -2075.0 
81152 47 -2077.0 
81408 47 -2082.0 
81664 47 -2090.0 
81920 47 -2094.0 
82176 47 -2093.0 
82432 47 -2092.0 
82688 47 -2093.0 
82944 47 -2096.0 
83200 47 -2101.0 
83456 47 -2108.0 
83712 48 -2113.0 
83968 48 -2116.0 
84224 48 -2119.0 
84480 48 -2121.0 
84736 48 -2123.0 
84992 48 -2126.0 
85248 48 -2130.0 
85504 48 -2129.0 
85760 48 -2133.0 
86016 49 -2138.0 
86272 49 -2137.0 
86528 49 -2138.0 
86784 49 -2140.0 
87040 49 -2143.0 
87296 49 -2146.0 
87552 49 -2145.0 
87808 49 -2150.0 
88064 49 -2153.0 
88320 50 -2157.0 
88576 50 -2163.0 
88832 50 -2169.0 
89088 50 -2175.0 
89344 50 -2177.0 
89600 50 -2178.0 
89856 50 -2179.0 
90112 50 -2183.0 
90368 50 -2184.0 
90624 50 -2189.0 
90880 50 -2191.0 
91136 50 -2196.0 
91392 51 -2196.0 
91648 51 -2203.0 
91904 51 -2205.0 
92160 51 -2209.0 
92416 51 -2215.0 
92672 51 -2215.0 
92928 51 -2215.0 
93184 51 -2220.0 
93440 51 -2223.0 
93696 51 -2226.0 
93952 51 -2233.0 
94208 52 -2239.0 
94464 52 -2241.0 
94720 52 -2244.0 
94976 52 -2250.0 
95232 52 -2253.0 
95488 52 -2256.0 
95744 52 -2262.0 
96000 52 -2265.0 
96256 52 -2273.0 
96512 52 -2275.0 
96768 53 -2278.0 
97024 53 -2284.0 
97280 53 -2285.0 
97536 53 -2284.0 
97792 53 -2291.0 
98048 53 -2297.0 
98304 53 -2298.0 
98560 53 -2300.0 
98816 53 -2304.0 
99072 54 -2310.0 
99328 54 -2312.0 
99584 54 -2311.0 
99840 54 -2316.0 
100096 54 -2318.0 
100352 54 -2325.0 
100608 54 -2326.0 
100864 54 -2332.0 
101120 54 -2334.0 
101376 54 -2335.0 
101632 55 -2341.0 
101888 55 -2345.0 
102144 55 -2349.0 
102400 55 -2355.0 
102656 55 -2354.0 
102912 55 -2359.0 
103168 55 -2364.0 
103424 55 -2365.0 
103680 55 -2368.0 
103936 55 -2371.0 
104192 55 -2371.0 
104448 55 -2372.0 
104704 55 -2375.0 
104960 56 -2377.0 
105216 56 -2376.0 
105472 56 -2376.0 
105728 56 -2377.0 
105984 56 -2377.0 
106240 56 -2382.0 
106496 56 -2387.0 
106752 56 -2389.0 
107008 56 -2391.0 
107264 56 -2391.0 
107520 56 -2395.0 
107776 57 -2402.0 
108032 57 -2405.0 
108288 57 -2411.0 
108544 57 -2411.0 
108800 57 -2413.0 
109056 57 -2417.0 
109312 57 -2416.0 
109568 57 -2420.0 
109824 57 -2415.0 
110080 57 -2414.0 
110336 57 -2416.0 
110592 58 -2418.0 
110848 58 -2419.0 
111104 58 -2422.0 
111360 58 -2429.0 
111616 58 -2435.0 
111872 58 -2438.0 
112128 58 -2441.0 
112384 58 -2441.0 
112640 58 -2446.0 
112896 58 -2445.0 
113152 58 -2447.0 
113408 59 -2447.0 
113664 59 -2445.0 
113920 59 -2449.0 
114176 59 -2454.0 
114432 59 -2455.0 
114688 59 -2457.0 
114944 59 -2464.0 
115200 59 -2469.0 
115456 59 -2470.0 
115712 60 -2473.0 
115968 60 -2475.0 
116224 60 -2476.0 
116480 60 -2479.0 
116736 60 -2483.0 
116992 60 -2487.0 
117248 60 -2495.0 
117504 60 -2503.0 
117760 60 -2509.0 
118016 61 -2515.0 
118272 61 -2517.0 
118528 61 -2520.0 
118784 61 -2520.0 
119040 61 -2520.0 
119296 61 -2522.0 
119552 61 -2522.0 
119808 61 -2521.0 
120064 61 -2522.0 
120320 61 -2522.0 
120576 61 -2521.0 
120832 61 -2523.0 
121088 62 -2525.0 
121344 62 -2528.0 
121600 62 -2525.0 
121856 62 -2528.0 
122112 62 -2527.0 
122368 62 -2529.0 
122624 62 -2531.0 
122880 62 -2532.0 
123136 62 -2533.0 
123392 62 -2535.0 
123648 62 -2532.0 
123904 62 -2534.0 
124160 62 -2536.0 
124416 62 -2535.0 
124672 62 -2537.0 
124928 63 -2537.0 
125184 63 -2536.0 
125440 63 -2543.0 
125696 63 -2541.0 
125952 63 -2543.0 
126208 63 -2544.0 
126464 63 -2543.0 
126720 63 -2541.0 
126976 63 -2544.0 
127232 63 -2544.0 
127488 63 -2546.0 
127744 63 -2545.0 
128000 63 -2544.0 
128256 63 -2544.0 
128512 64 -2546.0 
128768 64 -2548.0 
129024 64 -2550.0 
129280 64 -2554.0 
129536 64 -2556.0 
129792 64 -2559.0 
130048 64 -2562.0 
130304 64 -2567.0 
130560 64 -2569.0 
130816 64 -2567.0 
131072 65 -2569.0 
131328 65 -2568.0 
131584 65 -2567.0 
131840 65 -2564.0 
132096 65 -2563.0 
132352 65 -2569.0 
132608 65 -2579.0 
132864 65 -2588.0 
133120 66 -2594.0 
133376 66 -2597.0 
133632 66 -2598.0 
133888 66 -2600.0 
134144 66 -2602.0 
134400 66 -2606.0 
134656 66 -2604.0 
134912 66 -2607.0 
135168 66 -2609.0 
135424 66 -2612.0 
135680 66 -2614.0 
135936 66 -2615.0 
136192 66 -2617.0 
136448 66 -2619.0 
136704 66 -2617.0 
136960 66 -2621.0 
137216 67 -2621.0 
137472 67 -2622.0 
137728 67 -2624.0 
137984 67 -2624.0 
138240 67 -2624.0 
138496 67 -2626.0 
138752 67 -2624.0 
139008 67 -2628.0 
139264 67 -2626.0 
139520 67 -2629.0 
139776 67 -2632.0 
140032 68 -2636.0 
140288 68 -2639.0 
140544 68 -2642.0 
140800 68 -2643.0 
141056 68 -2647.0 
141312 68 -2650.0 
141568 68 -2653.0 
141824 68 -2654.0 
142080 68 -2655.0 
142336 68 -2652.0 
142592 68 -2653.0 
142848 69 -2656.0 
143104 69 -2657.0 
143360 69 -2662.0 
143616 69 -2661.0 
143872 69 -2662.0 
144128 69 -2665.0 
144384 69 -2663.0 
144640 69 -2664.0 
144896 69 -2666.0 
145152 69 -2673.0 
145408 69 -2676.0 
145664 69 -2680.0 
145920 70 -2682.0 
146176 70 -2685.0 
146432 70 -2691.0 
146688 70 -2695.0 
146944 70 -2701.0 
147200 70 -2705.0 
147456 70 -2707.0 
147712 70 -2711.0 
147968 70 -2713.0 
148224 70 -2711.0 
148480 70 -2711.0 
148736 70 -2710.0 
148992 71 -2713.0 
149248 71 -2715.0 
149504 71 -2716.0 
149760 71 -2721.0 
150016 71 -2727.0 
150272 71 -2738.0 
150528 71 -2755.0 
150784 72 -2761.0 
151040 72 -2771.0 
151296 72 -2777.0 
151552 72 -2785.0 
151808 72 -2786.0 
152064 72 -2787.0 
152320 72 -2788.0 
152576 72 -2790.0 
152832 72 -2794.0 
153088 73 -2796.0 
153344 73 -2795.0 
153600 73 -2799.0 
153856 73 -2799.0 
154112 73 -2801.0 
154368 73 -2803.0 
154624 73 -2803.0 
154880 73 -2806.0 
155136 73 -2810.0 
155392 73 -2813.0 
155648 73 -2811.0 
155904 73 -2816.0 
156160 74 -2821.0 
156416 74 -2822.0 
156672 74 -2823.0 
156928 74 -2829.0 
157184 74 -2832.0 
157440 74 -2837.0 
157696 74 -2837.0 
157952 74 -2833.0 
158208 74 -2835.0 
158464 74 -2835.0 
158720 74 -2837.0 
158976 74 -2840.0 
159232 74 -2837.0 
159488 74 -2836.0 
159744 74 -2837.0 
160000 75 -2836.0 
160256 75 -2838.0 
160512 75 -2840.0 
160768 75 -2839.0 
161024 75 -2840.0 
161280 75 -2847.0 
161536 75 -2855.0 
161792 75 -2862.0 
162048 75 -2865.0 
162304 75 -2865.0 
162560 75 -2866.0 
162816 75 -2866.0 
163072 75 -2866.0 
163328 76 -2869.0 
163584 76 -2868.0 
163840 76 -2867.0 
164096 76 -2865.0 
164352 76 -2864.0 
164608 76 -2865.0 
164864 76 -2863.0 
165120 76 -2863.0 
165376 76 -2863.0 
165632 76 -2862.0 
165888 76 -2861.0 
166144 76 -2859.0 
166400 76 -2857.0 
166656 76 -2857.0 
166912 76 -2857.0 
167168 76 -2861.0 
167424 76 -2864.0 
167680 76 -2865.0 
167936 77 -2866.0 
168192 77 -2865.0 
168448 77 -2868.0 
168704 77 -2869.0 
168960 77 -2870.0 
169216 77 -2873.0 
169472 77 -2879.0 
169728 77 -2885.0 
169984 77 -2891.0 
170240 77 -2896.0 
170496 78 -2897.0 
170752 78 -2898.0 
171008 78 -2897.0 
171264 78 -2902.0 
171520 78 -2903.0 
171776 78 -2906.0 
172032 78 -2908.0 
172288 78 -2906.0 
172544 78 -2906.0 
172800 78 -2908.0 
173056 78 -2907.0 
173312 78 -2909.0 
173568 78 -2912.0 
173824 79 -2915.0 
174080 79 -2915.0 
174336 79 -2916.0 
174592 79 -2914.0 
174848 79 -2915.0 
175104 79 -2914.0 
175360 79 -2913.0 
175616 79 -2913.0 
175872 79 -2914.0 
176128 79 -2916.0 
176384 79 -2914.0 
176640 79 -2917.0 
176896 79 -2919.0 
177152 79 -2919.0 
177408 79 -2923.0 
177664 80 -2929.0 
177920 80 -2937.0 
178176 80 -2946.0 
178432 80 -2949.0 
178688 80 -2948.0 
178944 80 -2946.0 
179200 80 -2946.0 
179456 80 -2945.0 
179712 80 -2947.0 
179968 81 -2948.0 
180224 81 -2951.0 
180480 81 -2954.0 
180736 81 -2952.0 
180992 81 -2951.0 
181248 81 -2953.0 
181504 81 -2954.0 
181760 81 -2957.0 
182016 81 -2962.0 
182272 81 -2964.0 
182528 81 -2965.0 
182784 81 -2963.0 
183040 81 -2964.0 
183296 81 -2964.0 
183552 81 -2963.0 
183808 81 -2964.0 
184064 81 -2963.0 
184320 82 -2963.0 
184576 82 -2966.0 
184832 82 -2966.0 
185088 82 -2965.0 
185344 82 -2965.0 
185600 82 -2966.0 
185856 82 -2964.0 
186112 82 -2963.0 
186368 82 -2962.0 
186624 82 -2964.0 
186880 82 -2964.0 
187136 82 -2963.0 
187392 82 -2962.0 
187648 82 -2960.0 
187904 82 -2955.0 
188160 82 -2954.0 
188416 82 -2951.0 
188672 82 -2953.0 
188928 82 -2956.0 
189184 82 -2956.0 
189440 83 -2960.0 
189696 83 -2963.0 
189952 83 -2970.0 
190208 83 -2977.0 
190464 83 -2987.0 
190720 83 -2992.0 
190976 83 -2993.0 
191232 83 -2995.0 
191488 83 -2996.0 
191744 83 -2999.0 
192000 84 -3000.0 
192256 84 -3000.0 
192512 84 -2998.0 
192768 84 -2999.0 
193024 84 -2996.0 
193280 84 -2998.0 
193536 84 -2997.0 
193792 84 -2996.0 
194048 84 -2994.0 
194304 84 -2993.0 
194560 84 -2991.0 
194816 84 -2990.0 
195072 84 -2989.0 
195328 84 -2985.0 
195584 84 -2984.0 
195840 84 -2984.0 
196096 84 -2983.0 
196352 84 -2981.0 
196608 84 -2981.0 
196864 84 -2981.0 
197120 84 -2980.0 
197376 84 -2979.0 
197632 84 -2977.0 
197888 84 -2976.0 
198144 85 -2975.0 
198400 85 -2973.0 
198656 85 -2971.0 
198912 85 -2971.0 
199168 85 -2972.0 
199424 85 -2973.0 
199680 85 -2973.0 
199936 85 -2971.0 
200192 85 -2970.0 
200448 85 -2971.0 
200704 85 -2969.0 
200960 85 -2969.0 
201216 85 -2966.0 
201472 85 -2965.0 
201728 85 -2963.0 
201984 85 -2961.0 
202240 85 -2959.0 
202496 85 -2960.0 
202752 85 -2959.0 
203008 85 -2958.0 
203264 85 -2957.0 
203520 85 -2956.0 
203776 86 -2957.0 
204032 86 -2958.0 
204288 86 -2959.0 
204544 86 -2959.0 
204800 86 -2959.0 
205056 86 -2962.0 
205312 86 -2963.0 
205568 86 -2965.0 
205824 86 -2965.0 
206080 86 -2964.0 
206336 86 -2960.0 
206592 86 -2960.0 
206848 86 -2956.0 
207104 86 -2954.0 
207360 86 -2953.0 
207616 86 -2953.0 
207872 86 -2949.0 
208128 86 -2949.0 
208384 86 -2950.0 
208640 86 -2949.0 
208896 86 -2949.0 
209152 86 -2949.0 
209408 86 -2953.0 
209664 87 -2951.0 
209920 87 -2948.0 
210176 87 -2944.0 
210432 87 -2942.0 
210688 87 -2941.0 
210944 87 -2940.0 
211200 87 -2939.0 
211456 87 -2939.0 
211712 87 -2939.0 
211968 87 -2940.0 
212224 87 -2936.0 
212480 87 -2933.0 
212736 87 -2933.0 
212992 87 -2931.0 
213248 87 -2933.0 
213504 87 -2931.0 
213760 87 -2933.0 
214016 87 -2931.0 
214272 87 -2931.0 
214528 87 -2931.0 
214784 87 -2931.0 
215040 87 -2933.0 
215296 87 -2933.0 
215552 87 -2932.0 
215808 87 -2930.0 
216064 87 -2929.0 
216320 87 -2928.0 
216576 88 -2927.0 
216832 88 -2925.0 
217088 88 -2920.0 
217344 88 -2920.0 
217600 88 -2920.0 
217856 88 -2920.0 
218112 88 -2919.0 
218368 88 -2916.0 
218624 88 -2916.0 
218880 88 -2916.0 
219136 88 -2914.0 
219392 88 -2912.0 
219648 88 -2911.0 
219904 88 -2910.0 
220160 88 -2911.0 
220416 88 -2910.0 
220672 88 -2911.0 
220928 88 -2911.0 
221184 88 -2912.0 
221440 88 -2913.0 
221696 88 -2910.0 
221952 88 -2908.0 
222208 88 -2909.0 
222464 88 -2911.0 
222720 88 -2912.0 
222976 89 -2905.0 
223232 89 -2904.0 
223488 89 -2903.0 
223744 89 -2902.0 
224000 89 -2901.0 
224256 89 -2900.0 
224512 89 -2897.0 
224768 89 -2899.0 
225024 89 -2900.0 
225280 89 -2898.0 
225536 89 -2900.0 
225792 89 -2900.0 
226048 89 -2901.0 
226304 89 -2902.0 
226560 89 -2905.0 
226816 89 -2904.0 
227072 89 -2902.0 
227328 89 -2902.0 
227584 89 -2900.0 
227840 89 -2900.0 
228096 89 -2902.0 
228352 89 -2903.0 
228608 89 -2898.0 
228864 90 -2899.0 
229120 90 -2899.0 
229376 90 -2901.0 
229632 90 -2901.0 
229888 90 -2903.0 
230144 90 -2902.0 
230400 90 -2901.0 
230656 90 -2899.0 
230912 90 -2900.0 
231168 90 -2900.0 
231424 90 -2899.0 
231680 90 -2899.0 
231936 90 -2896.0 
232192 90 -2898.0 
232448 90 -2899.0 
232704 91 -2899.0 
232960 91 -2902.0 
233216 91 -2900.0 
233472 91 -2900.0 
233728 91 -2899.0 
233984 91 -2902.0 
234240 91 -2901.0 
234496 91 -2901.0 
234752 91 -2904.0 
235008 91 -2905.0 
235264 91 -2907.0 
235520 91 -2902.0 
235776 91 -2899.0 
236032 91 -2899.0 
236288 91 -2898.0 
236544 91 -2899.0 
236800 91 -2900.0 
237056 91 -2902.0 
237312 91 -2903.0 
237568 92 -2904.0 
237824 92 -2905.0 
238080 92 -2903.0 
238336 92 -2904.0 
238592 92 -2903.0 
238848 92 -2904.0 
239104 92 -2904.0 
239360 92 -2903.0 
239616 92 -2903.0 
239872 92 -2902.0 
240128 92 -2902.0 
240384 92 -2905.0 
240640 92 -2907.0 
240896 92 -2908.0 
241152 92 -2910.0 
241408 92 -2909.0 
241664 92 -2909.0 
241920 92 -2910.0 
242176 92 -2910.0 
242432 92 -2909.0 
242688 92 -2907.0 
242944 92 -2908.0 
243200 92 -2907.0 
243456 92 -2908.0 
243712 93 -2905.0 
243968 93 -2905.0 
244224 93 -2904.0 
244480 93 -2906.0 
244736 93 -2908.0 
244992 93 -2910.0 
245248 93 -2911.0 
245504 93 -2914.0 
245760 93 -2915.0 
246016 93 -2918.0 
246272 93 -2919.0 
246528 93 -2916.0 
246784 93 -2914.0 
247040 93 -2912.0 
247296 93 -2909.0 
247552 93 -2912.0 
247808 93 -2907.0 
248064 93 -2907.0 
248320 93 -2904.0 
248576 93 -2902.0 
248832 93 -2899.0 
249088 94 -2897.0 
249344 94 -2899.0 
249600 94 -2901.0 
249856 94 -2902.0 
250112 94 -2903.0 
250368 94 -2901.0 
250624 94 -2901.0 
250880 94 -2898.0 
251136 94 -2899.0 
251392 94 -2902.0 
251648 94 -2900.0 
251904 94 -2898.0 
252160 94 -2898.0 
252416 94 -2899.0 
252672 94 -2897.0 
252928 94 -2896.0 
253184 94 -2897.0 
253440 94 -2895.0 
253696 94 -2894.0 
253952 94 -2893.0 
254208 94 -2894.0 
254464 94 -2895.0 
254720 94 -2891.0 
254976 94 -2890.0 
255232 94 -2890.0 
255488 94 -2891.0 
255744 94 -2892.0 
256000 94 -2893.0 
256256 94 -2895.0 
256512 94 -2894.0 
256768 94 -2891.0 
257024 94 -2890.0 
257280 95 -2892.0 
257536 95 -2890.0 
257792 95 -2889.0 
258048 95 -2885.0 
258304 95 -2883.0 
258560 95 -2880.0 
258816 95 -2879.0 
259072 95 -2881.0 
259328 95 -2883.0 
259584 95 -2880.0 
259840 95 -2880.0 
260096 95 -2879.0 
260352 95 -2878.0 
260608 95 -2878.0 
260864 95 -2877.0 
261120 95 -2874.0 
261376 95 -2874.0 
261632 95 -2874.0 
261888 95 -2874.0 
262144 95 -2874.0 
262400 95 -2872.0 
262656 95 -2871.0 
262912 95 -2872.0 
263168 95 -2872.0 
263424 95 -2872.0 
263680 95 -2871.0 
263936 96 -2869.0 
264192 96 -2867.0 
264448 96 -2866.0 
264704 96 -2866.0 
264960 96 -2863.0 
265216 96 -2865.0 
265472 96 -2868.0 
265728 96 -2867.0 
265984 96 -2866.0 
266240 96 -2866.0 
266496 96 -2864.0 
266752 96 -2863.0 
267008 96 -2863.0 
267264 96 -2862.0 
267520 96 -2861.0 
267776 96 -2861.0 
268032 96 -2861.0 
268288 96 -2860.0 
268544 96 -2860.0 
268800 96 -2859.0 
269056 96 -2855.0 
269312 96 -2857.0 
269568 96 -2857.0 
269824 96 -2860.0 
270080 96 -2857.0 
270336 96 -2857.0 
270592 96 -2856.0 
270848 96 -2856.0 
271104 96 -2854.0 
271360 96 -2852.0 
271616 96 -2852.0 
271872 97 -2850.0 
272128 97 -2847.0 
272384 97 -2845.0 
272640 97 -2845.0 
272896 97 -2844.0 
273152 97 -2845.0 
273408 97 -2843.0 
273664 97 -2842.0 
273920 97 -2842.0 
274176 97 -2840.0 
274432 97 -2840.0 
274688 97 -2841.0 
274944 97 -2840.0 
275200 97 -2835.0 
275456 97 -2834.0 
275712 97 -2835.0 
275968 97 -2836.0 
276224 97 -2838.0 
276480 98 -2838.0 
276736 98 -2838.0 
276992 98 -2835.0 
277248 98 -2838.0 
277504 98 -2836.0 
277760 98 -2833.0 
278016 98 -2835.0 
278272 98 -2834.0 
278528 98 -2837.0 
278784 98 -2838.0 
279040 98 -2839.0 
279296 98 -2837.0 
279552 98 -2837.0 
279808 98 -2837.0 
280064 98 -2836.0 
280320 98 -2837.0 
280576 98 -2837.0 
280832 98 -2838.0 
281088 98 -2838.0 
281344 98 -2838.0 
281600 98 -2838.0 
281856 98 -2835.0 
282112 99 -2830.0 
282368 99 -2827.0 
282624 99 -2828.0 
282880 99 -2826.0 
283136 99 -2825.0 
283392 99 -2827.0 
283648 99 -2826.0 
283904 99 -2825.0 
284160 99 -2825.0 
284416 99 -2823.0 
284672 99 -2822.0 
284928 99 -2820.0 
285184 99 -2820.0 
285440 99 -2822.0 
285696 99 -2821.0 
285952 99 -2820.0 
286208 99 -2819.0 
286464 99 -2814.0 
286720 99 -2814.0 
286976 99 -2815.0 
287232 99 -2812.0 
287488 99 -2814.0 
287744 99 -2811.0 
288000 99 -2810.0 
288256 100 -2810.0 
288512 100 -2808.0 
288768 100 -2807.0 
289024 100 -2807.0 
289280 100 -2805.0 
289536 100 -2806.0 
289792 100 -2804.0 
290048 100 -2805.0 
290304 100 -2806.0 
290560 100 -2806.0 
290816 100 -2805.0 
291072 100 -2801.0 
291328 100 -2799.0 
291584 100 -2802.0 
291840 100 -2802.0 
292096 100 -2802.0 
292352 100 -2799.0 
292608 100 -2797.0 
292864 100 -2798.0 
293120 100 -2796.0 
293376 100 -2799.0 
293632 100 -2800.0 
293888 100 -2804.0 
294144 101 -2804.0 
294400 101 -2806.0 
294656 101 -2807.0 
294912 101 -2809.0 
295168 101 -2809.0 
295424 101 -2809.0 
295680 101 -2807.0 
295936 101 -2809.0 
296192 101 -2809.0 
296448 101 -2808.0 
296704 101 -2808.0 
296960 101 -2807.0 
297216 101 -2810.0 
297472 101 -2810.0 
297728 101 -2810.0 
297984 101 -2808.0 
298240 101 -2807.0 
298496 101 -2811.0 
298752 101 -2810.0 
299008 101 -2808.0 
299264 101 -2806.0 
299520 101 -2807.0 
299776 101 -2805.0 
300032 101 -2806.0 
300288 101 -2804.0 
300544 101 -2804.0 
300800 102 -2804.0 
301056 102 -2802.0 
301312 102 -2802.0 
301568 102 -2797.0 
301824 102 -2793.0 
302080 102 -2790.0 
302336 102 -2790.0 
302592 102 -2790.0 
302848 102 -2789.0 
303104 102 -2790.0 
303360 102 -2792.0 
303616 102 -2794.0 
303872 102 -2797.0 
304128 102 -2798.0 
304384 102 -2799.0 
304640 102 -2798.0 
304896 102 -2796.0 
305152 102 -2795.0 
305408 102 -2794.0 
305664 102 -2794.0 
305920 102 -2793.0 
306176 102 -2794.0 
306432 102 -2793.0 
306688 102 -2793.0 
306944 102 -2790.0 
307200 102 -2789.0 
307456 102 -2787.0 
307712 103 -2785.0 
307968 103 -2785.0 
308224 103 -2786.0 
308480 103 -2785.0 
308736 103 -2784.0 
308992 103 -2785.0 
309248 103 -2784.0 
309504 103 -2783.0 
309760 103 -2781.0 
310016 103 -2782.0 
310272 103 -2780.0 
310528 103 -2779.0 
310784 103 -2778.0 
311040 103 -2779.0 
311296 103 -2780.0 
311552 103 -2780.0 
311808 103 -2778.0 
312064 103 -2779.0 
312320 103 -2779.0 
312576 103 -2777.0 
312832 103 -2777.0 
313088 103 -2774.0 
313344 103 -2774.0 
313600 103 -2772.0 
313856 104 -2769.0 
314112 104 -2769.0 
314368 104 -2768.0 
314624 104 -2767.0 
314880 104 -2768.0 
315136 104 -2768.0 
315392 104 -2769.0 
315648 104 -2766.0 
315904 104 -2763.0 
316160 104 -2761.0 
316416 104 -2760.0 
316672 104 -2760.0 
316928 104 -2759.0 
317184 104 -2760.0 
317440 104 -2757.0 
317696 104 -2756.0 
317952 104 -2755.0 
318208 104 -2753.0 
318464 104 -2752.0 
318720 104 -2752.0 
318976 104 -2751.0 
319232 104 -2751.0 
319488 104 -2750.0 
319744 104 -2750.0 
320000 104 -2751.0 
320256 104 -2748.0 
320512 104 -2747.0 
320768 104 -2745.0 
321024 105 -2743.0 
321280 105 -2744.0 
321536 105 -2744.0 
321792 105 -2745.0 
322048 105 -2752.0 
322304 105 -2760.0 
322560 105 -2771.0 
322816 105 -2779.0 
323072 106 -2787.0 
323328 106 -2797.0 
323584 106 -2804.0 
323840 106 -2812.0 
324096 106 -2816.0 
324352 106 -2819.0 
324608 106 -2823.0 
324864 106 -2826.0 
325120 106 -2826.0 
325376 106 -2823.0 
325632 107 -2821.0 
325888 107 -2819.0 
326144 107 -2819.0 
326400 107 -2817.0 
326656 107 -2816.0 
326912 107 -2815.0 
327168 107 -2815.0 
327424 107 -2813.0 
327680 107 -2812.0 
327936 107 -2812.0 
328192 107 -2809.0 
328448 107 -2808.0 
328704 107 -2807.0 
328960 107 -2805.0 
329216 107 -2805.0 
329472 107 -2807.0 
329728 107 -2806.0 
329984 107 -2806.0 
330240 107 -2803.0 
330496 107 -2802.0 
330752 107 -2803.0 
331008 107 -2800.0 
331264 107 -2798.0 
331520 107 -2797.0 
331776 107 -2795.0 
332032 107 -2794.0 
332288 107 -2791.0 
332544 107 -2791.0 
332800 107 -2789.0 
333056 107 -2788.0 
333312 108 -2786.0 
333568 108 -2785.0 
333824 108 -2783.0 
334080 108 -2782.0 
334336 108 -2780.0 
334592 108 -2780.0 
334848 108 -2777.0 
335104 108 -2777.0 
335360 108 -2778.0 
335616 108 -2778.0 
335872 108 -2776.0 
336128 108 -2774.0 
336384 108 -2772.0 
336640 108 -2767.0 
336896 108 -2765.0 
337152 108 -2764.0 
337408 108 -2762.0 
337664 108 -2763.0 
337920 108 -2760.0 
338176 108 -2758.0 
338432 108 -2758.0 
338688 108 -2757.0 
338944 108 -2756.0 
339200 108 -2757.0 
339456 108 -2754.0 
339712 108 -2753.0 
339968 109 -2750.0 
340224 109 -2748.0 
340480 109 -2745.0 
340736 109 -2743.0 
340992 109 -2743.0 
341248 109 -2742.0 
341504 109 -2742.0 
341760 109 -2743.0 
342016 109 -2743.0 
342272 109 -2742.0 
342528 109 -2742.0 
342784 109 -2741.0 
343040 109 -2741.0 
343296 109 -2738.0 
343552 109 -2738.0 
343808 109 -2739.0 
344064 109 -2740.0 
344320 109 -2740.0 
344576 109 -2738.0 
344832 109 -2739.0 
345088 109 -2737.0 
345344 109 -2734.0 
345600 109 -2734.0 
345856 109 -2734.0 
346112 109 -2735.0 
346368 109 -2733.0 
346624 109 -2732.0 
346880 109 -2732.0 
347136 110 -2735.0 
347392 110 -2732.0 
347648 110 -2730.0 
347904 110 -2728.0 
348160 110 -2728.0 
348416 110 -2727.0 
348672 110 -2727.0 
348928 110 -2726.0 
349184 110 -2723.0 
349440 110 -2722.0 
349696 110 -2724.0 
349952 110 -2722.0 
350208 110 -2722.0 
350464 110 -2723.0 
350720 110 -2720.0 
350976 110 -2721.0 
351232 110 -2721.0 
351488 110 -2719.0 
351744 110 -2716.0 
352000 110 -2720.0 
352256 110 -2718.0 
352512 110 -2717.0 
352768 110 -2719.0 
353024 110 -2721.0 
353280 111 -2720.0 
353536 111 -2717.0 
353792 111 -2717.0 
354048 111 -2717.0 
354304 111 -2717.0 
354560 111 -2716.0 
354816 111 -2714.0 
355072 111 -2713.0 
355328 111 -2714.0 
355584 111 -2714.0 
355840 111 -2714.0 
356096 111 -2716.0 
356352 111 -2715.0 
356608 111 -2713.0 
356864 111 -2712.0 
357120 111 -2712.0 
357376 111 -2710.0 
357632 111 -2708.0 
357888 111 -2706.0 
358144 111 -2704.0 
358400 111 -2702.0 
358656 111 -2700.0 
358912 111 -2701.0 
359168 111 -2700.0 
359424 111 -2700.0 
359680 111 -2699.0 
359936 111 -2699.0 
360192 111 -2696.0 
360448 111 -2698.0 
360704 111 -2697.0 
360960 111 -2695.0 
361216 111 -2694.0 
361472 111 -2694.0 
361728 112 -2692.0 
361984 112 -2690.0 
362240 112 -2689.0 
362496 112 -2688.0 
362752 112 -2687.0 
363008 112 -2684.0 
363264 112 -2684.0 
363520 112 -2685.0 
363776 112 -2684.0 
364032 112 -2684.0 
364288 112 -2685.0 
364544 112 -2685.0 
364800 112 -2684.0 
365056 112 -2685.0 
365312 112 -2684.0 
365568 112 -2679.0 
365824 112 -2678.0 
366080 112 -2680.0 
366336 112 -2680.0 
366592 112 -2678.0 
366848 112 -2675.0 
367104 112 -2676.0 
367360 112 -2678.0 
367616 113 -2675.0 
367872 113 -2674.0 
368128 113 -2677.0 
368384 113 -2676.0 
368640 113 -2677.0 
368896 113 -2679.0 
369152 113 -2680.0 
369408 113 -2680.0 
369664 113 -2680.0 
369920 113 -2679.0 
370176 113 -2679.0 
370432 113 -2675.0 
370688 113 -2674.0 
370944 113 -2671.0 
371200 113 -2670.0 
371456 113 -2672.0 
371712 113 -2672.0 
371968 113 -2670.0 
372224 113 -2668.0 
372480 113 -2669.0 
372736 113 -2669.0 
372992 114 -2666.0 
373248 114 -2666.0 
373504 114 -2666.0 
373760 114 -2666.0 
374016 114 -2670.0 
374272 114 -2671.0 
374528 114 -2671.0 
374784 114 -2672.0 
375040 114 -2673.0 
375296 114 -2675.0 
375552 114 -2674.0 
375808 114 -2673.0 
376064 114 -2674.0 
376320 114 -2673.0 
376576 114 -2673.0 
376832 114 -2673.0 
377088 114 -2671.0 
377344 114 -2668.0 
377600 114 -2668.0 
377856 114 -2667.0 
378112 114 -2667.0 
378368 114 -2666.0 
378624 114 -2664.0 
378880 114 -2664.0 
379136 114 -2662.0 
379392 114 -2661.0 
379648 114 -2660.0 
379904 114 -2660.0 
380160 114 -2659.0 
380416 114 -2660.0 
380672 114 -2658.0 
380928 114 -2657.0 
381184 115 -2660.0 
381440 115 -2658.0 
381696 115 -2660.0 
381952 115 -2661.0 
382208 115 -2664.0 
382464 115 -2663.0 
382720 115 -2663.0 
382976 115 -2663.0 
383232 115 -2661.0 
383488 115 -2660.0 
383744 115 -2661.0 
384000 115 -2660.0 
384256 115 -2661.0 
384512 115 -2662.0 
384768 115 -2661.0 
385024 115 -2659.0 
385280 115 -2658.0 
385536 115 -2658.0 
385792 115 -2656.0 
386048 115 -2653.0 
386304 116 -2650.0 
386560 116 -2649.0 
386816 116 -2647.0 
387072 116 -2647.0 
387328 116 -2643.0 
387584 116 -2638.0 
387840 116 -2636.0 
388096 116 -2635.0 
388352 116 -2635.0 
388608 116 -2633.0 
388864 116 -2634.0 
389120 116 -2631.0 
389376 116 -2631.0 
389632 116 -2629.0 
389888 116 -2631.0 
390144 116 -2629.0 
390400 116 -2626.0 
390656 116 -2626.0 
390912 116 -2625.0 
391168 116 -2621.0 
391424 116 -2621.0 
391680 116 -2621.0 
391936 116 -2621.0 
392192 116 -2620.0 
392448 116 -2620.0 
392704 117 -2620.0 
392960 117 -2620.0 
393216 117 -2619.0 
393472 117 -2618.0 
393728 117 -2617.0 
393984 117 -2616.0 
394240 117 -2614.0 
394496 117 -2615.0 
394752 117 -2615.0 
395008 117 -2614.0 
395264 117 -2611.0 
395520 117 -2610.0 
395776 117 -2609.0 
396032 117 -2609.0 
396288 117 -2608.0 
396544 117 -2607.0 
396800 117 -2608.0 
397056 117 -2607.0 
397312 117 -2606.0 
397568 117 -2605.0 
397824 117 -2604.0 
398080 117 -2601.0 
398336 117 -2598.0 
398592 117 -2598.0 
398848 117 -2596.0 
399104 117 -2596.0 
399360 117 -2598.0 
399616 117 -2599.0 
399872 117 -2597.0 
400128 117 -2596.0 
400384 117 -2596.0 
400640 118 -2593.0 
400896 118 -2592.0 
401152 118 -2592.0 
401408 118 -2591.0 
401664 118 -2590.0 
401920 118 -2589.0 
402176 118 -2588.0 
402432 118 -2586.0 
402688 118 -2584.0 
402944 118 -2583.0 
403200 118 -2582.0 
403456 118 -2581.0 
403712 118 -2581.0 
403968 118 -2581.0 
404224 118 -2583.0 
404480 118 -2581.0 
404736 118 -2579.0 
404992 118 -2578.0 
405248 118 -2576.0 
405504 118 -2575.0 
405760 118 -2574.0 
406016 118 -2572.0 
406272 118 -2571.0 
406528 118 -2569.0 
406784 118 -2569.0 
407040 118 -2569.0 
407296 118 -2564.0 
407552 118 -2563.0 
407808 118 -2560.0 
408064 118 -2559.0 
408320 119 -2555.0 
408576 119 -2551.0 
408832 119 -2549.0 
409088 119 -2548.0 
409344 119 -2545.0 
409600 119 -2542.0 
409856 119 -2542.0 
410112 119 -2543.0 
410368 119 -2542.0 
410624 119 -2541.0 
410880 119 -2538.0 
411136 119 -2538.0 
411392 119 -2538.0 
411648 119 -2539.0 
411904 119 -2536.0 
412160 119 -2535.0 
412416 119 -2534.0 
412672 119 -2533.0 
412928 119 -2532.0 
413184 119 -2531.0 
413440 119 -2530.0 
413696 119 -2530.0 
413952 119 -2529.0 
414208 119 -2529.0 
414464 119 -2527.0 
414720 119 -2526.0 
414976 119 -2525.0 
415232 120 -2522.0 
415488 120 -2521.0 
415744 120 -2521.0 
416000 120 -2519.0 
416256 120 -2517.0 
416512 120 -2512.0 
416768 120 -2509.0 
417024 120 -2509.0 
417280 120 -2507.0 
417536 120 -2504.0 
417792 120 -2503.0 
418048 120 -2503.0 
418304 120 -2502.0 
418560 120 -2501.0 
418816 120 -2501.0 
419072 120 -2499.0 
419328 120 -2499.0 
419584 120 -2495.0 
419840 120 -2494.0 
420096 120 -2494.0 
420352 120 -2494.0 
420608 120 -2494.0 
420864 120 -2492.0 
421120 120 -2488.0 
421376 120 -2487.0 
421632 120 -2486.0 
421888 120 -2485.0 
422144 120 -2485.0 
422400 120 -2485.0 
422656 120 -2484.0 
422912 120 -2483.0 
423168 120 -2482.0 
423424 120 -2481.0 
423680 120 -2480.0 
423936 120 -2480.0 
424192 120 -2479.0 
424448 120 -2478.0 
424704 120 -2477.0 
424960 120 -2476.0 
425216 121 -2475.0 
425472 121 -2474.0 
425728 121 -2474.0 
425984 121 -2471.0 
426240 121 -2471.0 
426496 121 -2470.0 
426752 121 -2471.0 
427008 121 -2470.0 
427264 121 -2470.0 
427520 121 -2468.0 
427776 121 -2470.0 
428032 121 -2469.0 
428288 121 -2467.0 
428544 121 -2466.0 
428800 121 -2465.0 
429056 121 -2463.0 
429312 121 -2460.0 
429568 121 -2460.0 
429824 121 -2457.0 
430080 121 -2458.0 
430336 121 -2457.0 
430592 121 -2457.0 
430848 121 -2457.0 
431104 121 -2456.0 
431360 121 -2456.0 
431616 121 -2456.0 
431872 121 -2454.0 
432128 121 -2454.0 
432384 121 -2451.0 
432640 121 -2452.0 
432896 121 -2451.0 
433152 121 -2448.0 
433408 121 -2446.0 
433664 121 -2447.0 
433920 121 -2447.0 
434176 121 -2445.0 
434432 122 -2444.0 
434688 122 -2442.0 
434944 122 -2442.0 
435200 122 -2441.0 
435456 122 -2439.0 
435712 122 -2438.0 
435968 122 -2436.0 
436224 122 -2435.0 
436480 122 -2436.0 
436736 122 -2435.0 
436992 122 -2434.0 
437248 122 -2434.0 
437504 122 -2433.0 
437760 122 -2433.0 
438016 122 -2430.0 
438272 122 -2428.0 
438528 122 -2429.0 
438784 122 -2427.0 
439040 122 -2427.0 
439296 122 -2427.0 
439552 122 -2427.0 
439808 122 -2420.0 
440064 122 -2417.0 
440320 122 -2415.0 
440576 122 -2415.0 
440832 122 -2413.0 
441088 122 -2412.0 
441344 122 -2410.0 
441600 122 -2409.0 
441856 122 -2408.0 
